#
# A fatal error has been detected by the Java Runtime Environment:
#
#  EXCEPTION_ACCESS_VIOLATION (0xc0000005) at pc=0x00007ffe68ed1136, pid=23960, tid=4748
#
# JRE version: OpenJDK Runtime Environment Temurin-17.0.11+9 (17.0.11+9) (build 17.0.11+9)
# Java VM: OpenJDK 64-Bit Server VM Temurin-17.0.11+9 (17.0.11+9, mixed mode, sharing, tiered, compressed oops, compressed class ptrs, g1 gc, windows-amd64)
# Problematic frame:
# C  0x00007ffe68ed1136
#
# No core dump will be written. Minidumps are not enabled by default on client versions of Windows
#
# If you would like to submit a bug report, please visit:
#   https://github.com/adoptium/adoptium-support/issues
#

---------------  S U M M A R Y ------------

Command Line: -Dfile.encoding=UTF8 -ea -Xmx1024m 

Host: 13th Gen Intel(R) Core(TM) i7-13700H, 20 cores, 31G,  Windows 10 , 64 bit Build 19041 (10.0.19041.4717)
Time: Mon Sep 23 16:11:25 2024 대한민국 표준시 elapsed time: 183.517668 seconds (0d 0h 3m 3s)

---------------  T H R E A D  ---------------

Current thread (0x000002e3ae934560):  VMThread "VM Thread" [stack: 0x000000fdf81e0000,0x000000fdf83d0000] [id=4748]

Stack: [0x000000fdf81e0000,0x000000fdf83d0000],  sp=0x000000fdf83ce6d0,  free space=1977k
Native frames: (J=compiled Java code, j=interpreted, Vv=VM code, C=native code)
C  0x00007ffe68ed1136
C  0x00007ffe6969e8c7
C  0x00007ffe69691b83
C  0x00007ffe69014cc6
C  0x00007ffe69859b5a
C  [ucrtbase.dll+0x142d6]
C  [ucrtbase.dll+0x141fb]
C  [ucrtbase.dll+0x141b4]
C  0x00007ffe698112a9
C  0x00007ffe698113ce
C  [ntdll.dll+0x19a1d]
C  [ntdll.dll+0x5f1da]
C  [ntdll.dll+0x5ef8d]
C  [KERNEL32.DLL+0x1e3eb]
C  [ucrtbase.dll+0x205bc]
C  [ucrtbase.dll+0x2045f]
C  0x00007ffe622f6eca
C  0x00007ffe624bb19b
C  0x00007ffe624bbed2
C  0x00007ffe624bc3ed
C  0x00007ffe624bc7c4
C  0x00007ffe624bc890
C  0x00007ffe6246410a
C  0x00007ffe622fc315
C  [ucrtbase.dll+0x21bb2]
C  [KERNEL32.DLL+0x17374]
C  [ntdll.dll+0x4cc91]


siginfo: EXCEPTION_ACCESS_VIOLATION (0xc0000005), reading address 0x0000000000000058


Registers:
RAX=0x000002e3ae55dbf0, RBX=0x000000fdf83ce920, RCX=0x00007ffe69c064e0, RDX=0x000000fdf83ce750
RSP=0x000000fdf83ce6d0, RBP=0x00007ffe69c063f0, RSI=0x000000fdf83ce920, RDI=0x000000fdf83ce750
R8 =0x000000fdf83ce920, R9 =0xcbf29ce484222325, R10=0x0000000000000015, R11=0x000000fdf83ce788
R12=0x00007ffe6981141c, R13=0x00007ffe6283df20, R14=0x0000000000000050, R15=0x0000000000000000
RIP=0x00007ffe68ed1136, EFLAGS=0x0000000000010206


Register to memory mapping:

RIP=0x00007ffe68ed1136 points into unknown readable memory: 49 8b
RAX=0x000002e3ae55dbf0 points into unknown readable memory: 0x000002e3afd5c6e0 | e0 c6 d5 af e3 02 00 00
RBX=0x000000fdf83ce920 points into unknown readable memory: 0x5f676f6c5f796100 | 00 61 79 5f 6c 6f 67 5f
RCX=0x00007ffe69c064e0 points into unknown readable memory: 0x000000003f800000 | 00 00 80 3f 00 00 00 00
RDX=0x000000fdf83ce750 points into unknown readable memory: 0x000000fdf83ce860 | 60 e8 3c f8 fd 00 00 00
RSP=0x000000fdf83ce6d0 points into unknown readable memory: 0x0000000000000005 | 05 00 00 00 00 00 00 00
RBP=0x00007ffe69c063f0 points into unknown readable memory: 0x0000000000000002 | 02 00 00 00 00 00 00 00
RSI=0x000000fdf83ce920 points into unknown readable memory: 0x5f676f6c5f796100 | 00 61 79 5f 6c 6f 67 5f
RDI=0x000000fdf83ce750 points into unknown readable memory: 0x000000fdf83ce860 | 60 e8 3c f8 fd 00 00 00
R8 =0x000000fdf83ce920 points into unknown readable memory: 0x5f676f6c5f796100 | 00 61 79 5f 6c 6f 67 5f
R9 =0xcbf29ce484222325 is an unknown value
R10=0x0000000000000015 is an unknown value
R11=0x000000fdf83ce788 points into unknown readable memory: 0x000000fdf83ce870 | 70 e8 3c f8 fd 00 00 00
R12=0x00007ffe6981141c points into unknown readable memory: 48 89 5c 24
R13=0x00007ffe6283df20 points into unknown readable memory: 0x00007ffe62839e70 | 70 9e 83 62 fe 7f 00 00
R14=0x0000000000000050 is an unknown value
R15=0x0 is NULL


Top of Stack: (sp=0x000000fdf83ce6d0)
0x000000fdf83ce6d0:   0000000000000005 00007ffefd7de431
0x000000fdf83ce6e0:   000002e3ae7cf6a0 00007ffefd7e0742
0x000000fdf83ce6f0:   0000000000000000 0000766383f0984c
0x000000fdf83ce700:   000000fdf83ce7b8 00007ffe6969e8c7
0x000000fdf83ce710:   0000000000000005 000000fdf83ce920
0x000000fdf83ce720:   000000fdf83ce920 000000fdf83ce7b8
0x000000fdf83ce730:   000002e3dd6f5e70 000000fd00000000
0x000000fdf83ce740:   000002e3ae7cf6a0 0000000000000000
0x000000fdf83ce750:   000000fdf83ce860 000000fdf83ce870
0x000000fdf83ce760:   000002e3ae9d24b0 00007ffe69691b83
0x000000fdf83ce770:   0000766383f0984c 000000fdf83ce9d0
0x000000fdf83ce780:   000000fdf83ce9d0 000000fdf83ce870
0x000000fdf83ce790:   0000000000000000 0000000000000005
0x000000fdf83ce7a0:   000000000000000f 0000000000000000
0x000000fdf83ce7b0:   0000000000000000 0000000000000000
0x000000fdf83ce7c0:   000000000000000f 00002dfed568a79f
0x000000fdf83ce7d0:   000002e3aea92000 0000000000005d98
0x000000fdf83ce7e0:   00007ffe6283df20 00007ffe6981141c
0x000000fdf83ce7f0:   000000fdf83ce940 000002e3aea92000
0x000000fdf83ce800:   000000fdf83ce930 00007ffefd7e0848
0x000000fdf83ce810:   000000fdf83cea70 00007ffe68fd5b01
0x000000fdf83ce820:   000002e3aea92000 00007fff25341910
0x000000fdf83ce830:   00007ffe6283df20 00007ffe6981141c
0x000000fdf83ce840:   000000fdf83ce9e8 00007fff2308055b
0x000000fdf83ce850:   0000000000000005 0000000000005d98
0x000000fdf83ce860:   00001680f417a498 000000fdf83ce930
0x000000fdf83ce870:   0000000000000000 00007fff1a096825
0x000000fdf83ce880:   0000000000000000 0000000000000000
0x000000fdf83ce890:   00007ffe6988c4d8 00007fff25341910
0x000000fdf83ce8a0:   000000fdf83ce9e8 00007fff1a0964b9
0x000000fdf83ce8b0:   0000000000000000 000000fdf83ce9e8
0x000000fdf83ce8c0:   000000fdf83ce9e8 000002e3dd6f5e70 

Instructions: (pc=0x00007ffe68ed1136)
0x00007ffe68ed1036:   8d 4f 24 49 3b d8 74 32 48 2b cb 0f 1f 40 00 66
0x00007ffe68ed1046:   66 66 0f 1f 84 00 00 00 00 00 0f 10 03 0f 11 04
0x00007ffe68ed1056:   19 0f 10 4b 10 0f 11 4c 19 10 8b 43 20 89 44 19
0x00007ffe68ed1066:   20 48 83 c3 24 49 3b d8 75 e0 4c 8b 07 4d 85 c0
0x00007ffe68ed1076:   74 52 48 8b 4f 10 49 2b c8 48 b8 39 8e e3 38 8e
0x00007ffe68ed1086:   e3 38 0e 48 f7 e9 48 d1 fa 48 8b c2 48 c1 e8 3f
0x00007ffe68ed1096:   48 03 d0 48 8d 14 d2 48 c1 e2 02 48 81 fa 00 10
0x00007ffe68ed10a6:   00 00 72 18 48 83 c2 27 49 8b 48 f8 4c 2b c1 49
0x00007ffe68ed10b6:   8d 40 f8 48 83 f8 1f 77 39 4c 8b c1 49 8b c8 e8
0x00007ffe68ed10c6:   32 f5 93 00 4c 89 37 4b 8d 0c e4 49 8d 14 8e 48
0x00007ffe68ed10d6:   89 57 08 48 8d 0c f6 49 8d 14 8e 48 89 57 10 49
0x00007ffe68ed10e6:   8b c7 48 83 c4 20 41 5f 41 5e 41 5d 41 5c 5f 5e
0x00007ffe68ed10f6:   5b c3 ff 15 42 8b 99 00 cc e8 1c 2c 01 00 cc cc
0x00007ffe68ed1106:   cc cc cc cc cc cc cc cc cc cc 48 89 5c 24 18 56
0x00007ffe68ed1116:   57 41 56 48 83 ec 20 4c 8b 71 30 49 8b f0 48 8b
0x00007ffe68ed1126:   41 08 4d 23 f1 49 c1 e6 04 48 8b fa 4c 03 71 18
0x00007ffe68ed1136:   49 8b 5e 08 48 3b d8 75 1c 48 89 02 48 8b c2 48
0x00007ffe68ed1146:   c7 42 08 00 00 00 00 48 8b 5c 24 50 48 83 c4 20
0x00007ffe68ed1156:   41 5e 5f 5e c3 4d 8b 36 48 89 6c 24 40 49 8b 68
0x00007ffe68ed1166:   10 4c 89 7c 24 48 4d 8b 78 18 48 83 7b 28 10 48
0x00007ffe68ed1176:   8d 53 10 48 8b 42 10 72 03 48 8b 12 48 8b ce 49
0x00007ffe68ed1186:   83 ff 10 72 03 48 8b 0e 48 3b e8 75 0c 4c 8b c5
0x00007ffe68ed1196:   e8 4f 0f 94 00 85 c0 74 0b 49 3b de 74 12 48 8b
0x00007ffe68ed11a6:   5b 08 eb c6 48 8b 03 48 89 07 48 89 5f 08 eb 0b
0x00007ffe68ed11b6:   48 89 1f 48 c7 47 08 00 00 00 00 48 8b 6c 24 40
0x00007ffe68ed11c6:   48 8b c7 4c 8b 7c 24 48 48 8b 5c 24 50 48 83 c4
0x00007ffe68ed11d6:   20 41 5e 5f 5e c3 cc cc cc cc 48 89 5c 24 10 56
0x00007ffe68ed11e6:   48 83 ec 20 48 8b 42 08 33 f6 48 89 30 48 8b 1a
0x00007ffe68ed11f6:   48 85 db 74 69 48 89 7c 24 30 48 8b 53 28 48 8b
0x00007ffe68ed1206:   3b 48 83 fa 10 72 2d 48 8b 4b 10 48 ff c2 48 81
0x00007ffe68ed1216:   fa 00 10 00 00 72 18 4c 8b 41 f8 48 83 c2 27 49
0x00007ffe68ed1226:   2b c8 48 8d 41 f8 48 83 f8 1f 77 3d 49 8b c8 e8 


Stack slot to memory mapping:
stack at sp + 0 slots: 0x0000000000000005 is an unknown value
stack at sp + 1 slots: 0x00007ffefd7de431 msvcp140.dll
stack at sp + 2 slots: 0x000002e3ae7cf6a0 points into unknown readable memory: 0x00007ffefd8281c0 | c0 81 82 fd fe 7f 00 00
stack at sp + 3 slots: 0x00007ffefd7e0742 msvcp140.dll
stack at sp + 4 slots: 0x0 is NULL
stack at sp + 5 slots: 0x0000766383f0984c is an unknown value
stack at sp + 6 slots: 0x000000fdf83ce7b8 points into unknown readable memory: 0x0000000000000000 | 00 00 00 00 00 00 00 00
stack at sp + 7 slots: 0x00007ffe6969e8c7 points into unknown readable memory: 48

VM_Operation (0x000000fdec5eed70): Exit, mode: safepoint, requested by thread 0x000002e3d20132d0


---------------  P R O C E S S  ---------------

Threads class SMR info:
_java_thread_list=0x000002e3d3923130, length=13, elements={
0x000002e3ae39d940, 0x000002e3ae399c80, 0x000002e3ae398d50, 0x000002e3ae3969e0,
0x000002e3ae39e360, 0x000002e3d2017ec0, 0x000002e3d20179b0, 0x000002e3ae1f78f0,
0x000002e3ae1f23f0, 0x000002e3d2016a80, 0x000002e3d20137e0, 0x000002e3d2019d20,
0x000002e3d20132d0
}

Java Threads: ( => current thread )
  0x000002e3ae39d940 JavaThread "main" [_thread_in_native, id=22584, stack(0x000000fdec010000,0x000000fdec200000)]
  0x000002e3ae399c80 JavaThread "Reference Handler" daemon [_thread_blocked, id=19340, stack(0x000000fdf83d0000,0x000000fdf85c0000)]
  0x000002e3ae398d50 JavaThread "Finalizer" daemon [_thread_blocked, id=24392, stack(0x000000fdf85c0000,0x000000fdf87b0000)]
  0x000002e3ae3969e0 JavaThread "Signal Dispatcher" daemon [_thread_blocked, id=23468, stack(0x000000fdf87b0000,0x000000fdf89a0000)]
  0x000002e3ae39e360 JavaThread "Attach Listener" daemon [_thread_blocked, id=24308, stack(0x000000fdf89a0000,0x000000fdf8b90000)]
  0x000002e3d2017ec0 JavaThread "Service Thread" daemon [_thread_blocked, id=17564, stack(0x000000fdf8b90000,0x000000fdf8d80000)]
  0x000002e3d20179b0 JavaThread "Monitor Deflation Thread" daemon [_thread_blocked, id=24060, stack(0x000000fdf8d80000,0x000000fdf8f70000)]
  0x000002e3ae1f78f0 JavaThread "C2 CompilerThread0" daemon [_thread_blocked, id=7972, stack(0x000000fdf8f70000,0x000000fdf9160000)]
  0x000002e3ae1f23f0 JavaThread "C1 CompilerThread0" daemon [_thread_blocked, id=22416, stack(0x000000fdf9160000,0x000000fdf9350000)]
  0x000002e3d2016a80 JavaThread "Sweeper thread" daemon [_thread_blocked, id=23836, stack(0x000000fdf9350000,0x000000fdf9540000)]
  0x000002e3d20137e0 JavaThread "Notification Thread" daemon [_thread_blocked, id=17504, stack(0x000000fdf9730000,0x000000fdf9920000)]
  0x000002e3d2019d20 JavaThread "Common-Cleaner" daemon [_thread_blocked, id=20544, stack(0x000000fdf9b10000,0x000000fdf9d00000)]
  0x000002e3d20132d0 JavaThread "SIGINT handler" daemon [_thread_blocked, id=24080, stack(0x000000fdec400000,0x000000fdec5f0000)]

Other Threads:
=>0x000002e3ae934560 VMThread "VM Thread" [stack: 0x000000fdf81e0000,0x000000fdf83d0000] [id=4748]
  0x000002e3ae900420 GCTaskThread "GC Thread#0" [stack: 0x000000fdf7830000,0x000000fdf7a20000] [id=23856]
  0x000002e3ae8fe320 GCTaskThread "GC Thread#1" [stack: 0x000000fdfa0e0000,0x000000fdfa2d0000] [id=14604]
  0x000002e3ae8feb60 GCTaskThread "GC Thread#2" [stack: 0x000000fdfa2d0000,0x000000fdfa4c0000] [id=22964]
  0x000002e3ae8ff0e0 GCTaskThread "GC Thread#3" [stack: 0x000000fdfa4c0000,0x000000fdfa6b0000] [id=20304]
  0x000002e3ae9011e0 GCTaskThread "GC Thread#4" [stack: 0x000000fdfa6b0000,0x000000fdfa8a0000] [id=22880]
  0x000002e3ae8ff660 GCTaskThread "GC Thread#5" [stack: 0x000000fdfa8a0000,0x000000fdfaa90000] [id=11332]
  0x000002e3ae65ebb0 ConcurrentGCThread "G1 Main Marker" terminated
  0x000002e3ae901760 ConcurrentGCThread "G1 Conc#0" [stack: 0x000000fdf7c10000,0x000000fdf7e00000] [id=6412]
  0x000002e3ae8865e0 ConcurrentGCThread "G1 Refine#0" terminated
  0x000002e3ae8bc040 ConcurrentGCThread "G1 Service" terminated

Threads with active compile tasks:

VM state: at safepoint (shutting down)

VM Mutex/Monitor currently owned by a thread:  ([mutex/lock_event])
[0x000002e3b0373f80] Threads_lock - owner thread: 0x000002e3ae934560
[0x000002e3b03750f0] Heap_lock - owner thread: 0x000002e3d20132d0

Heap address: 0x00000000c0000000, size: 1024 MB, Compressed Oops mode: 32-bit

CDS archive(s) mapped at: [0x000002e564000000-0x000002e564bb0000-0x000002e564bb0000), size 12255232, SharedBaseAddress: 0x000002e564000000, ArchiveRelocationMode: 1.
Compressed class space mapped at: 0x000002e565000000-0x000002e5a5000000, reserved size: 1073741824
Narrow klass base: 0x000002e564000000, Narrow klass shift: 0, Narrow klass range: 0x100000000

GC Precious Log:
 CPUs: 20 total, 20 available
 Memory: 32315M
 Large Page Support: Disabled
 NUMA Support: Disabled
 Compressed Oops: Enabled (32-bit)
 Heap Region Size: 1M
 Heap Min Capacity: 8M
 Heap Initial Capacity: 506M
 Heap Max Capacity: 1G
 Pre-touch: Disabled
 Parallel Workers: 15
 Concurrent Workers: 4
 Concurrent Refinement Workers: 15
 Periodic GC: Disabled

Heap:
 garbage-first heap   total 30720K, used 5680K [0x00000000c0000000, 0x0000000100000000)
  region size 1024K, 1 young (1024K), 0 survivors (0K)
 Metaspace       used 2459K, committed 2624K, reserved 1114112K
  class space    used 204K, committed 256K, reserved 1048576K

Heap Regions: E=young(eden), S=young(survivor), O=old, HS=humongous(starts), HC=humongous(continues), CS=collection set, F=free, OA=open archive, CA=closed archive, TAMS=top-at-mark-start (previous, next)
|   0|0x00000000c0000000, 0x00000000c00ffff0, 0x00000000c0100000| 99%| O|  |TAMS 0x00000000c0000000, 0x00000000c0000000| Untracked 
|   1|0x00000000c0100000, 0x00000000c019be30, 0x00000000c0200000| 60%| O|  |TAMS 0x00000000c0100000, 0x00000000c0100000| Untracked 
|   2|0x00000000c0200000, 0x00000000c0275408, 0x00000000c0300000| 45%| O|  |TAMS 0x00000000c0200000, 0x00000000c0200000| Untracked 
|   3|0x00000000c0300000, 0x00000000c03a7af0, 0x00000000c0400000| 65%| O|  |TAMS 0x00000000c0300000, 0x00000000c0300000| Untracked 
|   4|0x00000000c0400000, 0x00000000c049ca18, 0x00000000c0500000| 61%| O|  |TAMS 0x00000000c0400000, 0x00000000c0400000| Untracked 
|   5|0x00000000c0500000, 0x00000000c05fffe0, 0x00000000c0600000| 99%| O|  |TAMS 0x00000000c0500000, 0x00000000c0500000| Untracked 
|   6|0x00000000c0600000, 0x00000000c0700000, 0x00000000c0700000|100%| O|  |TAMS 0x00000000c0700000, 0x00000000c0600000| Untracked 
|   7|0x00000000c0700000, 0x00000000c07012e0, 0x00000000c0800000|  0%| O|  |TAMS 0x00000000c0700000, 0x00000000c0700000| Untracked 
|   8|0x00000000c0800000, 0x00000000c0800000, 0x00000000c0900000|  0%| F|  |TAMS 0x00000000c0800000, 0x00000000c0800000| Untracked 
|   9|0x00000000c0900000, 0x00000000c0900000, 0x00000000c0a00000|  0%| F|  |TAMS 0x00000000c0900000, 0x00000000c0900000| Untracked 
|  10|0x00000000c0a00000, 0x00000000c0a35898, 0x00000000c0b00000| 20%| O|  |TAMS 0x00000000c0a00000, 0x00000000c0a00000| Untracked 
|  11|0x00000000c0b00000, 0x00000000c0b00000, 0x00000000c0c00000|  0%| F|  |TAMS 0x00000000c0b00000, 0x00000000c0b00000| Untracked 
|  12|0x00000000c0c00000, 0x00000000c0c00000, 0x00000000c0d00000|  0%| F|  |TAMS 0x00000000c0c00000, 0x00000000c0c00000| Untracked 
|  13|0x00000000c0d00000, 0x00000000c0d00000, 0x00000000c0e00000|  0%| F|  |TAMS 0x00000000c0d00000, 0x00000000c0d00000| Untracked 
|  14|0x00000000c0e00000, 0x00000000c0e00000, 0x00000000c0f00000|  0%| F|  |TAMS 0x00000000c0e00000, 0x00000000c0e00000| Untracked 
|  15|0x00000000c0f00000, 0x00000000c0f00000, 0x00000000c1000000|  0%| F|  |TAMS 0x00000000c0f00000, 0x00000000c0f00000| Untracked 
|  16|0x00000000c1000000, 0x00000000c1000000, 0x00000000c1100000|  0%| F|  |TAMS 0x00000000c1000000, 0x00000000c1000000| Untracked 
|  17|0x00000000c1100000, 0x00000000c1100000, 0x00000000c1200000|  0%| F|  |TAMS 0x00000000c1100000, 0x00000000c1100000| Untracked 
|  18|0x00000000c1200000, 0x00000000c1200000, 0x00000000c1300000|  0%| F|  |TAMS 0x00000000c1200000, 0x00000000c1200000| Untracked 
|  19|0x00000000c1300000, 0x00000000c1300000, 0x00000000c1400000|  0%| F|  |TAMS 0x00000000c1300000, 0x00000000c1300000| Untracked 
|  20|0x00000000c1400000, 0x00000000c1400000, 0x00000000c1500000|  0%| F|  |TAMS 0x00000000c1400000, 0x00000000c1400000| Untracked 
|  21|0x00000000c1500000, 0x00000000c1500000, 0x00000000c1600000|  0%| F|  |TAMS 0x00000000c1500000, 0x00000000c1500000| Untracked 
|  22|0x00000000c1600000, 0x00000000c1600000, 0x00000000c1700000|  0%| F|  |TAMS 0x00000000c1600000, 0x00000000c1600000| Untracked 
|  23|0x00000000c1700000, 0x00000000c1700000, 0x00000000c1800000|  0%| F|  |TAMS 0x00000000c1700000, 0x00000000c1700000| Untracked 
|  24|0x00000000c1800000, 0x00000000c1800000, 0x00000000c1900000|  0%| F|  |TAMS 0x00000000c1800000, 0x00000000c1800000| Untracked 
|  25|0x00000000c1900000, 0x00000000c1900000, 0x00000000c1a00000|  0%| F|  |TAMS 0x00000000c1900000, 0x00000000c1900000| Untracked 
|  26|0x00000000c1a00000, 0x00000000c1a00000, 0x00000000c1b00000|  0%| F|  |TAMS 0x00000000c1a00000, 0x00000000c1a00000| Untracked 
|  27|0x00000000c1b00000, 0x00000000c1b00000, 0x00000000c1c00000|  0%| F|  |TAMS 0x00000000c1b00000, 0x00000000c1b00000| Untracked 
|  28|0x00000000c1c00000, 0x00000000c1c00000, 0x00000000c1d00000|  0%| F|  |TAMS 0x00000000c1c00000, 0x00000000c1c00000| Untracked 
|  29|0x00000000c1d00000, 0x00000000c1dd6a90, 0x00000000c1e00000| 83%| E|  |TAMS 0x00000000c1d00000, 0x00000000c1d00000| Complete 

Card table byte_map: [0x000002e3c8450000,0x000002e3c8650000] _byte_map_base: 0x000002e3c7e50000

Marking Bits (Prev, Next): (CMBitMap*) 0x000002e3aeb87760, (CMBitMap*) 0x000002e3aeb877a0
 Prev Bits: [0x000002e3c8850000, 0x000002e3c9850000)
 Next Bits: [0x000002e3c9850000, 0x000002e3ca850000)

Polling page: 0x000002e3af560000

Metaspace:

Usage:
  Non-class:      2.20 MB used.
      Class:    204.28 KB used.
       Both:      2.40 MB used.

Virtual space:
  Non-class space:       64.00 MB reserved,       2.31 MB (  4%) committed,  1 nodes.
      Class space:        1.00 GB reserved,     256.00 KB ( <1%) committed,  1 nodes.
             Both:        1.06 GB reserved,       2.56 MB ( <1%) committed. 

Chunk freelists:
   Non-Class:  11.73 MB
       Class:  15.70 MB
        Both:  27.43 MB

MaxMetaspaceSize: unlimited
CompressedClassSpaceSize: 1.00 GB
Initial GC threshold: 21.00 MB
Current GC threshold: 21.00 MB
CDS: on
MetaspaceReclaimPolicy: balanced
 - commit_granule_bytes: 65536.
 - commit_granule_words: 8192.
 - virtual_space_node_default_size: 8388608.
 - enlarge_chunks_in_place: 1.
 - new_chunks_are_fully_committed: 0.
 - uncommit_free_chunks: 1.
 - use_allocation_guard: 0.
 - handle_deallocations: 1.


Internal statistics:

num_allocs_failed_limit: 0.
num_arena_births: 44.
num_arena_deaths: 0.
num_vsnodes_births: 2.
num_vsnodes_deaths: 0.
num_space_committed: 41.
num_space_uncommitted: 0.
num_chunks_returned_to_freelist: 0.
num_chunks_taken_from_freelist: 71.
num_chunk_merges: 0.
num_chunk_splits: 41.
num_chunks_enlarged: 22.
num_inconsistent_stats: 0.

CodeHeap 'non-profiled nmethods': size=119168Kb used=457Kb max_used=457Kb free=118710Kb
 bounds [0x000002e3bfd00000, 0x000002e3bff70000, 0x000002e3c7160000]
CodeHeap 'profiled nmethods': size=119104Kb used=1709Kb max_used=1709Kb free=117394Kb
 bounds [0x000002e3b8160000, 0x000002e3b83d0000, 0x000002e3bf5b0000]
CodeHeap 'non-nmethods': size=7488Kb used=1122Kb max_used=2862Kb free=6365Kb
 bounds [0x000002e3bf5b0000, 0x000002e3bf890000, 0x000002e3bfd00000]
 total_blobs=1411 nmethods=1009 adapters=314
 compilation: enabled
              stopped_count=0, restarted_count=0
 full_count=0

Compilation events (20 events):
Event: 0.307 Thread 0x000002e3ae1f78f0 nmethod 939 0x000002e3bfd47d90 code [0x000002e3bfd47f00, 0x000002e3bfd47f78]
Event: 0.307 Thread 0x000002e3ae1f78f0  996       4       java.net.URI::match (56 bytes)
Event: 0.308 Thread 0x000002e3ae1f78f0 nmethod 996 0x000002e3bfd48090 code [0x000002e3bfd48200, 0x000002e3bfd482f8]
Event: 0.308 Thread 0x000002e3ae1f78f0 1000       4       java.util.concurrent.ConcurrentHashMap::tabAt (22 bytes)
Event: 0.308 Thread 0x000002e3ae1f78f0 nmethod 1000 0x000002e3bfd48410 code [0x000002e3bfd48580, 0x000002e3bfd485d8]
Event: 0.310 Thread 0x000002e3d20d0340 nmethod 888 0x000002e3bfd48710 code [0x000002e3bfd48980, 0x000002e3bfd4aba8]
Event: 0.316 Thread 0x000002e3d20cf350 nmethod 915 0x000002e3bfd4bd10 code [0x000002e3bfd4bfa0, 0x000002e3bfd4ead8]
Event: 0.362 Thread 0x000002e3d20d5d90 nmethod 867 0x000002e3bfd50d10 code [0x000002e3bfd51080, 0x000002e3bfd55970]
Event: 0.404 Thread 0x000002e3d20d52f0 nmethod 916 0x000002e3bfd59590 code [0x000002e3bfd59920, 0x000002e3bfd5f770]
Event: 0.567 Thread 0x000002e3d20d5840 nmethod 921 0x000002e3bfd63910 code [0x000002e3bfd63fa0, 0x000002e3bfd6d228]
Event: 24.529 Thread 0x000002e3ae1f23f0 1004       3       java.lang.ref.ReferenceQueue::reallyPoll (65 bytes)
Event: 24.529 Thread 0x000002e3ae1f23f0 nmethod 1004 0x000002e3b8309990 code [0x000002e3b8309b60, 0x000002e3b830a098]
Event: 32.522 Thread 0x000002e3ae1f23f0 1005       1       org.jpype.ref.JPypeReferenceQueue::access$100 (5 bytes)
Event: 32.522 Thread 0x000002e3ae1f23f0 nmethod 1005 0x000002e3bfd71d90 code [0x000002e3bfd71f20, 0x000002e3bfd71fd8]
Event: 32.786 Thread 0x000002e3ae1f23f0 1006       1       org.jpype.ref.JPypeReferenceQueue::access$200 (5 bytes)
Event: 32.786 Thread 0x000002e3ae1f23f0 nmethod 1006 0x000002e3bfd72090 code [0x000002e3bfd72220, 0x000002e3bfd722d8]
Event: 57.956 Thread 0x000002e3ae1f23f0 1007   !   3       java.lang.ref.ReferenceQueue::remove (125 bytes)
Event: 57.956 Thread 0x000002e3ae1f23f0 nmethod 1007 0x000002e3b830a190 code [0x000002e3b830a3a0, 0x000002e3b830ab58]
Event: 182.987 Thread 0x000002e3ae1f23f0 1009       3       java.util.HashMap$HashIterator::nextNode (100 bytes)
Event: 182.987 Thread 0x000002e3ae1f23f0 nmethod 1009 0x000002e3b830ae90 code [0x000002e3b830b080, 0x000002e3b830b5b8]

GC Heap History (12 events):
Event: 0.143 GC heap before
{Heap before GC invocations=0 (full 0):
 garbage-first heap   total 518144K, used 5120K [0x00000000c0000000, 0x0000000100000000)
  region size 1024K, 6 young (6144K), 0 survivors (0K)
 Metaspace       used 1616K, committed 1728K, reserved 1114112K
  class space    used 146K, committed 192K, reserved 1048576K
}
Event: 0.146 GC heap after
{Heap after GC invocations=1 (full 1):
 garbage-first heap   total 20480K, used 1618K [0x00000000c0000000, 0x0000000100000000)
  region size 1024K, 0 young (0K), 0 survivors (0K)
 Metaspace       used 1616K, committed 1728K, reserved 1114112K
  class space    used 146K, committed 192K, reserved 1048576K
}
Event: 0.237 GC heap before
{Heap before GC invocations=1 (full 1):
 garbage-first heap   total 20480K, used 6738K [0x00000000c0000000, 0x0000000100000000)
  region size 1024K, 5 young (5120K), 0 survivors (0K)
 Metaspace       used 2325K, committed 2496K, reserved 1114112K
  class space    used 197K, committed 256K, reserved 1048576K
}
Event: 0.238 GC heap after
{Heap after GC invocations=2 (full 1):
 garbage-first heap   total 20480K, used 2642K [0x00000000c0000000, 0x0000000100000000)
  region size 1024K, 1 young (1024K), 1 survivors (1024K)
 Metaspace       used 2325K, committed 2496K, reserved 1114112K
  class space    used 197K, committed 256K, reserved 1048576K
}
Event: 0.249 GC heap before
{Heap before GC invocations=2 (full 1):
 garbage-first heap   total 20480K, used 7762K [0x00000000c0000000, 0x0000000100000000)
  region size 1024K, 6 young (6144K), 1 survivors (1024K)
 Metaspace       used 2346K, committed 2496K, reserved 1114112K
  class space    used 197K, committed 256K, reserved 1048576K
}
Event: 0.250 GC heap after
{Heap after GC invocations=3 (full 1):
 garbage-first heap   total 20480K, used 3151K [0x00000000c0000000, 0x0000000100000000)
  region size 1024K, 1 young (1024K), 1 survivors (1024K)
 Metaspace       used 2346K, committed 2496K, reserved 1114112K
  class space    used 197K, committed 256K, reserved 1048576K
}
Event: 0.259 GC heap before
{Heap before GC invocations=3 (full 1):
 garbage-first heap   total 20480K, used 9295K [0x00000000c0000000, 0x0000000100000000)
  region size 1024K, 7 young (7168K), 1 survivors (1024K)
 Metaspace       used 2364K, committed 2560K, reserved 1114112K
  class space    used 197K, committed 256K, reserved 1048576K
}
Event: 0.260 GC heap after
{Heap after GC invocations=4 (full 1):
 garbage-first heap   total 20480K, used 3914K [0x00000000c0000000, 0x0000000100000000)
  region size 1024K, 1 young (1024K), 1 survivors (1024K)
 Metaspace       used 2364K, committed 2560K, reserved 1114112K
  class space    used 197K, committed 256K, reserved 1048576K
}
Event: 0.267 GC heap before
{Heap before GC invocations=4 (full 1):
 garbage-first heap   total 20480K, used 9034K [0x00000000c0000000, 0x0000000100000000)
  region size 1024K, 6 young (6144K), 1 survivors (1024K)
 Metaspace       used 2366K, committed 2560K, reserved 1114112K
  class space    used 197K, committed 256K, reserved 1048576K
}
Event: 0.269 GC heap after
{Heap after GC invocations=5 (full 1):
 garbage-first heap   total 269312K, used 4667K [0x00000000c0000000, 0x0000000100000000)
  region size 1024K, 1 young (1024K), 1 survivors (1024K)
 Metaspace       used 2366K, committed 2560K, reserved 1114112K
  class space    used 197K, committed 256K, reserved 1048576K
}
Event: 0.367 GC heap before
{Heap before GC invocations=5 (full 1):
 garbage-first heap   total 269312K, used 14907K [0x00000000c0000000, 0x0000000100000000)
  region size 1024K, 12 young (12288K), 1 survivors (1024K)
 Metaspace       used 2453K, committed 2624K, reserved 1114112K
  class space    used 202K, committed 256K, reserved 1048576K
}
Event: 0.374 GC heap after
{Heap after GC invocations=6 (full 2):
 garbage-first heap   total 30720K, used 5680K [0x00000000c0000000, 0x0000000100000000)
  region size 1024K, 0 young (0K), 0 survivors (0K)
 Metaspace       used 2453K, committed 2624K, reserved 1114112K
  class space    used 202K, committed 256K, reserved 1048576K
}

Dll operation events (7 events):
Event: 0.006 Loaded shared library C:\Program Files\JetBrains\jdk-17.0.11+9\bin\java.dll
Event: 0.031 Loaded shared library C:\Program Files\JetBrains\jdk-17.0.11+9\bin\jsvml.dll
Event: 0.065 Loaded shared library C:\Program Files\JetBrains\jdk-17.0.11+9\bin\net.dll
Event: 0.066 Loaded shared library C:\Program Files\JetBrains\jdk-17.0.11+9\bin\nio.dll
Event: 0.068 Loaded shared library C:\Program Files\JetBrains\jdk-17.0.11+9\bin\zip.dll
Event: 0.093 Loaded shared library C:\Users\SSAFY\Desktop\S11P21E205\GT\Pillsoo\venv\Lib\site-packages\_jpype.cp39-win_amd64.pyd
Event: 0.213 Loaded shared library C:\Program Files\JetBrains\jdk-17.0.11+9\bin\jimage.dll

Deoptimization events (20 events):
Event: 0.245 Thread 0x000002e3ae39d940 DEOPT PACKING pc=0x000002e3b829ba7e sp=0x000000fdec1f33d0
Event: 0.245 Thread 0x000002e3ae39d940 DEOPT UNPACKING pc=0x000002e3bf607143 sp=0x000000fdec1f2858 mode 0
Event: 0.245 Thread 0x000002e3ae39d940 DEOPT PACKING pc=0x000002e3b829ba7e sp=0x000000fdec1f33d0
Event: 0.245 Thread 0x000002e3ae39d940 DEOPT UNPACKING pc=0x000002e3bf607143 sp=0x000000fdec1f2858 mode 0
Event: 0.245 Thread 0x000002e3ae39d940 DEOPT PACKING pc=0x000002e3b829ba7e sp=0x000000fdec1f3490
Event: 0.245 Thread 0x000002e3ae39d940 DEOPT UNPACKING pc=0x000002e3bf607143 sp=0x000000fdec1f2918 mode 0
Event: 0.247 Thread 0x000002e3ae39d940 DEOPT PACKING pc=0x000002e3b829ba7e sp=0x000000fdec1f3350
Event: 0.247 Thread 0x000002e3ae39d940 DEOPT UNPACKING pc=0x000002e3bf607143 sp=0x000000fdec1f27d8 mode 0
Event: 0.247 Thread 0x000002e3ae39d940 DEOPT PACKING pc=0x000002e3b829ba7e sp=0x000000fdec1f3350
Event: 0.247 Thread 0x000002e3ae39d940 DEOPT UNPACKING pc=0x000002e3bf607143 sp=0x000000fdec1f27d8 mode 0
Event: 0.247 Thread 0x000002e3ae39d940 DEOPT PACKING pc=0x000002e3b829ba7e sp=0x000000fdec1f3410
Event: 0.247 Thread 0x000002e3ae39d940 DEOPT UNPACKING pc=0x000002e3bf607143 sp=0x000000fdec1f2898 mode 0
Event: 0.247 Thread 0x000002e3ae39d940 DEOPT PACKING pc=0x000002e3b829ba7e sp=0x000000fdec1f3350
Event: 0.247 Thread 0x000002e3ae39d940 DEOPT UNPACKING pc=0x000002e3bf607143 sp=0x000000fdec1f27d8 mode 0
Event: 0.247 Thread 0x000002e3ae39d940 DEOPT PACKING pc=0x000002e3b829ba7e sp=0x000000fdec1f3350
Event: 0.247 Thread 0x000002e3ae39d940 DEOPT UNPACKING pc=0x000002e3bf607143 sp=0x000000fdec1f27d8 mode 0
Event: 0.301 Thread 0x000002e3ae39d940 Uncommon trap: trap_request=0xffffff45 fr.pc=0x000002e3bfd18d40 relative=0x0000000000000040
Event: 0.301 Thread 0x000002e3ae39d940 Uncommon trap: reason=unstable_if action=reinterpret pc=0x000002e3bfd18d40 method=sun.nio.fs.WindowsPathParser.isSlash(C)Z @ 9 c2
Event: 0.301 Thread 0x000002e3ae39d940 DEOPT PACKING pc=0x000002e3bfd18d40 sp=0x000000fdec1f4620
Event: 0.301 Thread 0x000002e3ae39d940 DEOPT UNPACKING pc=0x000002e3bf6069a3 sp=0x000000fdec1f45a8 mode 2

Classes unloaded (0 events):
No events

Classes redefined (0 events):
No events

Internal exceptions (13 events):
Event: 0.075 Thread 0x000002e3ae39d940 Exception <a 'java/lang/NoClassDefFoundError'{0x00000000df791b58}: org/jpype/classloader/DynamicClassLoader> (0x00000000df791b58) 
thrown [s\src\hotspot\share\classfile\systemDictionary.cpp, line 245]
Event: 0.096 Thread 0x000002e3ae39d940 Exception <a 'java/lang/NoSuchMethodError'{0x00000000df635718}: 'int java.lang.invoke.DirectMethodHandle$Holder.invokeStaticInit(java.lang.Object, java.lang.Object)'> (0x00000000df635718) 
thrown [s\src\hotspot\share\interpreter\linkResolver.cpp, line 759]
Event: 0.097 Thread 0x000002e3ae39d940 Exception <a 'java/lang/NoSuchMethodError'{0x00000000df63c298}: 'java.lang.Object java.lang.invoke.DirectMethodHandle$Holder.invokeStaticInit(java.lang.Object, int)'> (0x00000000df63c298) 
thrown [s\src\hotspot\share\interpreter\linkResolver.cpp, line 759]
Event: 0.099 Thread 0x000002e3ae39d940 Exception <a 'java/lang/NoSuchMethodError'{0x00000000df647990}: 'int java.lang.invoke.DirectMethodHandle$Holder.invokeSpecial(java.lang.Object, java.lang.Object, java.lang.Object)'> (0x00000000df647990) 
thrown [s\src\hotspot\share\interpreter\linkResolver.cpp, line 759]
Event: 0.101 Thread 0x000002e3ae39d940 Exception <a 'java/lang/NoSuchMethodError'{0x00000000df65d4f0}: 'java.lang.Object java.lang.invoke.DirectMethodHandle$Holder.invokeStatic(java.lang.Object, java.lang.Object, int)'> (0x00000000df65d4f0) 
thrown [s\src\hotspot\share\interpreter\linkResolver.cpp, line 759]
Event: 0.102 Thread 0x000002e3ae39d940 Exception <a 'java/lang/NoSuchMethodError'{0x00000000df6690b0}: 'void java.lang.invoke.DelegatingMethodHandle$Holder.delegate(java.lang.Object, java.lang.Object, int, java.lang.Object)'> (0x00000000df6690b0) 
thrown [s\src\hotspot\share\interpreter\linkResolver.cpp, line 759]
Event: 0.106 Thread 0x000002e3ae39d940 Exception <a 'java/lang/NoSuchMethodError'{0x00000000df691958}: 'java.lang.Object java.lang.invoke.Invokers$Holder.invokeExact_MT(java.lang.Object, java.lang.Object, java.lang.Object)'> (0x00000000df691958) 
thrown [s\src\hotspot\share\interpreter\linkResolver.cpp, line 759]
Event: 0.115 Thread 0x000002e3ae39d940 Exception <a 'sun/nio/fs/WindowsException'{0x00000000df6f4528}> (0x00000000df6f4528) 
thrown [s\src\hotspot\share\prims\jni.cpp, line 516]
Event: 0.115 Thread 0x000002e3ae39d940 Exception <a 'sun/nio/fs/WindowsException'{0x00000000df6f4ea0}> (0x00000000df6f4ea0) 
thrown [s\src\hotspot\share\prims\jni.cpp, line 516]
Event: 0.128 Thread 0x000002e3ae39d940 Exception <a 'java/lang/NoSuchMethodError'{0x00000000df57b210}: 'java.lang.Object java.lang.invoke.DirectMethodHandle$Holder.invokeInterface(java.lang.Object, java.lang.Object)'> (0x00000000df57b210) 
thrown [s\src\hotspot\share\interpreter\linkResolver.cpp, line 759]
Event: 0.129 Thread 0x000002e3ae39d940 Exception <a 'java/lang/IncompatibleClassChangeError'{0x00000000df57e800}: Found class java.lang.Object, but interface was expected> (0x00000000df57e800) 
thrown [s\src\hotspot\share\interpreter\linkResolver.cpp, line 826]
Event: 0.220 Thread 0x000002e3ae39d940 Exception <a 'java/lang/NoSuchMethodError'{0x00000000c1199298}: 'java.lang.Object java.lang.invoke.DirectMethodHandle$Holder.invokeStaticInit(java.lang.Object)'> (0x00000000c1199298) 
thrown [s\src\hotspot\share\interpreter\linkResolver.cpp, line 759]
Event: 182.987 Thread 0x000002e3d2019300 Exception <a 'java/lang/InterruptedException'{0x00000000c1d00048}> (0x00000000c1d00048) 
thrown [s\src\hotspot\share\runtime\objectMonitor.cpp, line 1658]

VM Operations (20 events):
Event: 0.146 Executing VM operation: G1CollectFull done
Event: 0.216 Executing VM operation: HandshakeAllThreads
Event: 0.216 Executing VM operation: HandshakeAllThreads done
Event: 0.218 Executing VM operation: HandshakeAllThreads
Event: 0.218 Executing VM operation: HandshakeAllThreads done
Event: 0.237 Executing VM operation: G1CollectForAllocation
Event: 0.238 Executing VM operation: G1CollectForAllocation done
Event: 0.249 Executing VM operation: G1CollectForAllocation
Event: 0.250 Executing VM operation: G1CollectForAllocation done
Event: 0.259 Executing VM operation: G1CollectForAllocation
Event: 0.261 Executing VM operation: G1CollectForAllocation done
Event: 0.267 Executing VM operation: G1CollectForAllocation
Event: 0.270 Executing VM operation: G1CollectForAllocation done
Event: 0.367 Executing VM operation: G1CollectFull
Event: 0.374 Executing VM operation: G1CollectFull done
Event: 60.015 Executing VM operation: HandshakeAllThreads
Event: 60.015 Executing VM operation: HandshakeAllThreads done
Event: 182.987 Executing VM operation: ThreadDump
Event: 182.987 Executing VM operation: ThreadDump done
Event: 182.987 Executing VM operation: Exit

Events (20 events):
Event: 0.302 loading class sun/nio/fs/WindowsDirectoryStream$WindowsDirectoryIterator
Event: 0.302 loading class sun/nio/fs/WindowsDirectoryStream$WindowsDirectoryIterator done
Event: 0.302 loading class sun/nio/fs/WindowsPath$WindowsPathWithAttributes
Event: 0.302 loading class sun/nio/fs/BasicFileAttributesHolder
Event: 0.302 loading class sun/nio/fs/BasicFileAttributesHolder done
Event: 0.302 loading class sun/nio/fs/WindowsPath$WindowsPathWithAttributes done
Event: 5.314 Thread 0x000002e3d20cf350 Thread exited: 0x000002e3d20cf350
Event: 5.314 Thread 0x000002e3d20d0890 Thread exited: 0x000002e3d20d0890
Event: 10.324 Thread 0x000002e3d20d52f0 Thread exited: 0x000002e3d20d52f0
Event: 10.324 Thread 0x000002e3d20d62e0 Thread exited: 0x000002e3d20d62e0
Event: 10.324 Thread 0x000002e3d20d0340 Thread exited: 0x000002e3d20d0340
Event: 10.324 Thread 0x000002e3d20d4da0 Thread exited: 0x000002e3d20d4da0
Event: 15.336 Thread 0x000002e3d20d5840 Thread exited: 0x000002e3d20d5840
Event: 20.345 Thread 0x000002e3d20d5d90 Thread exited: 0x000002e3d20d5d90
Event: 182.976 loading class jdk/internal/misc/Signal$1
Event: 182.976 loading class jdk/internal/misc/Signal$1 done
Event: 182.977 Thread 0x000002e3d20132d0 Thread added: 0x000002e3d20132d0
Event: 182.977 Thread 0x000002e3d2015130 Thread added: 0x000002e3d2015130
Event: 182.987 Thread 0x000002e3d2019300 Thread exited: 0x000002e3d2019300
Event: 182.987 Thread 0x000002e3d2015130 Thread exited: 0x000002e3d2015130


Dynamic libraries:
0x00007ff6f1ec0000 - 0x00007ff6f1edc000 	C:\Users\SSAFY\AppData\Local\Programs\Python\Python39\python.exe
0x00007fff252f0000 - 0x00007fff254e8000 	C:\WINDOWS\SYSTEM32\ntdll.dll
0x00007fff23fd0000 - 0x00007fff24091000 	C:\WINDOWS\System32\KERNEL32.DLL
0x00007fff23020000 - 0x00007fff2331d000 	C:\WINDOWS\System32\KERNELBASE.dll
0x00007fff22a80000 - 0x00007fff22b80000 	C:\WINDOWS\System32\ucrtbase.dll
0x00007ffeb5d40000 - 0x00007ffeb61bc000 	C:\Users\SSAFY\AppData\Local\Programs\Python\Python39\python39.dll
0x00007fff1a090000 - 0x00007fff1a0ab000 	C:\Users\SSAFY\AppData\Local\Programs\Python\Python39\VCRUNTIME140.dll
0x00007fff240a0000 - 0x00007fff2410b000 	C:\WINDOWS\System32\WS2_32.dll
0x00007fff23d00000 - 0x00007fff23e23000 	C:\WINDOWS\System32\RPCRT4.dll
0x00007fff24110000 - 0x00007fff241c0000 	C:\WINDOWS\System32\ADVAPI32.dll
0x00007fff237f0000 - 0x00007fff2388e000 	C:\WINDOWS\System32\msvcrt.dll
0x00007fff23430000 - 0x00007fff234d0000 	C:\WINDOWS\System32\sechost.dll
0x00007fff18690000 - 0x00007fff1869a000 	C:\WINDOWS\SYSTEM32\VERSION.dll
0x00007fff22a50000 - 0x00007fff22a77000 	C:\WINDOWS\System32\bcrypt.dll
0x00007fff22310000 - 0x00007fff22328000 	C:\WINDOWS\SYSTEM32\CRYPTSP.dll
0x00007fff219d0000 - 0x00007fff21a04000 	C:\WINDOWS\system32\rsaenh.dll
0x00007fff22330000 - 0x00007fff2233c000 	C:\WINDOWS\SYSTEM32\CRYPTBASE.dll
0x00007fff22ea0000 - 0x00007fff22f22000 	C:\WINDOWS\System32\bcryptPrimitives.dll
0x00007fff19fc0000 - 0x00007fff19fcf000 	C:\Users\SSAFY\AppData\Local\Programs\Python\Python39\python3.DLL
0x00007fff19fa0000 - 0x00007fff19fb6000 	C:\Users\SSAFY\AppData\Local\Programs\Python\Python39\DLLs\_socket.pyd
0x00007fff21db0000 - 0x00007fff21deb000 	C:\WINDOWS\SYSTEM32\IPHLPAPI.DLL
0x00007fff19f80000 - 0x00007fff19f8a000 	C:\Users\SSAFY\AppData\Local\Programs\Python\Python39\DLLs\select.pyd
0x00007fff14290000 - 0x00007fff142b7000 	C:\Users\SSAFY\AppData\Local\Programs\Python\Python39\DLLs\_ssl.pyd
0x00007fff22b80000 - 0x00007fff22cde000 	C:\WINDOWS\System32\CRYPT32.dll
0x00007ffee0d70000 - 0x00007ffee10c0000 	C:\Users\SSAFY\AppData\Local\Programs\Python\Python39\DLLs\libcrypto-1_1.dll
0x00007ffefe0d0000 - 0x00007ffefe17d000 	C:\Users\SSAFY\AppData\Local\Programs\Python\Python39\DLLs\libssl-1_1.dll
0x00007fff23970000 - 0x00007fff23b0d000 	C:\WINDOWS\System32\USER32.dll
0x00007fff22e00000 - 0x00007fff22e22000 	C:\WINDOWS\System32\win32u.dll
0x00007fff234e0000 - 0x00007fff2350b000 	C:\WINDOWS\System32\GDI32.dll
0x00007fff22ce0000 - 0x00007fff22df7000 	C:\WINDOWS\System32\gdi32full.dll
0x00007fff22f80000 - 0x00007fff2301d000 	C:\WINDOWS\System32\msvcp_win.dll
0x00007fff23890000 - 0x00007fff238bf000 	C:\WINDOWS\System32\IMM32.DLL
0x00007fff198f0000 - 0x00007fff19902000 	C:\Users\SSAFY\AppData\Local\Programs\Python\Python39\DLLs\_asyncio.pyd
0x00007fff19f70000 - 0x00007fff19f7e000 	C:\Users\SSAFY\AppData\Local\Programs\Python\Python39\DLLs\_overlapped.pyd
0x00007fff22120000 - 0x00007fff2218a000 	C:\WINDOWS\system32\mswsock.dll
0x00007fff09150000 - 0x00007fff09167000 	C:\Users\SSAFY\AppData\Local\Programs\Python\Python39\DLLs\_bz2.pyd
0x00007ffefe9d0000 - 0x00007ffefe9fa000 	C:\Users\SSAFY\AppData\Local\Programs\Python\Python39\DLLs\_lzma.pyd
0x00007fff199d0000 - 0x00007fff199d9000 	C:\Users\SSAFY\AppData\Local\Programs\Python\Python39\DLLs\_queue.pyd
0x00007ffefe0a0000 - 0x00007ffefe0c1000 	C:\Users\SSAFY\AppData\Local\Programs\Python\Python39\DLLs\_ctypes.pyd
0x00007fff236c0000 - 0x00007fff237eb000 	C:\WINDOWS\System32\ole32.dll
0x00007fff241c0000 - 0x00007fff24513000 	C:\WINDOWS\System32\combase.dll
0x00007fff23c20000 - 0x00007fff23ced000 	C:\WINDOWS\System32\OLEAUT32.dll
0x00007fff185b0000 - 0x00007fff185bb000 	C:\Users\SSAFY\AppData\Local\Programs\Python\Python39\DLLs\libffi-7.dll
0x00007fff24520000 - 0x00007fff24c8f000 	C:\WINDOWS\System32\shell32.DLL
0x00007fff172a0000 - 0x00007fff172aa000 	C:\Users\SSAFY\AppData\Local\Programs\Python\Python39\DLLs\_multiprocessing.pyd
0x00007ffefea50000 - 0x00007ffefea62000 	C:\Users\SSAFY\AppData\Local\Programs\Python\Python39\DLLs\_hashlib.pyd
0x00007ffeb5860000 - 0x00007ffeb5d33000 	C:\Users\SSAFY\Desktop\S11P21E205\GT\Pillsoo\venv\lib\site-packages\pydantic_core\_pydantic_core.cp39-win_amd64.pyd
0x00007ffefe050000 - 0x00007ffefe093000 	C:\Users\SSAFY\AppData\Local\Programs\Python\Python39\DLLs\_decimal.pyd
0x00007fff17250000 - 0x00007fff1725e000 	C:\Users\SSAFY\AppData\Local\Programs\Python\Python39\DLLs\_zoneinfo.pyd
0x00007fff14aa0000 - 0x00007fff14aa9000 	C:\Users\SSAFY\AppData\Local\Programs\Python\Python39\DLLs\_uuid.pyd
0x00007ffefdfe0000 - 0x00007ffefe010000 	C:\Users\SSAFY\Desktop\S11P21E205\GT\Pillsoo\venv\lib\site-packages\sqlalchemy\cyextension\collections.cp39-win_amd64.pyd
0x00007ffefe9b0000 - 0x00007ffefe9c8000 	C:\Users\SSAFY\Desktop\S11P21E205\GT\Pillsoo\venv\lib\site-packages\sqlalchemy\cyextension\immutabledict.cp39-win_amd64.pyd
0x00007ffefe4e0000 - 0x00007ffefe4f4000 	C:\Users\SSAFY\Desktop\S11P21E205\GT\Pillsoo\venv\lib\site-packages\sqlalchemy\cyextension\processors.cp39-win_amd64.pyd
0x00007ffefdfc0000 - 0x00007ffefdfd4000 	C:\Users\SSAFY\Desktop\S11P21E205\GT\Pillsoo\venv\lib\site-packages\sqlalchemy\cyextension\resultproxy.cp39-win_amd64.pyd
0x00007ffefdfa0000 - 0x00007ffefdfb7000 	C:\Users\SSAFY\Desktop\S11P21E205\GT\Pillsoo\venv\lib\site-packages\sqlalchemy\cyextension\util.cp39-win_amd64.pyd
0x00007ffefdf40000 - 0x00007ffefdf7a000 	C:\Users\SSAFY\Desktop\S11P21E205\GT\Pillsoo\venv\lib\site-packages\greenlet\_greenlet.cp39-win_amd64.pyd
0x00007ffeb50d0000 - 0x00007ffeb585e000 	C:\Users\SSAFY\Desktop\S11P21E205\GT\Pillsoo\venv\lib\site-packages\cryptography\hazmat\bindings\_rust.pyd
0x00007ffefde90000 - 0x00007ffefdec2000 	C:\Users\SSAFY\Desktop\S11P21E205\GT\Pillsoo\venv\lib\site-packages\_cffi_backend.cp39-win_amd64.pyd
0x00007fff14740000 - 0x00007fff1474b000 	C:\Users\SSAFY\Desktop\S11P21E205\GT\Pillsoo\venv\lib\site-packages\sklearn\__check_build\_check_build.cp39-win_amd64.pyd
0x00007ffefdf10000 - 0x00007ffefdf40000 	C:\Users\SSAFY\Desktop\S11P21E205\GT\Pillsoo\venv\lib\site-packages\sklearn\.libs\vcomp140.dll
0x00007ffefd7d0000 - 0x00007ffefd85d000 	C:\Users\SSAFY\Desktop\S11P21E205\GT\Pillsoo\venv\lib\site-packages\sklearn\.libs\msvcp140.dll
0x00007fff14280000 - 0x00007fff1428c000 	C:\Users\SSAFY\AppData\Local\Programs\Python\Python39\VCRUNTIME140_1.dll
0x00007ffedda40000 - 0x00007ffeddd18000 	C:\Users\SSAFY\Desktop\S11P21E205\GT\Pillsoo\venv\lib\site-packages\numpy\core\_multiarray_umath.cp39-win_amd64.pyd
0x00007ffe65270000 - 0x00007ffe67326000 	C:\Users\SSAFY\Desktop\S11P21E205\GT\Pillsoo\venv\lib\site-packages\numpy.libs\libopenblas64__v0.3.23-293-gc2f4bdbb-gcc_10_3_0-2bde3a66a51006b2b53eb373ff767a3f.dll
0x00007ffefde20000 - 0x00007ffefde34000 	C:\Users\SSAFY\Desktop\S11P21E205\GT\Pillsoo\venv\lib\site-packages\numpy\core\_multiarray_tests.cp39-win_amd64.pyd
0x00007ffefdb70000 - 0x00007ffefdb8d000 	C:\Users\SSAFY\Desktop\S11P21E205\GT\Pillsoo\venv\lib\site-packages\numpy\linalg\_umath_linalg.cp39-win_amd64.pyd
0x00007ffefd690000 - 0x00007ffefd6ae000 	C:\Users\SSAFY\Desktop\S11P21E205\GT\Pillsoo\venv\lib\site-packages\numpy\fft\_pocketfft_internal.cp39-win_amd64.pyd
0x00007ffefa5b0000 - 0x00007ffefa647000 	C:\Users\SSAFY\Desktop\S11P21E205\GT\Pillsoo\venv\lib\site-packages\numpy\random\mtrand.cp39-win_amd64.pyd
0x00007ffefd660000 - 0x00007ffefd68c000 	C:\Users\SSAFY\Desktop\S11P21E205\GT\Pillsoo\venv\lib\site-packages\numpy\random\bit_generator.cp39-win_amd64.pyd
0x00007ffefa3c0000 - 0x00007ffefa3ef000 	C:\Users\SSAFY\Desktop\S11P21E205\GT\Pillsoo\venv\lib\site-packages\numpy\random\_common.cp39-win_amd64.pyd
0x00007ffefa370000 - 0x00007ffefa3b4000 	C:\Users\SSAFY\Desktop\S11P21E205\GT\Pillsoo\venv\lib\site-packages\numpy\random\_bounded_integers.cp39-win_amd64.pyd
0x00007ffefd400000 - 0x00007ffefd417000 	C:\Users\SSAFY\Desktop\S11P21E205\GT\Pillsoo\venv\lib\site-packages\numpy\random\_mt19937.cp39-win_amd64.pyd
0x00007ffefa590000 - 0x00007ffefa5a5000 	C:\Users\SSAFY\Desktop\S11P21E205\GT\Pillsoo\venv\lib\site-packages\numpy\random\_philox.cp39-win_amd64.pyd
0x00007ffefa320000 - 0x00007ffefa33a000 	C:\Users\SSAFY\Desktop\S11P21E205\GT\Pillsoo\venv\lib\site-packages\numpy\random\_pcg64.cp39-win_amd64.pyd
0x00007fff11ca0000 - 0x00007fff11cb0000 	C:\Users\SSAFY\Desktop\S11P21E205\GT\Pillsoo\venv\lib\site-packages\numpy\random\_sfc64.cp39-win_amd64.pyd
0x00007ffef4520000 - 0x00007ffef45cf000 	C:\Users\SSAFY\Desktop\S11P21E205\GT\Pillsoo\venv\lib\site-packages\numpy\random\_generator.cp39-win_amd64.pyd
0x00007ffefdb50000 - 0x00007ffefdb64000 	C:\Users\SSAFY\Desktop\S11P21E205\GT\Pillsoo\venv\lib\site-packages\psutil\_psutil_windows.pyd
0x00007fff23cf0000 - 0x00007fff23cf8000 	C:\WINDOWS\System32\PSAPI.DLL
0x00007ffef2c10000 - 0x00007ffef2c63000 	C:\WINDOWS\SYSTEM32\pdh.dll
0x00007fff21e40000 - 0x00007fff21e8b000 	C:\WINDOWS\SYSTEM32\POWRPROF.dll
0x00007fff21d90000 - 0x00007fff21da2000 	C:\WINDOWS\SYSTEM32\UMPDC.dll
0x00007fff18d30000 - 0x00007fff18d44000 	C:\WINDOWS\SYSTEM32\wtsapi32.dll
0x00007ffefd9e0000 - 0x00007ffefd9fd000 	C:\Users\SSAFY\Desktop\S11P21E205\GT\Pillsoo\venv\lib\site-packages\scipy\_lib\_ccallback_c.cp39-win_amd64.pyd
0x00007ffeba410000 - 0x00007ffeba816000 	C:\Users\SSAFY\Desktop\S11P21E205\GT\Pillsoo\venv\lib\site-packages\scipy\sparse\_sparsetools.cp39-win_amd64.pyd
0x00007ffefd700000 - 0x00007ffefd7c4000 	C:\Users\SSAFY\Desktop\S11P21E205\GT\Pillsoo\venv\lib\site-packages\scipy\sparse\_csparsetools.cp39-win_amd64.pyd
0x00007ffefa660000 - 0x00007ffefa6f8000 	C:\Users\SSAFY\Desktop\S11P21E205\GT\Pillsoo\venv\lib\site-packages\scipy\linalg\_fblas.cp39-win_amd64.pyd
0x00007ffe926f0000 - 0x00007ffe9479b000 	C:\Users\SSAFY\Desktop\S11P21E205\GT\Pillsoo\venv\lib\site-packages\scipy.libs\libopenblas_v0.3.27--3aa239bc726cfb0bd8e5330d8d4c15c6.dll
0x00007ffeda900000 - 0x00007ffedaad4000 	C:\Users\SSAFY\Desktop\S11P21E205\GT\Pillsoo\venv\lib\site-packages\scipy\linalg\_flapack.cp39-win_amd64.pyd
0x00007ffee9c40000 - 0x00007ffee9cd7000 	C:\Users\SSAFY\Desktop\S11P21E205\GT\Pillsoo\venv\lib\site-packages\scipy\linalg\_cythonized_array_utils.cp39-win_amd64.pyd
0x00007ffef4490000 - 0x00007ffef4517000 	C:\Users\SSAFY\Desktop\S11P21E205\GT\Pillsoo\venv\lib\site-packages\scipy\linalg\cython_lapack.cp39-win_amd64.pyd
0x00007ffefd990000 - 0x00007ffefd9dc000 	C:\Users\SSAFY\Desktop\S11P21E205\GT\Pillsoo\venv\lib\site-packages\scipy\linalg\_solve_toeplitz.cp39-win_amd64.pyd
0x00007ffefd6b0000 - 0x00007ffefd6f5000 	C:\Users\SSAFY\Desktop\S11P21E205\GT\Pillsoo\venv\lib\site-packages\scipy\linalg\_decomp_lu_cython.cp39-win_amd64.pyd
0x00007ffeeb420000 - 0x00007ffeeb466000 	C:\Users\SSAFY\Desktop\S11P21E205\GT\Pillsoo\venv\lib\site-packages\scipy\linalg\_matfuncs_sqrtm_triu.cp39-win_amd64.pyd
0x00007ffeea060000 - 0x00007ffeea0de000 	C:\Users\SSAFY\Desktop\S11P21E205\GT\Pillsoo\venv\lib\site-packages\scipy\linalg\_matfuncs_expm.cp39-win_amd64.pyd
0x00007ffee6ea0000 - 0x00007ffee6eee000 	C:\Users\SSAFY\Desktop\S11P21E205\GT\Pillsoo\venv\lib\site-packages\scipy\linalg\cython_blas.cp39-win_amd64.pyd
0x00007ffee6e40000 - 0x00007ffee6e9a000 	C:\Users\SSAFY\Desktop\S11P21E205\GT\Pillsoo\venv\lib\site-packages\scipy\linalg\_decomp_update.cp39-win_amd64.pyd
0x00007ffee6400000 - 0x00007ffee646c000 	C:\Users\SSAFY\Desktop\S11P21E205\GT\Pillsoo\venv\lib\site-packages\scipy\sparse\linalg\_dsolve\_superlu.cp39-win_amd64.pyd
0x00007ffee58a0000 - 0x00007ffee596b000 	C:\Users\SSAFY\Desktop\S11P21E205\GT\Pillsoo\venv\lib\site-packages\scipy\sparse\linalg\_eigen\arpack\_arpack.cp39-win_amd64.pyd
0x00007ffee5dc0000 - 0x00007ffee5e36000 	C:\Users\SSAFY\Desktop\S11P21E205\GT\Pillsoo\venv\lib\site-packages\scipy\sparse\linalg\_propack\_spropack.cp39-win_amd64.pyd
0x00007ffee5820000 - 0x00007ffee5895000 	C:\Users\SSAFY\Desktop\S11P21E205\GT\Pillsoo\venv\lib\site-packages\scipy\sparse\linalg\_propack\_dpropack.cp39-win_amd64.pyd
0x00007ffee2e70000 - 0x00007ffee2f07000 	C:\Users\SSAFY\Desktop\S11P21E205\GT\Pillsoo\venv\lib\site-packages\scipy\sparse\linalg\_propack\_cpropack.cp39-win_amd64.pyd
0x00007ffee1de0000 - 0x00007ffee1e91000 	C:\Users\SSAFY\Desktop\S11P21E205\GT\Pillsoo\venv\lib\site-packages\scipy\sparse\linalg\_propack\_zpropack.cp39-win_amd64.pyd
0x00007ffee2df0000 - 0x00007ffee2e66000 	C:\Users\SSAFY\Desktop\S11P21E205\GT\Pillsoo\venv\lib\site-packages\scipy\sparse\csgraph\_shortest_path.cp39-win_amd64.pyd
0x00007ffefa2b0000 - 0x00007ffefa2e3000 	C:\Users\SSAFY\Desktop\S11P21E205\GT\Pillsoo\venv\lib\site-packages\scipy\sparse\csgraph\_tools.cp39-win_amd64.pyd
0x00007ffee1c00000 - 0x00007ffee1ca1000 	C:\Users\SSAFY\Desktop\S11P21E205\GT\Pillsoo\venv\lib\site-packages\scipy\sparse\csgraph\_traversal.cp39-win_amd64.pyd
0x00007ffee4e70000 - 0x00007ffee4eb3000 	C:\Users\SSAFY\Desktop\S11P21E205\GT\Pillsoo\venv\lib\site-packages\scipy\sparse\csgraph\_min_spanning_tree.cp39-win_amd64.pyd
0x00007ffee20f0000 - 0x00007ffee2144000 	C:\Users\SSAFY\Desktop\S11P21E205\GT\Pillsoo\venv\lib\site-packages\scipy\sparse\csgraph\_flow.cp39-win_amd64.pyd
0x00007ffee17f0000 - 0x00007ffee1846000 	C:\Users\SSAFY\Desktop\S11P21E205\GT\Pillsoo\venv\lib\site-packages\scipy\sparse\csgraph\_matching.cp39-win_amd64.pyd
0x00007ffee1740000 - 0x00007ffee1793000 	C:\Users\SSAFY\Desktop\S11P21E205\GT\Pillsoo\venv\lib\site-packages\scipy\sparse\csgraph\_reordering.cp39-win_amd64.pyd
0x00007ffee1540000 - 0x00007ffee169c000 	C:\Users\SSAFY\Desktop\S11P21E205\GT\Pillsoo\venv\lib\site-packages\scipy\special\_ufuncs.cp39-win_amd64.pyd
0x00007ffedd840000 - 0x00007ffedd9ad000 	C:\Users\SSAFY\Desktop\S11P21E205\GT\Pillsoo\venv\lib\site-packages\scipy\special\_ufuncs_cxx.cp39-win_amd64.pyd
0x00007ffee57e0000 - 0x00007ffee5811000 	C:\Users\SSAFY\Desktop\S11P21E205\GT\Pillsoo\venv\lib\site-packages\scipy\special\_cdflib.cp39-win_amd64.pyd
0x00007ffee14f0000 - 0x00007ffee1538000 	C:\Users\SSAFY\Desktop\S11P21E205\GT\Pillsoo\venv\lib\site-packages\scipy\special\_specfun.cp39-win_amd64.pyd
0x00007ffefa300000 - 0x00007ffefa315000 	C:\Users\SSAFY\Desktop\S11P21E205\GT\Pillsoo\venv\lib\site-packages\scipy\special\_comb.cp39-win_amd64.pyd
0x00007ffef73a0000 - 0x00007ffef73c3000 	C:\Users\SSAFY\Desktop\S11P21E205\GT\Pillsoo\venv\lib\site-packages\scipy\special\_ellip_harm_2.cp39-win_amd64.pyd
0x00007ffeda520000 - 0x00007ffeda6ca000 	C:\Users\SSAFY\Desktop\S11P21E205\GT\Pillsoo\venv\lib\site-packages\scipy\spatial\_ckdtree.cp39-win_amd64.pyd
0x00007ffeda410000 - 0x00007ffeda520000 	C:\Users\SSAFY\Desktop\S11P21E205\GT\Pillsoo\venv\lib\site-packages\scipy\spatial\_qhull.cp39-win_amd64.pyd
0x00007ffef9bf0000 - 0x00007ffef9c08000 	C:\Users\SSAFY\Desktop\S11P21E205\GT\Pillsoo\venv\lib\site-packages\scipy\_lib\messagestream.cp39-win_amd64.pyd
0x00007ffee1b70000 - 0x00007ffee1bae000 	C:\Users\SSAFY\Desktop\S11P21E205\GT\Pillsoo\venv\lib\site-packages\scipy\spatial\_voronoi.cp39-win_amd64.pyd
0x00007ffeeb3f0000 - 0x00007ffeeb413000 	C:\Users\SSAFY\Desktop\S11P21E205\GT\Pillsoo\venv\lib\site-packages\scipy\spatial\_distance_wrap.cp39-win_amd64.pyd
0x00007ffee12b0000 - 0x00007ffee12f0000 	C:\Users\SSAFY\Desktop\S11P21E205\GT\Pillsoo\venv\lib\site-packages\scipy\spatial\_hausdorff.cp39-win_amd64.pyd
0x00007ffeda0e0000 - 0x00007ffeda237000 	C:\Users\SSAFY\Desktop\S11P21E205\GT\Pillsoo\venv\lib\site-packages\scipy\spatial\_distance_pybind.cp39-win_amd64.pyd
0x00007ffee0c80000 - 0x00007ffee0d6a000 	C:\Users\SSAFY\Desktop\S11P21E205\GT\Pillsoo\venv\lib\site-packages\scipy\spatial\transform\_rotation.cp39-win_amd64.pyd
0x00007ffedfa50000 - 0x00007ffedfa82000 	C:\Users\SSAFY\Desktop\S11P21E205\GT\Pillsoo\venv\lib\site-packages\scipy\ndimage\_nd_image.cp39-win_amd64.pyd
0x00007ffede840000 - 0x00007ffede8a9000 	C:\Users\SSAFY\Desktop\S11P21E205\GT\Pillsoo\venv\lib\site-packages\scipy\ndimage\_ni_label.cp39-win_amd64.pyd
0x00007ffef4a30000 - 0x00007ffef4a4b000 	C:\Users\SSAFY\Desktop\S11P21E205\GT\Pillsoo\venv\lib\site-packages\scipy\optimize\_minpack2.cp39-win_amd64.pyd
0x00007ffed9fd0000 - 0x00007ffeda0d2000 	C:\Users\SSAFY\Desktop\S11P21E205\GT\Pillsoo\venv\lib\site-packages\scipy\optimize\_group_columns.cp39-win_amd64.pyd
0x00007ffede7e0000 - 0x00007ffede83b000 	C:\Users\SSAFY\Desktop\S11P21E205\GT\Pillsoo\venv\lib\site-packages\scipy\optimize\_trlib\_trlib.cp39-win_amd64.pyd

dbghelp: loaded successfully - version: 4.0.5 - missing functions: none
symbol engine: initialized successfully - sym options: 0x614 - pdb path: .;C:\Users\SSAFY\AppData\Local\Programs\Python\Python39;C:\WINDOWS\SYSTEM32;C:\Users\SSAFY\AppData\Local\Programs\Python\Python39\DLLs;C:\Users\SSAFY\Desktop\S11P21E205\GT\Pillsoo\venv\lib\site-packages\pydantic_core;C:\Users\SSAFY\Desktop\S11P21E205\GT\Pillsoo\venv\lib\site-packages\sqlalchemy\cyextension;C:\Users\SSAFY\Desktop\S11P21E205\GT\Pillsoo\venv\lib\site-packages\greenlet;C:\Users\SSAFY\Desktop\S11P21E205\GT\Pillsoo\venv\lib\site-packages\cryptography\hazmat\bindings;C:\Users\SSAFY\Desktop\S11P21E205\GT\Pillsoo\venv\lib\site-packages;C:\Users\SSAFY\Desktop\S11P21E205\GT\Pillsoo\venv\lib\site-packages\sklearn\__check_build;C:\Users\SSAFY\Desktop\S11P21E205\GT\Pillsoo\venv\lib\site-packages\sklearn\.libs;C:\Users\SSAFY\Desktop\S11P21E205\GT\Pillsoo\venv\lib\site-packages\numpy\core;C:\Users\SSAFY\Desktop\S11P21E205\GT\Pillsoo\venv\lib\site-packages\numpy.libs;C:\Users\SSAFY\Desktop\S11P21E205\GT\Pillsoo\venv\lib\site-packages\numpy\linalg;C:\Users\SSAFY\Desktop\S11P21E205\GT\Pillsoo\venv\lib\site-packages\numpy\fft;C:\Users\SSAFY\Desktop\S11P21E205\GT\Pillsoo\venv\lib\site-packages\numpy\random;C:\Users\SSAFY\Desktop\S11P21E205\GT\Pillsoo\venv\lib\site-packages\psutil;C:\Users\SSAFY\Desktop\S11P21E205\GT\Pillsoo\venv\lib\site-packages\scipy\_lib;C:\Users\SSAFY\Desktop\S11P21E205\GT\Pillsoo\venv\lib\site-packages\scipy\sparse;C:\Users\SSAFY\Desktop\S11P21E205\GT\Pillsoo\venv\lib\site-packages\scipy\linalg;C:\Users\SSAFY\Desktop\S11P21E205\GT\Pillsoo\venv\lib\site-packages\scipy.libs;C:\Users\SSAFY\Desktop\S11P21E205\GT\Pillsoo\venv\lib\site-packages\scipy\sparse\linalg\_dsolve;C:\Users\SSAFY\Desktop\S11P21E205\GT\Pillsoo\venv\lib\site-packages\scipy\sparse\linalg\_eigen\arpack;C:\Users\SSAFY\Desktop\S11P21E205\GT\Pillsoo\venv\lib\site-packages\scipy\sparse\linalg\_propack;C:\Users\SSAFY\Desktop\S11P21E205\GT\Pillsoo\venv\lib\site-packages\scipy\sparse\csgraph;C:\Users\SSAFY\Desktop\S11P21E205\GT\Pillsoo\venv\lib\site-packages\scipy\special;C:\Users\SSAFY\Desktop\S11P21E205\GT\Pillsoo\venv\lib\site-packages\scipy\spatial;C:\Users\SSAFY\Desktop\S11P21E205\GT\Pillsoo\venv\lib\site-packages\scipy\spatial\transform;C:\Users\SSAFY\Desktop\S11P21E205\GT\Pillsoo\venv\lib\site-packages\scipy\ndimage;C:\Users\SSAFY\Desktop\S11P21E205\GT\Pillsoo\venv\lib\site-packages\scipy\optimize;C:\Users\SSAFY\Desktop\S11P21E205\GT\Pillsoo\venv\lib\site-packages\scipy\optimize\_trlib;C:\Users\SSAFY\Desktop\S11P21E205\GT\Pillsoo\venv\lib\site-packages\scipy\optimize\_lsq;C:\Users\SSAFY\Desktop\S11P21E205\GT\Pillsoo\venv\lib\site-packages\scipy\optimize\_highs;C:\Users\SSAFY\Desktop\S11P21E205\GT\Pillsoo\venv\lib\site-packages\scipy\integrate;C:\Users\SSAFY\Desktop\S11P21E205\GT\Pillsoo\venv\lib\site-packages\scipy\stats;C:\Users\SSAFY\Desktop\S11P21E205\GT\Pillsoo\venv\lib\site-packages\scipy\stats\_boost;C:\Users\SSAFY\Desktop\S11P21E205\GT\Pillsoo\venv\lib\site-packages\scipy\interpolate;C:\Users\SSAFY\Desktop\S11P21E205\GT\Pillsoo\venv\lib\site-packages\scipy\stats\_levy_stable;C:\Users\SSAFY\Desktop\S11P21E205\GT\Pillsoo\venv\lib\site-packages\scipy\_lib\_uarray;C:\Users\SSAFY\Desktop\S11P21E205\GT\Pillsoo\venv\lib\site-packages\scipy\fft\_pocketfft;C:\Users\SSAFY\Desktop\S11P21E205\GT\Pillsoo\venv\lib\site-packages\scipy\stats\_rcont;C:\Users\SSAFY\Desktop\S11P21E205\GT\Pillsoo\venv\lib\site-packages\scipy\stats\_unuran;C:\Users\SSAFY\Desktop\S11P21E205\GT\Pillsoo\venv\lib\site-packages\sklearn\utils;C:\Users\SSAFY\Desktop\S11P21E205\GT\Pillsoo\venv\lib\site-packages\sklearn\preprocessing;C:\Users\SSAFY\Desktop\S11P21E205\GT\Pillsoo\venv\lib\site-packages\sklearn\feature_extraction;C:\Users\SSAFY\Desktop\S11P21E205\GT\Pillsoo\venv\lib\site-packages\sklearn\metrics\cluster;C:\Users\SSAFY\Desktop\S11P21E205\GT\Pillsoo\venv\lib\site-packages\sklearn\metrics;C:\Users\SSAFY\Desktop\S11P21E205\GT\Pillsoo\venv\lib\site-packages\sklearn\metrics\_pairwise_distances_reduction;C:\Users\SSAFY\Desktop\S11P21E205\GT\Pillsoo\venv\lib\site-packages\ray;C:\Users\SSAFY\Desktop\S11P21E205\GT\Pillsoo\venv\lib\site-packages\msgpack;C:\Users\SSAFY\Desktop\S11P21E205\GT\Pillsoo\venv\lib\site-packages\google\_upb;C:\Users\SSAFY\Desktop\S11P21E205\GT\Pillsoo\venv\lib\site-packages\ray\thirdparty_files;C:\Users\SSAFY\Desktop\S11P21E205\GT\Pillsoo\venv\lib\site-packages\yaml;C:\Users\SSAFY\Desktop\S11P21E205\GT\Pillsoo\venv\lib\site-packages\charset_normalizer;C:\Users\SSAFY\Desktop\S11P21E205\GT\Pillsoo\venv\lib\site-packages\rpds;C:\WINDOWS\system32\DriverStore\FileRepository\nvsm.inf_amd64_b23d4d460a61bfb1;C:\Program Files\JetBrains\jdk-17.0.11+9\bin\server;C:\Program Files\JetBrains\jdk-17.0.11+9\bin

VM Arguments:
jvm_args: -Dfile.encoding=UTF8 -ea -Xmx1024m 
java_command: <unknown>
java_class_path (initial): C:\Users\SSAFY\Desktop\S11P21E205\GT\Pillsoo\venv\Lib\site-packages\konlpy\java;C:\Users\SSAFY\Desktop\S11P21E205\GT\Pillsoo\venv\Lib\site-packages\konlpy\java\bin;C:\Users\SSAFY\Desktop\S11P21E205\GT\Pillsoo\venv\Lib\site-packages\konlpy\java\aho-corasick.jar;C:\Users\SSAFY\Desktop\S11P21E205\GT\Pillsoo\venv\Lib\site-packages\konlpy\java\jhannanum-0.8.4.jar;C:\Users\SSAFY\Desktop\S11P21E205\GT\Pillsoo\venv\Lib\site-packages\konlpy\java\kkma-2.0.jar;C:\Users\SSAFY\Desktop\S11P21E205\GT\Pillsoo\venv\Lib\site-packages\konlpy\java\komoran-3.0.jar;C:\Users\SSAFY\Desktop\S11P21E205\GT\Pillsoo\venv\Lib\site-packages\konlpy\java\open-korean-text-2.1.0.jar;C:\Users\SSAFY\Desktop\S11P21E205\GT\Pillsoo\venv\Lib\site-packages\konlpy\java\scala-library-2.12.3.jar;C:\Users\SSAFY\Desktop\S11P21E205\GT\Pillsoo\venv\Lib\site-packages\konlpy\java\shineware-common-1.0.jar;C:\Users\SSAFY\Desktop\S11P21E205\GT\Pillsoo\venv\Lib\site-packages\konlpy\java\shineware-ds-1.0.jar;C:\Users\SSAFY\Desktop\S11P21E205\GT\Pillsoo\venv\Lib\site-packages\konlpy\java\snakeyaml-1.12.jar;C:\Users\SSAFY\Desktop\S11P21E205\GT\Pillsoo\venv\Lib\site-packages\konlpy\java\twitter-text-1.14.7.jar;C:\Users\SSAFY\Desktop\S11P21E205\GT\Pillsoo\venv\Lib\site-packages\konlpy\java\jhannanum-0.8.4.jar;C:\Users\SSAFY\Desktop\S11P21E205\GT\Pillsoo\venv\Lib\site-packages\konlpy\java\kkma-2.0.jar;C:\Users\SSAFY\Desktop\S11P21E205\GT\Pillsoo\venv\Lib\site-packages\konlpy\java\aho-corasick.jar;C:\Users\SSAFY\Desktop\S11P21E205\GT\Pillsoo\venv\Lib\site-packages\konlpy\java\shineware-common-1.0.jar;C:\Users\SSAFY\Desktop\S11P21E205\GT\Pillsoo\venv\Lib\site-packages\konlpy\java\shineware-ds-1.0.jar;C:\Users\SSAFY\Desktop\S11P21E205\GT\Pillsoo\venv\Lib\site-packages\konlpy\java\komoran-3.0.jar;C:\Users\SSAFY\Desktop\S11P21E205\GT\Pillsoo\venv\Lib\site-packages\konlpy\java\snakeyaml-1.12.jar;C:\Users\SSAFY\Desktop\S11P21E205\GT\Pillsoo\venv\Lib\site-packages\konlpy\java\scala-library-2.12.3.jar;C:\U
Launcher Type: generic

[Global flags]
     intx CICompilerCount                          = 12                                        {product} {ergonomic}
     uint ConcGCThreads                            = 4                                         {product} {ergonomic}
     uint G1ConcRefinementThreads                  = 15                                        {product} {ergonomic}
   size_t G1HeapRegionSize                         = 1048576                                   {product} {ergonomic}
    uintx GCDrainStackTargetSize                   = 64                                        {product} {ergonomic}
   size_t InitialHeapSize                          = 530579456                                 {product} {ergonomic}
   size_t MarkStackSize                            = 4194304                                   {product} {ergonomic}
   size_t MaxHeapSize                              = 1073741824                                {product} {command line}
   size_t MaxNewSize                               = 643825664                                 {product} {ergonomic}
   size_t MinHeapDeltaBytes                        = 1048576                                   {product} {ergonomic}
   size_t MinHeapSize                              = 8388608                                   {product} {ergonomic}
    uintx NonNMethodCodeHeapSize                   = 7602480                                {pd product} {ergonomic}
    uintx NonProfiledCodeHeapSize                  = 122027880                              {pd product} {ergonomic}
    uintx ProfiledCodeHeapSize                     = 122027880                              {pd product} {ergonomic}
    uintx ReservedCodeCacheSize                    = 251658240                              {pd product} {ergonomic}
     bool SegmentedCodeCache                       = true                                      {product} {ergonomic}
   size_t SoftMaxHeapSize                          = 1073741824                             {manageable} {ergonomic}
     bool UseCompressedClassPointers               = true                           {product lp64_product} {ergonomic}
     bool UseCompressedOops                        = true                           {product lp64_product} {ergonomic}
     bool UseG1GC                                  = true                                      {product} {ergonomic}
     bool UseLargePagesIndividualAllocation        = false                                  {pd product} {ergonomic}

Logging:
Log output configuration:
 #0: stdout all=off uptime,level,tags
 #1: stderr all=off uptime,level,tags

Environment Variables:
JAVA_HOME=C:\Program Files\JetBrains\jdk-17.0.11+9
PATH=C;C:\Users\SSAFY\Desktop\S11P21E205\GT\Pillsoo\venv\Scripts;C:\Users\SSAFY\bin;C:\Program Files\Git\mingw64\bin;C:\Program Files\Git\usr\local\bin;C:\Program Files\Git\usr\bin;C:\Program Files\Git\usr\bin;C:\Program Files\Git\mingw64\bin;C:\Program Files\Git\usr\bin;C:\Users\SSAFY\bin;C:\Windows\system32;C:\Windows;C:\Windows\System32\Wbem;C:\Windows\System32\WindowsPowerShell\v1.0;C:\Windows\System32\OpenSSH;C:\Program Files (x86)\NVIDIA Corporation\PhysX\Common;C:\Program Files\NVIDIA Corporation\NVIDIA NvDLISR;C:\Program Files\Git\cmd;C:\Program Files\JetBrains\jdk-17.0.11+9\bin;C:\Program Files\MySQL\MySQL Server 8.0\bin;C:\Program Files\nodejs;C:\sqlite;C:\WINDOWS\system32;C:\WINDOWS;C:\WINDOWS\System32\Wbem;C:\WINDOWS\System32\WindowsPowerShell\v1.0;C:\WINDOWS\System32\OpenSSH;C:\Program Files\Redis;C:\Program Files (x86)\Microsoft Visual Studio\2022\BuildTools\VC\Tools\MSVC\14.41.34120\bin\Hostx64\x64;C:\Program Files\MySQL\MySQL Shell 8.0\bin;C:\Users\SSAFY\AppData\Local\Programs\Python\Python39\Scripts;C:\Users\SSAFY\AppData\Local\Programs\Python\Python39;C:\Users\SSAFY\AppData\Local\Microsoft\WindowsApps;C:\Program Files\JetBrains\IntelliJ IDEA Community Edition 2024.1.4\bin;C:\Users\SSAFY\AppData\Local\Programs\Microsoft VS Code\bin;C:\Users\SSAFY\AppData\Roaming\npm;C:\Program Files\JetBrains\IntelliJ IDEA 2024.1.4\bin;C:\Program Files\Git\usr\bin\vendor_perl;C:\Program Files\Git\usr\bin\core_perl
USERNAME=SSAFY
SHELL=C:\Program Files\Git\usr\bin\bash.exe
DISPLAY=needs-to-be-defined
LANG=ko_KR.UTF-8
TERM=xterm-256color
TMPDIR=C:\Users\SSAFY\AppData\Local\Temp
OS=Windows_NT
PROCESSOR_IDENTIFIER=Intel64 Family 6 Model 186 Stepping 2, GenuineIntel
TMP=C:\Users\SSAFY\AppData\Local\Temp
TEMP=C:\Users\SSAFY\AppData\Local\Temp



Periodic native trim disabled


---------------  S Y S T E M  ---------------

OS:
 Windows 10 , 64 bit Build 19041 (10.0.19041.4717)
OS uptime: 0 days 7:20 hours

CPU: total 20 (initial active 20) (10 cores per cpu, 2 threads per core) family 6 model 186 stepping 2 microcode 0x410e, cx8, cmov, fxsr, ht, mmx, 3dnowpref, sse, sse2, sse3, ssse3, sse4.1, sse4.2, popcnt, lzcnt, tsc, tscinvbit, avx, avx2, aes, erms, clmul, bmi1, bmi2, adx, sha, fma, vzeroupper, clflush, clflushopt, clwb
Processor Information for processor 0
  Max Mhz: 2400, Current Mhz: 2400, Mhz Limit: 2400
Processor Information for processor 1
  Max Mhz: 2400, Current Mhz: 2400, Mhz Limit: 2400
Processor Information for processor 2
  Max Mhz: 2400, Current Mhz: 2400, Mhz Limit: 2400
Processor Information for processor 3
  Max Mhz: 2400, Current Mhz: 2400, Mhz Limit: 2400
Processor Information for processor 4
  Max Mhz: 2400, Current Mhz: 2400, Mhz Limit: 2400
Processor Information for processor 5
  Max Mhz: 2400, Current Mhz: 2400, Mhz Limit: 2400
Processor Information for processor 6
  Max Mhz: 2400, Current Mhz: 2400, Mhz Limit: 2400
Processor Information for processor 7
  Max Mhz: 2400, Current Mhz: 2400, Mhz Limit: 2400
Processor Information for processor 8
  Max Mhz: 2400, Current Mhz: 2400, Mhz Limit: 2400
Processor Information for processor 9
  Max Mhz: 2400, Current Mhz: 2400, Mhz Limit: 2400
Processor Information for processor 10
  Max Mhz: 2400, Current Mhz: 2400, Mhz Limit: 2400
Processor Information for processor 11
  Max Mhz: 2400, Current Mhz: 2400, Mhz Limit: 2400
Processor Information for processor 12
  Max Mhz: 2400, Current Mhz: 1800, Mhz Limit: 1800
Processor Information for processor 13
  Max Mhz: 2400, Current Mhz: 1800, Mhz Limit: 1800
Processor Information for processor 14
  Max Mhz: 2400, Current Mhz: 1800, Mhz Limit: 1800
Processor Information for processor 15
  Max Mhz: 2400, Current Mhz: 1800, Mhz Limit: 1800
Processor Information for processor 16
  Max Mhz: 2400, Current Mhz: 1800, Mhz Limit: 1800
Processor Information for processor 17
  Max Mhz: 2400, Current Mhz: 1800, Mhz Limit: 1800
Processor Information for processor 18
  Max Mhz: 2400, Current Mhz: 1800, Mhz Limit: 1800
Processor Information for processor 19
  Max Mhz: 2400, Current Mhz: 1800, Mhz Limit: 1800

Memory: 4k page, system-wide physical 32315M (18091M free)
TotalPageFile size 37179M (AvailPageFile size 12080M)
current process WorkingSet (physical memory assigned to process): 244M, peak: 291M
current process commit charge ("private bytes"): 1521M, peak: 2023M

vm_info: OpenJDK 64-Bit Server VM (17.0.11+9) for windows-amd64 JRE (17.0.11+9), built on Apr 17 2024 06:07:48 by "admin" with MS VC++ 16.10 / 16.11 (VS2019)

END.
