#
# A fatal error has been detected by the Java Runtime Environment:
#
#  EXCEPTION_ACCESS_VIOLATION (0xc0000005) at pc=0x00007ffe61b21136, pid=22384, tid=24232
#
# JRE version: OpenJDK Runtime Environment Temurin-17.0.11+9 (17.0.11+9) (build 17.0.11+9)
# Java VM: OpenJDK 64-Bit Server VM Temurin-17.0.11+9 (17.0.11+9, mixed mode, sharing, tiered, compressed oops, compressed class ptrs, g1 gc, windows-amd64)
# Problematic frame:
# C  0x00007ffe61b21136
#
# No core dump will be written. Minidumps are not enabled by default on client versions of Windows
#
# If you would like to submit a bug report, please visit:
#   https://github.com/adoptium/adoptium-support/issues
#

---------------  S U M M A R Y ------------

Command Line: -Dfile.encoding=UTF8 -ea -Xmx1024m 

Host: 13th Gen Intel(R) Core(TM) i7-13700H, 20 cores, 31G,  Windows 10 , 64 bit Build 19041 (10.0.19041.4717)
Time: Mon Sep 23 15:54:26 2024 대한민국 표준시 elapsed time: 237.604266 seconds (0d 0h 3m 57s)

---------------  T H R E A D  ---------------

Current thread (0x000002bc521f1ad0):  VMThread "VM Thread" [stack: 0x000000f5d23d0000,0x000000f5d25c0000] [id=24232]

Stack: [0x000000f5d23d0000,0x000000f5d25c0000],  sp=0x000000f5d25bead0,  free space=1978k
Native frames: (J=compiled Java code, j=interpreted, Vv=VM code, C=native code)
C  0x00007ffe61b21136
C  0x00007ffe622ee8c7
C  0x00007ffe622e1b83
C  0x00007ffe61c64cc6
C  0x00007ffe624a9b5a
C  [ucrtbase.dll+0x142d6]
C  [ucrtbase.dll+0x141fb]
C  [ucrtbase.dll+0x141b4]
C  0x00007ffe624612a9
C  0x00007ffe624613ce
C  [ntdll.dll+0x19a1d]
C  [ntdll.dll+0x5f1da]
C  [ntdll.dll+0x5ef8d]
C  [KERNEL32.DLL+0x1e3eb]
C  [ucrtbase.dll+0x205bc]
C  [ucrtbase.dll+0x2045f]
C  0x00007ffe61416eca
C  0x00007ffe615db19b
C  0x00007ffe615dbed2
C  0x00007ffe615dc3ed
C  0x00007ffe615dc7c4
C  0x00007ffe615dc890
C  0x00007ffe6158410a
C  0x00007ffe6141c315
C  [ucrtbase.dll+0x21bb2]
C  [KERNEL32.DLL+0x17374]
C  [ntdll.dll+0x4cc91]


siginfo: EXCEPTION_ACCESS_VIOLATION (0xc0000005), reading address 0x0000000000000058


Registers:
RAX=0x000002bc51dc5940, RBX=0x000000f5d25bed20, RCX=0x00007ffe628564e0, RDX=0x000000f5d25beb50
RSP=0x000000f5d25bead0, RBP=0x00007ffe628563f0, RSI=0x000000f5d25bed20, RDI=0x000000f5d25beb50
R8 =0x000000f5d25bed20, R9 =0xcbf29ce484222325, R10=0x0000000000000015, R11=0x000000f5d25beb88
R12=0x00007ffe6246141c, R13=0x00007ffe6195df20, R14=0x0000000000000050, R15=0x0000000000000000
RIP=0x00007ffe61b21136, EFLAGS=0x0000000000010206


Register to memory mapping:

RIP=0x00007ffe61b21136 points into unknown readable memory: 49 8b
RAX=0x000002bc51dc5940 points into unknown readable memory: 0x000002bc51dc5300 | 00 53 dc 51 bc 02 00 00
RBX=0x000000f5d25bed20 points into unknown readable memory: 0x5f676f6c5f796100 | 00 61 79 5f 6c 6f 67 5f
RCX=0x00007ffe628564e0 points into unknown readable memory: 0x000000003f800000 | 00 00 80 3f 00 00 00 00
RDX=0x000000f5d25beb50 points into unknown readable memory: 0x000000f5d25bec60 | 60 ec 5b d2 f5 00 00 00
RSP=0x000000f5d25bead0 points into unknown readable memory: 0x0000000000000005 | 05 00 00 00 00 00 00 00
RBP=0x00007ffe628563f0 points into unknown readable memory: 0x0000000000000002 | 02 00 00 00 00 00 00 00
RSI=0x000000f5d25bed20 points into unknown readable memory: 0x5f676f6c5f796100 | 00 61 79 5f 6c 6f 67 5f
RDI=0x000000f5d25beb50 points into unknown readable memory: 0x000000f5d25bec60 | 60 ec 5b d2 f5 00 00 00
R8 =0x000000f5d25bed20 points into unknown readable memory: 0x5f676f6c5f796100 | 00 61 79 5f 6c 6f 67 5f
R9 =0xcbf29ce484222325 is an unknown value
R10=0x0000000000000015 is an unknown value
R11=0x000000f5d25beb88 points into unknown readable memory: 0x000000f5d25bec70 | 70 ec 5b d2 f5 00 00 00
R12=0x00007ffe6246141c points into unknown readable memory: 48 89 5c 24
R13=0x00007ffe6195df20 points into unknown readable memory: 0x00007ffe61959e70 | 70 9e 95 61 fe 7f 00 00
R14=0x0000000000000050 is an unknown value
R15=0x0 is NULL


Top of Stack: (sp=0x000000f5d25bead0)
0x000000f5d25bead0:   0000000000000005 00007ffefd7de431
0x000000f5d25beae0:   000002bc5229e660 00007ffefd7e0742
0x000000f5d25beaf0:   0000000000000000 0000f22707821275
0x000000f5d25beb00:   000000f5d25bebb8 00007ffe622ee8c7
0x000000f5d25beb10:   0000000000000005 000000f5d25bed20
0x000000f5d25beb20:   000000f5d25bed20 000000f5d25bebb8
0x000000f5d25beb30:   000002bc01e35640 000000f500000000
0x000000f5d25beb40:   000002bc5229e660 0000000000000000
0x000000f5d25beb50:   000000f5d25bec60 000000f5d25bec70
0x000000f5d25beb60:   000002bc5235c200 00007ffe622e1b83
0x000000f5d25beb70:   0000f22707821275 000000f5d25bedd0
0x000000f5d25beb80:   000000f5d25bedd0 000000f5d25bec70
0x000000f5d25beb90:   0000000000000000 0000000000000005
0x000000f5d25beba0:   000000000000000f 0000000000000000
0x000000f5d25bebb0:   0000000000000000 0000000000000000
0x000000f5d25bebc0:   000000000000000f 0000aa6cc75e5db2
0x000000f5d25bebd0:   000002bc03909f40 0000000000005770
0x000000f5d25bebe0:   00007ffe6195df20 00007ffe6246141c
0x000000f5d25bebf0:   000000f5d25bed40 000002bc03909f40
0x000000f5d25bec00:   000000f5d25bed30 00007ffefd7e0848
0x000000f5d25bec10:   000000f5d25bee70 00007ffe61c25b01
0x000000f5d25bec20:   000002bc03909f40 00007fff25341910
0x000000f5d25bec30:   00007ffe6195df20 00007ffe6246141c
0x000000f5d25bec40:   000000f5d25bede8 00007fff2308055b
0x000000f5d25bec50:   0000000000000005 0000000000005770
0x000000f5d25bec60:   0000e6f06fe3d495 000000f5d25bed30
0x000000f5d25bec70:   0000000000000000 00007fff1a096825
0x000000f5d25bec80:   0000000000000000 0000000000000000
0x000000f5d25bec90:   00007ffe624dc4d8 00007fff25341910
0x000000f5d25beca0:   000000f5d25bede8 00007fff1a0964b9
0x000000f5d25becb0:   0000000000000000 000000f5d25bede8
0x000000f5d25becc0:   000000f5d25bede8 000002bc01e35640 

Instructions: (pc=0x00007ffe61b21136)
0x00007ffe61b21036:   8d 4f 24 49 3b d8 74 32 48 2b cb 0f 1f 40 00 66
0x00007ffe61b21046:   66 66 0f 1f 84 00 00 00 00 00 0f 10 03 0f 11 04
0x00007ffe61b21056:   19 0f 10 4b 10 0f 11 4c 19 10 8b 43 20 89 44 19
0x00007ffe61b21066:   20 48 83 c3 24 49 3b d8 75 e0 4c 8b 07 4d 85 c0
0x00007ffe61b21076:   74 52 48 8b 4f 10 49 2b c8 48 b8 39 8e e3 38 8e
0x00007ffe61b21086:   e3 38 0e 48 f7 e9 48 d1 fa 48 8b c2 48 c1 e8 3f
0x00007ffe61b21096:   48 03 d0 48 8d 14 d2 48 c1 e2 02 48 81 fa 00 10
0x00007ffe61b210a6:   00 00 72 18 48 83 c2 27 49 8b 48 f8 4c 2b c1 49
0x00007ffe61b210b6:   8d 40 f8 48 83 f8 1f 77 39 4c 8b c1 49 8b c8 e8
0x00007ffe61b210c6:   32 f5 93 00 4c 89 37 4b 8d 0c e4 49 8d 14 8e 48
0x00007ffe61b210d6:   89 57 08 48 8d 0c f6 49 8d 14 8e 48 89 57 10 49
0x00007ffe61b210e6:   8b c7 48 83 c4 20 41 5f 41 5e 41 5d 41 5c 5f 5e
0x00007ffe61b210f6:   5b c3 ff 15 42 8b 99 00 cc e8 1c 2c 01 00 cc cc
0x00007ffe61b21106:   cc cc cc cc cc cc cc cc cc cc 48 89 5c 24 18 56
0x00007ffe61b21116:   57 41 56 48 83 ec 20 4c 8b 71 30 49 8b f0 48 8b
0x00007ffe61b21126:   41 08 4d 23 f1 49 c1 e6 04 48 8b fa 4c 03 71 18
0x00007ffe61b21136:   49 8b 5e 08 48 3b d8 75 1c 48 89 02 48 8b c2 48
0x00007ffe61b21146:   c7 42 08 00 00 00 00 48 8b 5c 24 50 48 83 c4 20
0x00007ffe61b21156:   41 5e 5f 5e c3 4d 8b 36 48 89 6c 24 40 49 8b 68
0x00007ffe61b21166:   10 4c 89 7c 24 48 4d 8b 78 18 48 83 7b 28 10 48
0x00007ffe61b21176:   8d 53 10 48 8b 42 10 72 03 48 8b 12 48 8b ce 49
0x00007ffe61b21186:   83 ff 10 72 03 48 8b 0e 48 3b e8 75 0c 4c 8b c5
0x00007ffe61b21196:   e8 4f 0f 94 00 85 c0 74 0b 49 3b de 74 12 48 8b
0x00007ffe61b211a6:   5b 08 eb c6 48 8b 03 48 89 07 48 89 5f 08 eb 0b
0x00007ffe61b211b6:   48 89 1f 48 c7 47 08 00 00 00 00 48 8b 6c 24 40
0x00007ffe61b211c6:   48 8b c7 4c 8b 7c 24 48 48 8b 5c 24 50 48 83 c4
0x00007ffe61b211d6:   20 41 5e 5f 5e c3 cc cc cc cc 48 89 5c 24 10 56
0x00007ffe61b211e6:   48 83 ec 20 48 8b 42 08 33 f6 48 89 30 48 8b 1a
0x00007ffe61b211f6:   48 85 db 74 69 48 89 7c 24 30 48 8b 53 28 48 8b
0x00007ffe61b21206:   3b 48 83 fa 10 72 2d 48 8b 4b 10 48 ff c2 48 81
0x00007ffe61b21216:   fa 00 10 00 00 72 18 4c 8b 41 f8 48 83 c2 27 49
0x00007ffe61b21226:   2b c8 48 8d 41 f8 48 83 f8 1f 77 3d 49 8b c8 e8 


Stack slot to memory mapping:
stack at sp + 0 slots: 0x0000000000000005 is an unknown value
stack at sp + 1 slots: 0x00007ffefd7de431 msvcp140.dll
stack at sp + 2 slots: 0x000002bc5229e660 points into unknown readable memory: 0x00007ffefd8281c0 | c0 81 82 fd fe 7f 00 00
stack at sp + 3 slots: 0x00007ffefd7e0742 msvcp140.dll
stack at sp + 4 slots: 0x0 is NULL
stack at sp + 5 slots: 0x0000f22707821275 is an unknown value
stack at sp + 6 slots: 0x000000f5d25bebb8 points into unknown readable memory: 0x0000000000000000 | 00 00 00 00 00 00 00 00
stack at sp + 7 slots: 0x00007ffe622ee8c7 points into unknown readable memory: 48

VM_Operation (0x000000f5c69cef00): Exit, mode: safepoint, requested by thread 0x000002bc79700200


---------------  P R O C E S S  ---------------

Threads class SMR info:
_java_thread_list=0x000002bc7292cfe0, length=14, elements={
0x000002bc51c05f10, 0x000002bc51bffee0, 0x000002bc51bfefb0, 0x000002bc51c045c0,
0x000002bc51bff9d0, 0x000002bc54d1f490, 0x000002bc54d1db40, 0x000002bc51ed0590,
0x000002bc51ecf5a0, 0x000002bc54d1e050, 0x000002bc54d1ef80, 0x000002bc54d1f9a0,
0x000002bc54d1e560, 0x000002bc79700200
}

Java Threads: ( => current thread )
  0x000002bc51c05f10 JavaThread "main" [_thread_in_native, id=26348, stack(0x000000f5c6400000,0x000000f5c65f0000)]
  0x000002bc51bffee0 JavaThread "Reference Handler" daemon [_thread_blocked, id=24388, stack(0x000000f5d25c0000,0x000000f5d27b0000)]
  0x000002bc51bfefb0 JavaThread "Finalizer" daemon [_thread_blocked, id=22432, stack(0x000000f5d27b0000,0x000000f5d29a0000)]
  0x000002bc51c045c0 JavaThread "Signal Dispatcher" daemon [_thread_blocked, id=26464, stack(0x000000f5d29a0000,0x000000f5d2b90000)]
  0x000002bc51bff9d0 JavaThread "Attach Listener" daemon [_thread_blocked, id=24468, stack(0x000000f5d2b90000,0x000000f5d2d80000)]
  0x000002bc54d1f490 JavaThread "Service Thread" daemon [_thread_blocked, id=21392, stack(0x000000f5d2d80000,0x000000f5d2f70000)]
  0x000002bc54d1db40 JavaThread "Monitor Deflation Thread" daemon [_thread_blocked, id=25784, stack(0x000000f5d2f70000,0x000000f5d3160000)]
  0x000002bc51ed0590 JavaThread "C2 CompilerThread0" daemon [_thread_blocked, id=13924, stack(0x000000f5d3160000,0x000000f5d3350000)]
  0x000002bc51ecf5a0 JavaThread "C1 CompilerThread0" daemon [_thread_blocked, id=4820, stack(0x000000f5d3350000,0x000000f5d3540000)]
  0x000002bc54d1e050 JavaThread "Sweeper thread" daemon [_thread_blocked, id=23976, stack(0x000000f5d3540000,0x000000f5d3730000)]
  0x000002bc54d1ef80 JavaThread "Notification Thread" daemon [_thread_blocked, id=11368, stack(0x000000f5d3920000,0x000000f5d3b10000)]
  0x000002bc54d1f9a0 JavaThread "Common-Cleaner" daemon [_thread_blocked, id=10092, stack(0x000000f5d3d00000,0x000000f5d3ef0000)]
  0x000002bc54d1e560 JavaThread "Thread-1" daemon [_thread_in_native, id=1932, stack(0x000000f5c65f0000,0x000000f5c67e0000)]
  0x000002bc79700200 JavaThread "SIGINT handler" daemon [_thread_blocked, id=24648, stack(0x000000f5c67e0000,0x000000f5c69d0000)]

Other Threads:
=>0x000002bc521f1ad0 VMThread "VM Thread" [stack: 0x000000f5d23d0000,0x000000f5d25c0000] [id=24232]
  0x000002bc521bb0b0 GCTaskThread "GC Thread#0" [stack: 0x000000f5d1a20000,0x000000f5d1c10000] [id=18764]
  0x000002bc521badf0 GCTaskThread "GC Thread#1" [stack: 0x000000f5d44c0000,0x000000f5d46b0000] [id=22484]
  0x000002bc521bb8f0 GCTaskThread "GC Thread#2" [stack: 0x000000f5d46b0000,0x000000f5d48a0000] [id=7368]
  0x000002bc521ba870 GCTaskThread "GC Thread#3" [stack: 0x000000f5d48a0000,0x000000f5d4a90000] [id=24320]
  0x000002bc521bbe70 GCTaskThread "GC Thread#4" [stack: 0x000000f5d4a90000,0x000000f5d4c80000] [id=18608]
  0x000002bc521bb370 GCTaskThread "GC Thread#5" [stack: 0x000000f5d4c80000,0x000000f5d4e70000] [id=19108]
  0x000002bc521bdf70 GCTaskThread "GC Thread#6" [stack: 0x000000f5d5df0000,0x000000f5d5fe0000] [id=2904]
  0x000002bc729312c0 GCTaskThread "GC Thread#7" [stack: 0x000000f5d5fe0000,0x000000f5d61d0000] [id=16432]
  0x000002bc72bd9970 GCTaskThread "GC Thread#8" [stack: 0x000000f5d3ef0000,0x000000f5d40e0000] [id=24868]
  0x000002bc51ee18c0 ConcurrentGCThread "G1 Main Marker" terminated
  0x000002bc521bdcb0 ConcurrentGCThread "G1 Conc#0" [stack: 0x000000f5d1e00000,0x000000f5d1ff0000] [id=16180]
  0x000002bc72931dc0 ConcurrentGCThread "G1 Conc#1" [stack: 0x000000f5d61d0000,0x000000f5d63c0000] [id=14632]
  0x000002bc72932080 ConcurrentGCThread "G1 Conc#2" [stack: 0x000000f5d63c0000,0x000000f5d65b0000] [id=6152]
  0x000002bc72931000 ConcurrentGCThread "G1 Conc#3" [stack: 0x000000f5d65b0000,0x000000f5d67a0000] [id=7260]
  0x000002bc5218f6d0 ConcurrentGCThread "G1 Refine#0" terminated
  0x000002bc77fcadf0 ConcurrentGCThread "G1 Refine#1" terminated
  0x000002bc77fcd420 ConcurrentGCThread "G1 Refine#2" terminated
  0x000002bc521b5470 ConcurrentGCThread "G1 Service" terminated

Threads with active compile tasks:
C1 CompilerThread0  
[error occurred during error reporting (printing all threads), id 0xc0000005, EXCEPTION_ACCESS_VIOLATION (0xc0000005) at pc=0x00007ffe61592b83]

VM state: at safepoint (shutting down)

VM Mutex/Monitor currently owned by a thread:  ([mutex/lock_event])
[0x000002bc54a19510] Threads_lock - owner thread: 0x000002bc521f1ad0
[0x000002bc54a18d30] Heap_lock - owner thread: 0x000002bc79700200

Heap address: 0x00000000c0000000, size: 1024 MB, Compressed Oops mode: 32-bit

CDS archive(s) mapped at: [0x000002bdf2000000-0x000002bdf2bb0000-0x000002bdf2bb0000), size 12255232, SharedBaseAddress: 0x000002bdf2000000, ArchiveRelocationMode: 1.
Compressed class space mapped at: 0x000002bdf3000000-0x000002be33000000, reserved size: 1073741824
Narrow klass base: 0x000002bdf2000000, Narrow klass shift: 0, Narrow klass range: 0x100000000

GC Precious Log:
 CPUs: 20 total, 20 available
 Memory: 32315M
 Large Page Support: Disabled
 NUMA Support: Disabled
 Compressed Oops: Enabled (32-bit)
 Heap Region Size: 1M
 Heap Min Capacity: 8M
 Heap Initial Capacity: 506M
 Heap Max Capacity: 1G
 Pre-touch: Disabled
 Parallel Workers: 15
 Concurrent Workers: 4
 Concurrent Refinement Workers: 15
 Periodic GC: Disabled

Heap:
 garbage-first heap   total 235520K, used 80079K [0x00000000c0000000, 0x0000000100000000)
  region size 1024K, 2 young (2048K), 0 survivors (0K)
 Metaspace       used 9762K, committed 9984K, reserved 1114112K
  class space    used 1482K, committed 1600K, reserved 1048576K

Heap Regions: E=young(eden), S=young(survivor), O=old, HS=humongous(starts), HC=humongous(continues), CS=collection set, F=free, OA=open archive, CA=closed archive, TAMS=top-at-mark-start (previous, next)
|   0|0x00000000c0000000, 0x00000000c0100000, 0x00000000c0100000|100%| O|  |TAMS 0x00000000c0100000, 0x00000000c0000000| Untracked 
|   1|0x00000000c0100000, 0x00000000c01fffe8, 0x00000000c0200000| 99%| O|  |TAMS 0x00000000c01fffe8, 0x00000000c0100000| Untracked 
|   2|0x00000000c0200000, 0x00000000c02ffff8, 0x00000000c0300000| 99%| O|  |TAMS 0x00000000c02ffff8, 0x00000000c0200000| Untracked 
|   3|0x00000000c0300000, 0x00000000c03ffff0, 0x00000000c0400000| 99%| O|  |TAMS 0x00000000c03ffff0, 0x00000000c0300000| Untracked 
|   4|0x00000000c0400000, 0x00000000c0500000, 0x00000000c0500000|100%| O|  |TAMS 0x00000000c0500000, 0x00000000c0400000| Untracked 
|   5|0x00000000c0500000, 0x00000000c05fd830, 0x00000000c0600000| 99%| O|  |TAMS 0x00000000c05fd830, 0x00000000c0500000| Untracked 
|   6|0x00000000c0600000, 0x00000000c0700000, 0x00000000c0700000|100%| O|  |TAMS 0x00000000c0700000, 0x00000000c0600000| Untracked 
|   7|0x00000000c0700000, 0x00000000c07ffff8, 0x00000000c0800000| 99%| O|  |TAMS 0x00000000c07ffff8, 0x00000000c0700000| Untracked 
|   8|0x00000000c0800000, 0x00000000c08ffff0, 0x00000000c0900000| 99%| O|  |TAMS 0x00000000c08ffff0, 0x00000000c0800000| Untracked 
|   9|0x00000000c0900000, 0x00000000c09ffff8, 0x00000000c0a00000| 99%| O|  |TAMS 0x00000000c09ffff8, 0x00000000c0900000| Untracked 
|  10|0x00000000c0a00000, 0x00000000c0b00000, 0x00000000c0b00000|100%| O|  |TAMS 0x00000000c0b00000, 0x00000000c0a00000| Untracked 
|  11|0x00000000c0b00000, 0x00000000c0bffff8, 0x00000000c0c00000| 99%| O|  |TAMS 0x00000000c0bffff8, 0x00000000c0b00000| Untracked 
|  12|0x00000000c0c00000, 0x00000000c0d00000, 0x00000000c0d00000|100%| O|  |TAMS 0x00000000c0d00000, 0x00000000c0c00000| Untracked 
|  13|0x00000000c0d00000, 0x00000000c0dffff8, 0x00000000c0e00000| 99%| O|  |TAMS 0x00000000c0dffff8, 0x00000000c0d00000| Untracked 
|  14|0x00000000c0e00000, 0x00000000c0effed0, 0x00000000c0f00000| 99%| O|  |TAMS 0x00000000c0effed0, 0x00000000c0e00000| Untracked 
|  15|0x00000000c0f00000, 0x00000000c1000000, 0x00000000c1000000|100%|HS|  |TAMS 0x00000000c1000000, 0x00000000c0f00000| Untracked 
|  16|0x00000000c1000000, 0x00000000c1100000, 0x00000000c1100000|100%|HC|  |TAMS 0x00000000c1100000, 0x00000000c1000000| Untracked 
|  17|0x00000000c1100000, 0x00000000c1200000, 0x00000000c1200000|100%|HS|  |TAMS 0x00000000c1200000, 0x00000000c1100000| Untracked 
|  18|0x00000000c1200000, 0x00000000c1300000, 0x00000000c1300000|100%|HC|  |TAMS 0x00000000c1300000, 0x00000000c1200000| Untracked 
|  19|0x00000000c1300000, 0x00000000c13ffff0, 0x00000000c1400000| 99%| O|  |TAMS 0x00000000c13ffff0, 0x00000000c1300000| Untracked 
|  20|0x00000000c1400000, 0x00000000c14ffff8, 0x00000000c1500000| 99%| O|  |TAMS 0x00000000c14ffff8, 0x00000000c1400000| Untracked 
|  21|0x00000000c1500000, 0x00000000c15ffff8, 0x00000000c1600000| 99%| O|  |TAMS 0x00000000c15ffff8, 0x00000000c1500000| Untracked 
|  22|0x00000000c1600000, 0x00000000c16fffe8, 0x00000000c1700000| 99%| O|  |TAMS 0x00000000c16fffe8, 0x00000000c1600000| Untracked 
|  23|0x00000000c1700000, 0x00000000c1800000, 0x00000000c1800000|100%|HS|  |TAMS 0x00000000c1800000, 0x00000000c1700000| Untracked 
|  24|0x00000000c1800000, 0x00000000c1900000, 0x00000000c1900000|100%|HS|  |TAMS 0x00000000c1900000, 0x00000000c1800000| Untracked 
|  25|0x00000000c1900000, 0x00000000c1a00000, 0x00000000c1a00000|100%|HS|  |TAMS 0x00000000c1a00000, 0x00000000c1900000| Untracked 
|  26|0x00000000c1a00000, 0x00000000c1b00000, 0x00000000c1b00000|100%| O|  |TAMS 0x00000000c1b00000, 0x00000000c1a00000| Untracked 
|  27|0x00000000c1b00000, 0x00000000c1bffff8, 0x00000000c1c00000| 99%| O|  |TAMS 0x00000000c1bffff8, 0x00000000c1b00000| Untracked 
|  28|0x00000000c1c00000, 0x00000000c1d00000, 0x00000000c1d00000|100%|HS|  |TAMS 0x00000000c1d00000, 0x00000000c1c00000| Untracked 
|  29|0x00000000c1d00000, 0x00000000c1e00000, 0x00000000c1e00000|100%|HC|  |TAMS 0x00000000c1e00000, 0x00000000c1d00000| Untracked 
|  30|0x00000000c1e00000, 0x00000000c1f00000, 0x00000000c1f00000|100%|HS|  |TAMS 0x00000000c1f00000, 0x00000000c1e00000| Untracked 
|  31|0x00000000c1f00000, 0x00000000c2000000, 0x00000000c2000000|100%|HC|  |TAMS 0x00000000c2000000, 0x00000000c1f00000| Untracked 
|  32|0x00000000c2000000, 0x00000000c20ffff0, 0x00000000c2100000| 99%| O|  |TAMS 0x00000000c20ffff0, 0x00000000c2000000| Untracked 
|  33|0x00000000c2100000, 0x00000000c2200000, 0x00000000c2200000|100%| O|  |TAMS 0x00000000c2200000, 0x00000000c2100000| Untracked 
|  34|0x00000000c2200000, 0x00000000c2300000, 0x00000000c2300000|100%| O|  |TAMS 0x00000000c2300000, 0x00000000c2200000| Untracked 
|  35|0x00000000c2300000, 0x00000000c2400000, 0x00000000c2400000|100%| O|  |TAMS 0x00000000c2400000, 0x00000000c2300000| Untracked 
|  36|0x00000000c2400000, 0x00000000c2500000, 0x00000000c2500000|100%| O|  |TAMS 0x00000000c2500000, 0x00000000c2400000| Untracked 
|  37|0x00000000c2500000, 0x00000000c2600000, 0x00000000c2600000|100%| O|  |TAMS 0x00000000c2600000, 0x00000000c2500000| Untracked 
|  38|0x00000000c2600000, 0x00000000c2700000, 0x00000000c2700000|100%| O|  |TAMS 0x00000000c2700000, 0x00000000c2600000| Untracked 
|  39|0x00000000c2700000, 0x00000000c27ffff0, 0x00000000c2800000| 99%| O|  |TAMS 0x00000000c27ffff0, 0x00000000c2700000| Untracked 
|  40|0x00000000c2800000, 0x00000000c28ffff0, 0x00000000c2900000| 99%| O|  |TAMS 0x00000000c28ffff0, 0x00000000c2800000| Untracked 
|  41|0x00000000c2900000, 0x00000000c2a00000, 0x00000000c2a00000|100%| O|  |TAMS 0x00000000c2a00000, 0x00000000c2900000| Untracked 
|  42|0x00000000c2a00000, 0x00000000c2b00000, 0x00000000c2b00000|100%|HS|  |TAMS 0x00000000c2b00000, 0x00000000c2a00000| Untracked 
|  43|0x00000000c2b00000, 0x00000000c2c00000, 0x00000000c2c00000|100%|HC|  |TAMS 0x00000000c2c00000, 0x00000000c2b00000| Untracked 
|  44|0x00000000c2c00000, 0x00000000c2cffff0, 0x00000000c2d00000| 99%| O|  |TAMS 0x00000000c2cffff0, 0x00000000c2c00000| Untracked 
|  45|0x00000000c2d00000, 0x00000000c2df5900, 0x00000000c2e00000| 95%| O|  |TAMS 0x00000000c2df5900, 0x00000000c2d00000| Untracked 
|  46|0x00000000c2e00000, 0x00000000c2f00000, 0x00000000c2f00000|100%|HS|  |TAMS 0x00000000c2f00000, 0x00000000c2e00000| Untracked 
|  47|0x00000000c2f00000, 0x00000000c3000000, 0x00000000c3000000|100%|HC|  |TAMS 0x00000000c3000000, 0x00000000c2f00000| Untracked 
|  48|0x00000000c3000000, 0x00000000c30ffff0, 0x00000000c3100000| 99%| O|  |TAMS 0x00000000c30ffff0, 0x00000000c3000000| Untracked 
|  49|0x00000000c3100000, 0x00000000c31ffff0, 0x00000000c3200000| 99%| O|  |TAMS 0x00000000c31ffff0, 0x00000000c3100000| Untracked 
|  50|0x00000000c3200000, 0x00000000c32ffff8, 0x00000000c3300000| 99%| O|  |TAMS 0x00000000c32ffff8, 0x00000000c3200000| Untracked 
|  51|0x00000000c3300000, 0x00000000c3400000, 0x00000000c3400000|100%| O|  |TAMS 0x00000000c3400000, 0x00000000c3300000| Untracked 
|  52|0x00000000c3400000, 0x00000000c3500000, 0x00000000c3500000|100%| O|  |TAMS 0x00000000c3500000, 0x00000000c3400000| Untracked 
|  53|0x00000000c3500000, 0x00000000c35ffff0, 0x00000000c3600000| 99%| O|  |TAMS 0x00000000c35ffff0, 0x00000000c3500000| Untracked 
|  54|0x00000000c3600000, 0x00000000c36fffe8, 0x00000000c3700000| 99%| O|  |TAMS 0x00000000c36fffe8, 0x00000000c3600000| Untracked 
|  55|0x00000000c3700000, 0x00000000c37fffe8, 0x00000000c3800000| 99%| O|  |TAMS 0x00000000c37fffe8, 0x00000000c3700000| Untracked 
|  56|0x00000000c3800000, 0x00000000c38ffff0, 0x00000000c3900000| 99%| O|  |TAMS 0x00000000c38ffff0, 0x00000000c3800000| Untracked 
|  57|0x00000000c3900000, 0x00000000c3a00000, 0x00000000c3a00000|100%| O|  |TAMS 0x00000000c3a00000, 0x00000000c3900000| Untracked 
|  58|0x00000000c3a00000, 0x00000000c3b00000, 0x00000000c3b00000|100%| O|  |TAMS 0x00000000c3b00000, 0x00000000c3a00000| Untracked 
|  59|0x00000000c3b00000, 0x00000000c3bffff0, 0x00000000c3c00000| 99%| O|  |TAMS 0x00000000c3bffff0, 0x00000000c3b00000| Untracked 
|  60|0x00000000c3c00000, 0x00000000c3cfffe8, 0x00000000c3d00000| 99%| O|  |TAMS 0x00000000c3cfffe8, 0x00000000c3c00000| Untracked 
|  61|0x00000000c3d00000, 0x00000000c3dffff8, 0x00000000c3e00000| 99%| O|  |TAMS 0x00000000c3dffff8, 0x00000000c3d00000| Untracked 
|  62|0x00000000c3e00000, 0x00000000c3f00000, 0x00000000c3f00000|100%| O|  |TAMS 0x00000000c3f00000, 0x00000000c3e00000| Untracked 
|  63|0x00000000c3f00000, 0x00000000c3fffff8, 0x00000000c4000000| 99%| O|  |TAMS 0x00000000c3fffff8, 0x00000000c3f00000| Untracked 
|  64|0x00000000c4000000, 0x00000000c40ffff0, 0x00000000c4100000| 99%| O|  |TAMS 0x00000000c40ffff0, 0x00000000c4000000| Untracked 
|  65|0x00000000c4100000, 0x00000000c4200000, 0x00000000c4200000|100%| O|  |TAMS 0x00000000c4200000, 0x00000000c4100000| Untracked 
|  66|0x00000000c4200000, 0x00000000c42ffff0, 0x00000000c4300000| 99%| O|  |TAMS 0x00000000c42ffff0, 0x00000000c4200000| Untracked 
|  67|0x00000000c4300000, 0x00000000c43ffff0, 0x00000000c4400000| 99%| O|  |TAMS 0x00000000c43ffff0, 0x00000000c4300000| Untracked 
|  68|0x00000000c4400000, 0x00000000c44ffff0, 0x00000000c4500000| 99%| O|  |TAMS 0x00000000c44ffff0, 0x00000000c4400000| Untracked 
|  69|0x00000000c4500000, 0x00000000c4600000, 0x00000000c4600000|100%| O|  |TAMS 0x00000000c4600000, 0x00000000c4500000| Untracked 
|  70|0x00000000c4600000, 0x00000000c46ffff8, 0x00000000c4700000| 99%| O|  |TAMS 0x00000000c46ffff8, 0x00000000c4600000| Untracked 
|  71|0x00000000c4700000, 0x00000000c471d578, 0x00000000c4800000| 11%| O|  |TAMS 0x00000000c4700000, 0x00000000c4700000| Untracked 
|  72|0x00000000c4800000, 0x00000000c48ec700, 0x00000000c4900000| 92%| O|  |TAMS 0x00000000c4800000, 0x00000000c4800000| Untracked 
|  73|0x00000000c4900000, 0x00000000c493ce80, 0x00000000c4a00000| 23%| O|  |TAMS 0x00000000c4900000, 0x00000000c4900000| Untracked 
|  74|0x00000000c4a00000, 0x00000000c4affff0, 0x00000000c4b00000| 99%| O|  |TAMS 0x00000000c4affff0, 0x00000000c4a00000| Untracked 
|  75|0x00000000c4b00000, 0x00000000c4bffff0, 0x00000000c4c00000| 99%| O|  |TAMS 0x00000000c4bffff0, 0x00000000c4b00000| Untracked 
|  76|0x00000000c4c00000, 0x00000000c4cffff8, 0x00000000c4d00000| 99%| O|  |TAMS 0x00000000c4cffff8, 0x00000000c4c00000| Untracked 
|  77|0x00000000c4d00000, 0x00000000c4d00038, 0x00000000c4e00000|  0%| O|  |TAMS 0x00000000c4d00000, 0x00000000c4d00000| Untracked 
|  78|0x00000000c4e00000, 0x00000000c4effff8, 0x00000000c4f00000| 99%| O|  |TAMS 0x00000000c4effff8, 0x00000000c4e00000| Untracked 
|  79|0x00000000c4f00000, 0x00000000c4f00000, 0x00000000c5000000|  0%| F|  |TAMS 0x00000000c4f00000, 0x00000000c4f00000| Untracked 
|  80|0x00000000c5000000, 0x00000000c5000000, 0x00000000c5100000|  0%| F|  |TAMS 0x00000000c5000000, 0x00000000c5000000| Untracked 
|  81|0x00000000c5100000, 0x00000000c5100000, 0x00000000c5200000|  0%| F|  |TAMS 0x00000000c5100000, 0x00000000c5100000| Untracked 
|  82|0x00000000c5200000, 0x00000000c5200000, 0x00000000c5300000|  0%| F|  |TAMS 0x00000000c5200000, 0x00000000c5200000| Untracked 
|  83|0x00000000c5300000, 0x00000000c5300000, 0x00000000c5400000|  0%| F|  |TAMS 0x00000000c5300000, 0x00000000c5300000| Untracked 
|  84|0x00000000c5400000, 0x00000000c5400000, 0x00000000c5500000|  0%| F|  |TAMS 0x00000000c5400000, 0x00000000c5400000| Untracked 
|  85|0x00000000c5500000, 0x00000000c5500000, 0x00000000c5600000|  0%| F|  |TAMS 0x00000000c5500000, 0x00000000c5500000| Untracked 
|  86|0x00000000c5600000, 0x00000000c5600000, 0x00000000c5700000|  0%| F|  |TAMS 0x00000000c5600000, 0x00000000c5600000| Untracked 
|  87|0x00000000c5700000, 0x00000000c57fa5a8, 0x00000000c5800000| 97%| O|  |TAMS 0x00000000c57fa5a8, 0x00000000c5700000| Untracked 
|  88|0x00000000c5800000, 0x00000000c5800000, 0x00000000c5900000|  0%| F|  |TAMS 0x00000000c5800000, 0x00000000c5800000| Untracked 
|  89|0x00000000c5900000, 0x00000000c5900000, 0x00000000c5a00000|  0%| F|  |TAMS 0x00000000c5900000, 0x00000000c5900000| Untracked 
|  90|0x00000000c5a00000, 0x00000000c5a00000, 0x00000000c5b00000|  0%| F|  |TAMS 0x00000000c5a00000, 0x00000000c5a00000| Untracked 
|  91|0x00000000c5b00000, 0x00000000c5b00000, 0x00000000c5c00000|  0%| F|  |TAMS 0x00000000c5b00000, 0x00000000c5b00000| Untracked 
|  92|0x00000000c5c00000, 0x00000000c5c00000, 0x00000000c5d00000|  0%| F|  |TAMS 0x00000000c5c00000, 0x00000000c5c00000| Untracked 
|  93|0x00000000c5d00000, 0x00000000c5d00000, 0x00000000c5e00000|  0%| F|  |TAMS 0x00000000c5d00000, 0x00000000c5d00000| Untracked 
|  94|0x00000000c5e00000, 0x00000000c5e00000, 0x00000000c5f00000|  0%| F|  |TAMS 0x00000000c5e00000, 0x00000000c5e00000| Untracked 
|  95|0x00000000c5f00000, 0x00000000c5f00000, 0x00000000c6000000|  0%| F|  |TAMS 0x00000000c5f00000, 0x00000000c5f00000| Untracked 
|  96|0x00000000c6000000, 0x00000000c6000000, 0x00000000c6100000|  0%| F|  |TAMS 0x00000000c6000000, 0x00000000c6000000| Untracked 
|  97|0x00000000c6100000, 0x00000000c6100000, 0x00000000c6200000|  0%| F|  |TAMS 0x00000000c6100000, 0x00000000c6100000| Untracked 
|  98|0x00000000c6200000, 0x00000000c6200000, 0x00000000c6300000|  0%| F|  |TAMS 0x00000000c6200000, 0x00000000c6200000| Untracked 
|  99|0x00000000c6300000, 0x00000000c6300000, 0x00000000c6400000|  0%| F|  |TAMS 0x00000000c6300000, 0x00000000c6300000| Untracked 
| 100|0x00000000c6400000, 0x00000000c6400000, 0x00000000c6500000|  0%| F|  |TAMS 0x00000000c6400000, 0x00000000c6400000| Untracked 
| 101|0x00000000c6500000, 0x00000000c6500000, 0x00000000c6600000|  0%| F|  |TAMS 0x00000000c6500000, 0x00000000c6500000| Untracked 
| 102|0x00000000c6600000, 0x00000000c6600000, 0x00000000c6700000|  0%| F|  |TAMS 0x00000000c6600000, 0x00000000c6600000| Untracked 
| 103|0x00000000c6700000, 0x00000000c6700000, 0x00000000c6800000|  0%| F|  |TAMS 0x00000000c6700000, 0x00000000c6700000| Untracked 
| 104|0x00000000c6800000, 0x00000000c6800000, 0x00000000c6900000|  0%| F|  |TAMS 0x00000000c6800000, 0x00000000c6800000| Untracked 
| 105|0x00000000c6900000, 0x00000000c6900000, 0x00000000c6a00000|  0%| F|  |TAMS 0x00000000c6900000, 0x00000000c6900000| Untracked 
| 106|0x00000000c6a00000, 0x00000000c6a00000, 0x00000000c6b00000|  0%| F|  |TAMS 0x00000000c6a00000, 0x00000000c6a00000| Untracked 
| 107|0x00000000c6b00000, 0x00000000c6b00000, 0x00000000c6c00000|  0%| F|  |TAMS 0x00000000c6b00000, 0x00000000c6b00000| Untracked 
| 108|0x00000000c6c00000, 0x00000000c6c00000, 0x00000000c6d00000|  0%| F|  |TAMS 0x00000000c6c00000, 0x00000000c6c00000| Untracked 
| 109|0x00000000c6d00000, 0x00000000c6d00000, 0x00000000c6e00000|  0%| F|  |TAMS 0x00000000c6d00000, 0x00000000c6d00000| Untracked 
| 110|0x00000000c6e00000, 0x00000000c6e00000, 0x00000000c6f00000|  0%| F|  |TAMS 0x00000000c6e00000, 0x00000000c6e00000| Untracked 
| 111|0x00000000c6f00000, 0x00000000c6f00000, 0x00000000c7000000|  0%| F|  |TAMS 0x00000000c6f00000, 0x00000000c6f00000| Untracked 
| 112|0x00000000c7000000, 0x00000000c7000000, 0x00000000c7100000|  0%| F|  |TAMS 0x00000000c7000000, 0x00000000c7000000| Untracked 
| 113|0x00000000c7100000, 0x00000000c7100000, 0x00000000c7200000|  0%| F|  |TAMS 0x00000000c7100000, 0x00000000c7100000| Untracked 
| 114|0x00000000c7200000, 0x00000000c7200000, 0x00000000c7300000|  0%| F|  |TAMS 0x00000000c7200000, 0x00000000c7200000| Untracked 
| 115|0x00000000c7300000, 0x00000000c7300000, 0x00000000c7400000|  0%| F|  |TAMS 0x00000000c7300000, 0x00000000c7300000| Untracked 
| 116|0x00000000c7400000, 0x00000000c7400000, 0x00000000c7500000|  0%| F|  |TAMS 0x00000000c7400000, 0x00000000c7400000| Untracked 
| 117|0x00000000c7500000, 0x00000000c7500000, 0x00000000c7600000|  0%| F|  |TAMS 0x00000000c7500000, 0x00000000c7500000| Untracked 
| 118|0x00000000c7600000, 0x00000000c7600000, 0x00000000c7700000|  0%| F|  |TAMS 0x00000000c7600000, 0x00000000c7600000| Untracked 
| 119|0x00000000c7700000, 0x00000000c7700000, 0x00000000c7800000|  0%| F|  |TAMS 0x00000000c7700000, 0x00000000c7700000| Untracked 
| 120|0x00000000c7800000, 0x00000000c7800000, 0x00000000c7900000|  0%| F|  |TAMS 0x00000000c7800000, 0x00000000c7800000| Untracked 
| 121|0x00000000c7900000, 0x00000000c7900000, 0x00000000c7a00000|  0%| F|  |TAMS 0x00000000c7900000, 0x00000000c7900000| Untracked 
| 122|0x00000000c7a00000, 0x00000000c7a00000, 0x00000000c7b00000|  0%| F|  |TAMS 0x00000000c7a00000, 0x00000000c7a00000| Untracked 
| 123|0x00000000c7b00000, 0x00000000c7b00000, 0x00000000c7c00000|  0%| F|  |TAMS 0x00000000c7b00000, 0x00000000c7b00000| Untracked 
| 124|0x00000000c7c00000, 0x00000000c7c00000, 0x00000000c7d00000|  0%| F|  |TAMS 0x00000000c7c00000, 0x00000000c7c00000| Untracked 
| 125|0x00000000c7d00000, 0x00000000c7d00000, 0x00000000c7e00000|  0%| F|  |TAMS 0x00000000c7d00000, 0x00000000c7d00000| Untracked 
| 126|0x00000000c7e00000, 0x00000000c7e00000, 0x00000000c7f00000|  0%| F|  |TAMS 0x00000000c7e00000, 0x00000000c7e00000| Untracked 
| 127|0x00000000c7f00000, 0x00000000c7f00000, 0x00000000c8000000|  0%| F|  |TAMS 0x00000000c7f00000, 0x00000000c7f00000| Untracked 
| 128|0x00000000c8000000, 0x00000000c8000000, 0x00000000c8100000|  0%| F|  |TAMS 0x00000000c8000000, 0x00000000c8000000| Untracked 
| 129|0x00000000c8100000, 0x00000000c8100000, 0x00000000c8200000|  0%| F|  |TAMS 0x00000000c8100000, 0x00000000c8100000| Untracked 
| 130|0x00000000c8200000, 0x00000000c8200000, 0x00000000c8300000|  0%| F|  |TAMS 0x00000000c8200000, 0x00000000c8200000| Untracked 
| 131|0x00000000c8300000, 0x00000000c8300000, 0x00000000c8400000|  0%| F|  |TAMS 0x00000000c8300000, 0x00000000c8300000| Untracked 
| 132|0x00000000c8400000, 0x00000000c8400000, 0x00000000c8500000|  0%| F|  |TAMS 0x00000000c8400000, 0x00000000c8400000| Untracked 
| 133|0x00000000c8500000, 0x00000000c8500000, 0x00000000c8600000|  0%| F|  |TAMS 0x00000000c8500000, 0x00000000c8500000| Untracked 
| 134|0x00000000c8600000, 0x00000000c8600000, 0x00000000c8700000|  0%| F|  |TAMS 0x00000000c8600000, 0x00000000c8600000| Untracked 
| 135|0x00000000c8700000, 0x00000000c8700000, 0x00000000c8800000|  0%| F|  |TAMS 0x00000000c8700000, 0x00000000c8700000| Untracked 
| 136|0x00000000c8800000, 0x00000000c8800000, 0x00000000c8900000|  0%| F|  |TAMS 0x00000000c8800000, 0x00000000c8800000| Untracked 
| 137|0x00000000c8900000, 0x00000000c8900000, 0x00000000c8a00000|  0%| F|  |TAMS 0x00000000c8900000, 0x00000000c8900000| Untracked 
| 138|0x00000000c8a00000, 0x00000000c8a00000, 0x00000000c8b00000|  0%| F|  |TAMS 0x00000000c8a00000, 0x00000000c8a00000| Untracked 
| 139|0x00000000c8b00000, 0x00000000c8b00000, 0x00000000c8c00000|  0%| F|  |TAMS 0x00000000c8b00000, 0x00000000c8b00000| Untracked 
| 140|0x00000000c8c00000, 0x00000000c8c00000, 0x00000000c8d00000|  0%| F|  |TAMS 0x00000000c8c00000, 0x00000000c8c00000| Untracked 
| 141|0x00000000c8d00000, 0x00000000c8d00000, 0x00000000c8e00000|  0%| F|  |TAMS 0x00000000c8d00000, 0x00000000c8d00000| Untracked 
| 142|0x00000000c8e00000, 0x00000000c8e00000, 0x00000000c8f00000|  0%| F|  |TAMS 0x00000000c8e00000, 0x00000000c8e00000| Untracked 
| 143|0x00000000c8f00000, 0x00000000c8f00000, 0x00000000c9000000|  0%| F|  |TAMS 0x00000000c8f00000, 0x00000000c8f00000| Untracked 
| 144|0x00000000c9000000, 0x00000000c9000000, 0x00000000c9100000|  0%| F|  |TAMS 0x00000000c9000000, 0x00000000c9000000| Untracked 
| 145|0x00000000c9100000, 0x00000000c9100000, 0x00000000c9200000|  0%| F|  |TAMS 0x00000000c9100000, 0x00000000c9100000| Untracked 
| 146|0x00000000c9200000, 0x00000000c9200000, 0x00000000c9300000|  0%| F|  |TAMS 0x00000000c9200000, 0x00000000c9200000| Untracked 
| 147|0x00000000c9300000, 0x00000000c9300000, 0x00000000c9400000|  0%| F|  |TAMS 0x00000000c9300000, 0x00000000c9300000| Untracked 
| 148|0x00000000c9400000, 0x00000000c9400000, 0x00000000c9500000|  0%| F|  |TAMS 0x00000000c9400000, 0x00000000c9400000| Untracked 
| 149|0x00000000c9500000, 0x00000000c9500000, 0x00000000c9600000|  0%| F|  |TAMS 0x00000000c9500000, 0x00000000c9500000| Untracked 
| 150|0x00000000c9600000, 0x00000000c9600000, 0x00000000c9700000|  0%| F|  |TAMS 0x00000000c9600000, 0x00000000c9600000| Untracked 
| 151|0x00000000c9700000, 0x00000000c9700000, 0x00000000c9800000|  0%| F|  |TAMS 0x00000000c9700000, 0x00000000c9700000| Untracked 
| 152|0x00000000c9800000, 0x00000000c9800000, 0x00000000c9900000|  0%| F|  |TAMS 0x00000000c9800000, 0x00000000c9800000| Untracked 
| 153|0x00000000c9900000, 0x00000000c9900000, 0x00000000c9a00000|  0%| F|  |TAMS 0x00000000c9900000, 0x00000000c9900000| Untracked 
| 154|0x00000000c9a00000, 0x00000000c9a00000, 0x00000000c9b00000|  0%| F|  |TAMS 0x00000000c9a00000, 0x00000000c9a00000| Untracked 
| 155|0x00000000c9b00000, 0x00000000c9b00000, 0x00000000c9c00000|  0%| F|  |TAMS 0x00000000c9b00000, 0x00000000c9b00000| Untracked 
| 156|0x00000000c9c00000, 0x00000000c9c00000, 0x00000000c9d00000|  0%| F|  |TAMS 0x00000000c9c00000, 0x00000000c9c00000| Untracked 
| 157|0x00000000c9d00000, 0x00000000c9d00000, 0x00000000c9e00000|  0%| F|  |TAMS 0x00000000c9d00000, 0x00000000c9d00000| Untracked 
| 158|0x00000000c9e00000, 0x00000000c9e00000, 0x00000000c9f00000|  0%| F|  |TAMS 0x00000000c9e00000, 0x00000000c9e00000| Untracked 
| 159|0x00000000c9f00000, 0x00000000c9f00000, 0x00000000ca000000|  0%| F|  |TAMS 0x00000000c9f00000, 0x00000000c9f00000| Untracked 
| 160|0x00000000ca000000, 0x00000000ca000000, 0x00000000ca100000|  0%| F|  |TAMS 0x00000000ca000000, 0x00000000ca000000| Untracked 
| 161|0x00000000ca100000, 0x00000000ca100000, 0x00000000ca200000|  0%| F|  |TAMS 0x00000000ca100000, 0x00000000ca100000| Untracked 
| 162|0x00000000ca200000, 0x00000000ca200000, 0x00000000ca300000|  0%| F|  |TAMS 0x00000000ca200000, 0x00000000ca200000| Untracked 
| 163|0x00000000ca300000, 0x00000000ca300000, 0x00000000ca400000|  0%| F|  |TAMS 0x00000000ca300000, 0x00000000ca300000| Untracked 
| 164|0x00000000ca400000, 0x00000000ca400000, 0x00000000ca500000|  0%| F|  |TAMS 0x00000000ca400000, 0x00000000ca400000| Untracked 
| 165|0x00000000ca500000, 0x00000000ca500000, 0x00000000ca600000|  0%| F|  |TAMS 0x00000000ca500000, 0x00000000ca500000| Untracked 
| 166|0x00000000ca600000, 0x00000000ca600000, 0x00000000ca700000|  0%| F|  |TAMS 0x00000000ca600000, 0x00000000ca600000| Untracked 
| 167|0x00000000ca700000, 0x00000000ca700000, 0x00000000ca800000|  0%| F|  |TAMS 0x00000000ca700000, 0x00000000ca700000| Untracked 
| 168|0x00000000ca800000, 0x00000000ca800000, 0x00000000ca900000|  0%| F|  |TAMS 0x00000000ca800000, 0x00000000ca800000| Untracked 
| 169|0x00000000ca900000, 0x00000000ca900000, 0x00000000caa00000|  0%| F|  |TAMS 0x00000000ca900000, 0x00000000ca900000| Untracked 
| 170|0x00000000caa00000, 0x00000000caa00000, 0x00000000cab00000|  0%| F|  |TAMS 0x00000000caa00000, 0x00000000caa00000| Untracked 
| 171|0x00000000cab00000, 0x00000000cab00000, 0x00000000cac00000|  0%| F|  |TAMS 0x00000000cab00000, 0x00000000cab00000| Untracked 
| 172|0x00000000cac00000, 0x00000000cac00000, 0x00000000cad00000|  0%| F|  |TAMS 0x00000000cac00000, 0x00000000cac00000| Untracked 
| 173|0x00000000cad00000, 0x00000000cad00000, 0x00000000cae00000|  0%| F|  |TAMS 0x00000000cad00000, 0x00000000cad00000| Untracked 
| 174|0x00000000cae00000, 0x00000000cae00000, 0x00000000caf00000|  0%| F|  |TAMS 0x00000000cae00000, 0x00000000cae00000| Untracked 
| 175|0x00000000caf00000, 0x00000000caf00000, 0x00000000cb000000|  0%| F|  |TAMS 0x00000000caf00000, 0x00000000caf00000| Untracked 
| 176|0x00000000cb000000, 0x00000000cb000000, 0x00000000cb100000|  0%| F|  |TAMS 0x00000000cb000000, 0x00000000cb000000| Untracked 
| 177|0x00000000cb100000, 0x00000000cb100000, 0x00000000cb200000|  0%| F|  |TAMS 0x00000000cb100000, 0x00000000cb100000| Untracked 
| 178|0x00000000cb200000, 0x00000000cb200000, 0x00000000cb300000|  0%| F|  |TAMS 0x00000000cb200000, 0x00000000cb200000| Untracked 
| 179|0x00000000cb300000, 0x00000000cb300000, 0x00000000cb400000|  0%| F|  |TAMS 0x00000000cb300000, 0x00000000cb300000| Untracked 
| 180|0x00000000cb400000, 0x00000000cb400000, 0x00000000cb500000|  0%| F|  |TAMS 0x00000000cb400000, 0x00000000cb400000| Untracked 
| 181|0x00000000cb500000, 0x00000000cb500000, 0x00000000cb600000|  0%| F|  |TAMS 0x00000000cb500000, 0x00000000cb500000| Untracked 
| 182|0x00000000cb600000, 0x00000000cb600000, 0x00000000cb700000|  0%| F|  |TAMS 0x00000000cb600000, 0x00000000cb600000| Untracked 
| 183|0x00000000cb700000, 0x00000000cb700000, 0x00000000cb800000|  0%| F|  |TAMS 0x00000000cb700000, 0x00000000cb700000| Untracked 
| 184|0x00000000cb800000, 0x00000000cb800000, 0x00000000cb900000|  0%| F|  |TAMS 0x00000000cb800000, 0x00000000cb800000| Untracked 
| 185|0x00000000cb900000, 0x00000000cb900000, 0x00000000cba00000|  0%| F|  |TAMS 0x00000000cb900000, 0x00000000cb900000| Untracked 
| 186|0x00000000cba00000, 0x00000000cba00000, 0x00000000cbb00000|  0%| F|  |TAMS 0x00000000cba00000, 0x00000000cba00000| Untracked 
| 187|0x00000000cbb00000, 0x00000000cbb00000, 0x00000000cbc00000|  0%| F|  |TAMS 0x00000000cbb00000, 0x00000000cbb00000| Untracked 
| 188|0x00000000cbc00000, 0x00000000cbc00000, 0x00000000cbd00000|  0%| F|  |TAMS 0x00000000cbc00000, 0x00000000cbc00000| Untracked 
| 189|0x00000000cbd00000, 0x00000000cbd00000, 0x00000000cbe00000|  0%| F|  |TAMS 0x00000000cbd00000, 0x00000000cbd00000| Untracked 
| 190|0x00000000cbe00000, 0x00000000cbe00000, 0x00000000cbf00000|  0%| F|  |TAMS 0x00000000cbe00000, 0x00000000cbe00000| Untracked 
| 191|0x00000000cbf00000, 0x00000000cbf00000, 0x00000000cc000000|  0%| F|  |TAMS 0x00000000cbf00000, 0x00000000cbf00000| Untracked 
| 192|0x00000000cc000000, 0x00000000cc000000, 0x00000000cc100000|  0%| F|  |TAMS 0x00000000cc000000, 0x00000000cc000000| Untracked 
| 193|0x00000000cc100000, 0x00000000cc100000, 0x00000000cc200000|  0%| F|  |TAMS 0x00000000cc100000, 0x00000000cc100000| Untracked 
| 194|0x00000000cc200000, 0x00000000cc200000, 0x00000000cc300000|  0%| F|  |TAMS 0x00000000cc200000, 0x00000000cc200000| Untracked 
| 195|0x00000000cc300000, 0x00000000cc300000, 0x00000000cc400000|  0%| F|  |TAMS 0x00000000cc300000, 0x00000000cc300000| Untracked 
| 196|0x00000000cc400000, 0x00000000cc400000, 0x00000000cc500000|  0%| F|  |TAMS 0x00000000cc400000, 0x00000000cc400000| Untracked 
| 197|0x00000000cc500000, 0x00000000cc500000, 0x00000000cc600000|  0%| F|  |TAMS 0x00000000cc500000, 0x00000000cc500000| Untracked 
| 198|0x00000000cc600000, 0x00000000cc600000, 0x00000000cc700000|  0%| F|  |TAMS 0x00000000cc600000, 0x00000000cc600000| Untracked 
| 199|0x00000000cc700000, 0x00000000cc700000, 0x00000000cc800000|  0%| F|  |TAMS 0x00000000cc700000, 0x00000000cc700000| Untracked 
| 200|0x00000000cc800000, 0x00000000cc800000, 0x00000000cc900000|  0%| F|  |TAMS 0x00000000cc800000, 0x00000000cc800000| Untracked 
| 201|0x00000000cc900000, 0x00000000cc900000, 0x00000000cca00000|  0%| F|  |TAMS 0x00000000cc900000, 0x00000000cc900000| Untracked 
| 202|0x00000000cca00000, 0x00000000cca00000, 0x00000000ccb00000|  0%| F|  |TAMS 0x00000000cca00000, 0x00000000cca00000| Untracked 
| 203|0x00000000ccb00000, 0x00000000ccb00000, 0x00000000ccc00000|  0%| F|  |TAMS 0x00000000ccb00000, 0x00000000ccb00000| Untracked 
| 204|0x00000000ccc00000, 0x00000000ccc00000, 0x00000000ccd00000|  0%| F|  |TAMS 0x00000000ccc00000, 0x00000000ccc00000| Untracked 
| 205|0x00000000ccd00000, 0x00000000ccd00000, 0x00000000cce00000|  0%| F|  |TAMS 0x00000000ccd00000, 0x00000000ccd00000| Untracked 
| 206|0x00000000cce00000, 0x00000000cce00000, 0x00000000ccf00000|  0%| F|  |TAMS 0x00000000cce00000, 0x00000000cce00000| Untracked 
| 207|0x00000000ccf00000, 0x00000000ccf00000, 0x00000000cd000000|  0%| F|  |TAMS 0x00000000ccf00000, 0x00000000ccf00000| Untracked 
| 208|0x00000000cd000000, 0x00000000cd000000, 0x00000000cd100000|  0%| F|  |TAMS 0x00000000cd000000, 0x00000000cd000000| Untracked 
| 209|0x00000000cd100000, 0x00000000cd100000, 0x00000000cd200000|  0%| F|  |TAMS 0x00000000cd100000, 0x00000000cd100000| Untracked 
| 210|0x00000000cd200000, 0x00000000cd200000, 0x00000000cd300000|  0%| F|  |TAMS 0x00000000cd200000, 0x00000000cd200000| Untracked 
| 211|0x00000000cd300000, 0x00000000cd300000, 0x00000000cd400000|  0%| F|  |TAMS 0x00000000cd300000, 0x00000000cd300000| Untracked 
| 212|0x00000000cd400000, 0x00000000cd400000, 0x00000000cd500000|  0%| F|  |TAMS 0x00000000cd400000, 0x00000000cd400000| Untracked 
| 213|0x00000000cd500000, 0x00000000cd500000, 0x00000000cd600000|  0%| F|  |TAMS 0x00000000cd500000, 0x00000000cd500000| Untracked 
| 214|0x00000000cd600000, 0x00000000cd600000, 0x00000000cd700000|  0%| F|  |TAMS 0x00000000cd600000, 0x00000000cd600000| Untracked 
| 215|0x00000000cd700000, 0x00000000cd700000, 0x00000000cd800000|  0%| F|  |TAMS 0x00000000cd700000, 0x00000000cd700000| Untracked 
| 216|0x00000000cd800000, 0x00000000cd800000, 0x00000000cd900000|  0%| F|  |TAMS 0x00000000cd800000, 0x00000000cd800000| Untracked 
| 217|0x00000000cd900000, 0x00000000cd900000, 0x00000000cda00000|  0%| F|  |TAMS 0x00000000cd900000, 0x00000000cd900000| Untracked 
| 218|0x00000000cda00000, 0x00000000cda00000, 0x00000000cdb00000|  0%| F|  |TAMS 0x00000000cda00000, 0x00000000cda00000| Untracked 
| 219|0x00000000cdb00000, 0x00000000cdb00000, 0x00000000cdc00000|  0%| F|  |TAMS 0x00000000cdb00000, 0x00000000cdb00000| Untracked 
| 220|0x00000000cdc00000, 0x00000000cdc00000, 0x00000000cdd00000|  0%| F|  |TAMS 0x00000000cdc00000, 0x00000000cdc00000| Untracked 
| 221|0x00000000cdd00000, 0x00000000cdd00000, 0x00000000cde00000|  0%| F|  |TAMS 0x00000000cdd00000, 0x00000000cdd00000| Untracked 
| 222|0x00000000cde00000, 0x00000000cde00000, 0x00000000cdf00000|  0%| F|  |TAMS 0x00000000cde00000, 0x00000000cde00000| Untracked 
| 223|0x00000000cdf00000, 0x00000000cdf00000, 0x00000000ce000000|  0%| F|  |TAMS 0x00000000cdf00000, 0x00000000cdf00000| Untracked 
| 224|0x00000000ce000000, 0x00000000ce000000, 0x00000000ce100000|  0%| F|  |TAMS 0x00000000ce000000, 0x00000000ce000000| Untracked 
| 225|0x00000000ce100000, 0x00000000ce100000, 0x00000000ce200000|  0%| F|  |TAMS 0x00000000ce100000, 0x00000000ce100000| Untracked 
| 226|0x00000000ce200000, 0x00000000ce200000, 0x00000000ce300000|  0%| F|  |TAMS 0x00000000ce200000, 0x00000000ce200000| Untracked 
| 227|0x00000000ce300000, 0x00000000ce300000, 0x00000000ce400000|  0%| F|  |TAMS 0x00000000ce300000, 0x00000000ce300000| Untracked 
| 228|0x00000000ce400000, 0x00000000ce480800, 0x00000000ce500000| 50%| E|  |TAMS 0x00000000ce400000, 0x00000000ce400000| Complete 
| 229|0x00000000ce500000, 0x00000000ce600000, 0x00000000ce600000|100%| E|CS|TAMS 0x00000000ce500000, 0x00000000ce500000| Complete 

Card table byte_map: [0x000002bc6cb80000,0x000002bc6cd80000] _byte_map_base: 0x000002bc6c580000

Marking Bits (Prev, Next): (CMBitMap*) 0x000002bc5247ce80, (CMBitMap*) 0x000002bc5247cec0
 Prev Bits: [0x000002bc6cf80000, 0x000002bc6df80000)
 Next Bits: [0x000002bc6df80000, 0x000002bc6ef80000)

Polling page: 0x000002bc53c60000

Metaspace:

Usage:
  Non-class:      8.09 MB used.
      Class:      1.45 MB used.
       Both:      9.53 MB used.

Virtual space:
  Non-class space:       64.00 MB reserved,       8.19 MB ( 13%) committed,  1 nodes.
      Class space:        1.00 GB reserved,       1.56 MB ( <1%) committed,  1 nodes.
             Both:        1.06 GB reserved,       9.75 MB ( <1%) committed. 

Chunk freelists:
   Non-Class:  6.51 MB
       Class:  14.47 MB
        Both:  20.98 MB

MaxMetaspaceSize: unlimited
CompressedClassSpaceSize: 1.00 GB
Initial GC threshold: 21.00 MB
Current GC threshold: 21.00 MB
CDS: on
MetaspaceReclaimPolicy: balanced
 - commit_granule_bytes: 65536.
 - commit_granule_words: 8192.
 - virtual_space_node_default_size: 8388608.
 - enlarge_chunks_in_place: 1.
 - new_chunks_are_fully_committed: 0.
 - uncommit_free_chunks: 1.
 - use_allocation_guard: 0.
 - handle_deallocations: 1.


Internal statistics:

num_allocs_failed_limit: 0.
num_arena_births: 104.
num_arena_deaths: 0.
num_vsnodes_births: 2.
num_vsnodes_deaths: 0.
num_space_committed: 156.
num_space_uncommitted: 0.
num_chunks_returned_to_freelist: 0.
num_chunks_taken_from_freelist: 375.
num_chunk_merges: 0.
num_chunk_splits: 281.
num_chunks_enlarged: 239.
num_inconsistent_stats: 0.

CodeHeap 'non-profiled nmethods': size=119168Kb used=2036Kb max_used=2036Kb free=117131Kb
 bounds [0x000002bc64340000, 0x000002bc645b0000, 0x000002bc6b7a0000]
CodeHeap 'profiled nmethods': size=119104Kb used=4998Kb max_used=4998Kb free=114105Kb
 bounds [0x000002bc5c7a0000, 0x000002bc5cc90000, 0x000002bc63bf0000]
CodeHeap 'non-nmethods': size=7488Kb used=1152Kb max_used=2924Kb free=6335Kb
 bounds [0x000002bc63bf0000, 0x000002bc63ef0000, 0x000002bc64340000]
 total_blobs=3443 nmethods=3007 adapters=348
 compilation: enabled
              stopped_count=0, restarted_count=0
 full_count=0

Compilation events (20 events):
Event: 132.728 Thread 0x000002bc778951f0 nmethod 2997 0x000002bc5cc7ac10 code [0x000002bc5cc7ade0, 0x000002bc5cc7b188]
Event: 132.728 Thread 0x000002bc51ed0ae0 2999       3       org.openkoreantext.processor.tokenizer.ParsedChunk::$anonfun$getFreqScore$1$adapted (12 bytes)
Event: 132.728 Thread 0x000002bc778951f0 3000       3       org.openkoreantext.processor.tokenizer.ParsedChunk::$anonfun$getFreqScore$1 (211 bytes)
Event: 132.729 Thread 0x000002bc77897c70 nmethod 2996 0x000002bc5cc7b290 code [0x000002bc5cc7b4e0, 0x000002bc5cc7c0d8]
Event: 132.729 Thread 0x000002bc77897c70 3002       3       scala.collection.mutable.ArrayBuffer::apply (6 bytes)
Event: 132.729 Thread 0x000002bc51ed0ae0 nmethod 2999 0x000002bc5cc7c490 code [0x000002bc5cc7c680, 0x000002bc5cc7cba8]
Event: 132.729 Thread 0x000002bc77897c70 nmethod 3002 0x000002bc5cc7cd90 code [0x000002bc5cc7cf40, 0x000002bc5cc7d0c8]
Event: 132.729 Thread 0x000002bc51ecf5a0 nmethod 2998 0x000002bc5cc7d190 code [0x000002bc5cc7d380, 0x000002bc5cc7da08]
Event: 132.729 Thread 0x000002bc51ecf5a0 3004       3       scala.collection.mutable.ResizableArray::apply (34 bytes)
Event: 132.729 Thread 0x000002bc77897c70 3005       3       scala.collection.mutable.ArrayBuffer::$plus$eq (6 bytes)
Event: 132.729 Thread 0x000002bc51ed0ae0 3003       3       scala.collection.mutable.ResizableArray::apply$ (6 bytes)
Event: 132.729 Thread 0x000002bc51ecf5a0 nmethod 3004 0x000002bc5cc7dc90 code [0x000002bc5cc7de80, 0x000002bc5cc7e2a8]
Event: 132.729 Thread 0x000002bc51ecf5a0 3001       1       scala.collection.IterableLike::canEqual (2 bytes)
Event: 132.729 Thread 0x000002bc51ecf5a0 nmethod 3001 0x000002bc6453cc90 code [0x000002bc6453ce20, 0x000002bc6453cef8]
Event: 132.729 Thread 0x000002bc51ecf5a0 3009       1       org.openkoreantext.processor.tokenizer.KoreanTokenizer$KoreanToken::stem (5 bytes)
Event: 132.729 Thread 0x000002bc51ed0ae0 nmethod 3003 0x000002bc5cc7e510 code [0x000002bc5cc7e700, 0x000002bc5cc7ebe8]
Event: 132.729 Thread 0x000002bc77897c70 nmethod 3005 0x000002bc5cc7ee90 code [0x000002bc5cc7f060, 0x000002bc5cc7f508]
Event: 132.729 Thread 0x000002bc51ecf5a0 nmethod 3009 0x000002bc6453cf90 code [0x000002bc6453d120, 0x000002bc6453d1f8]
Event: 132.729 Thread 0x000002bc778951f0 nmethod 3000 0x000002bc5cc7f710 code [0x000002bc5cc7fa60, 0x000002bc5cc81428]
Event: 237.086 Thread 0x000002bc51ecf5a0 3010       3       org.jpype.manager.TypeManager$Destroyer::add (101 bytes)

GC Heap History (20 events):
Event: 124.372 GC heap before
{Heap before GC invocations=40 (full 14):
 garbage-first heap   total 235520K, used 104394K [0x00000000c0000000, 0x0000000100000000)
  region size 1024K, 34 young (34816K), 11 survivors (11264K)
 Metaspace       used 9484K, committed 9664K, reserved 1114112K
  class space    used 1449K, committed 1536K, reserved 1048576K
}
Event: 124.409 GC heap after
{Heap after GC invocations=41 (full 15):
 garbage-first heap   total 235520K, used 82910K [0x00000000c0000000, 0x0000000100000000)
  region size 1024K, 0 young (0K), 0 survivors (0K)
 Metaspace       used 9484K, committed 9664K, reserved 1114112K
  class space    used 1449K, committed 1536K, reserved 1048576K
}
Event: 132.839 GC heap before
{Heap before GC invocations=41 (full 15):
 garbage-first heap   total 235520K, used 97246K [0x00000000c0000000, 0x0000000100000000)
  region size 1024K, 15 young (15360K), 0 survivors (0K)
 Metaspace       used 9756K, committed 9984K, reserved 1114112K
  class space    used 1481K, committed 1600K, reserved 1048576K
}
Event: 132.870 GC heap after
{Heap after GC invocations=42 (full 16):
 garbage-first heap   total 235520K, used 79055K [0x00000000c0000000, 0x0000000100000000)
  region size 1024K, 0 young (0K), 0 survivors (0K)
 Metaspace       used 9756K, committed 9984K, reserved 1114112K
  class space    used 1481K, committed 1600K, reserved 1048576K
}
Event: 132.962 GC heap before
{Heap before GC invocations=42 (full 16):
 garbage-first heap   total 235520K, used 79055K [0x00000000c0000000, 0x0000000100000000)
  region size 1024K, 1 young (1024K), 0 survivors (0K)
 Metaspace       used 9756K, committed 9984K, reserved 1114112K
  class space    used 1481K, committed 1600K, reserved 1048576K
}
Event: 132.994 GC heap after
{Heap after GC invocations=43 (full 17):
 garbage-first heap   total 235520K, used 79055K [0x00000000c0000000, 0x0000000100000000)
  region size 1024K, 0 young (0K), 0 survivors (0K)
 Metaspace       used 9756K, committed 9984K, reserved 1114112K
  class space    used 1481K, committed 1600K, reserved 1048576K
}
Event: 132.996 GC heap before
{Heap before GC invocations=43 (full 17):
 garbage-first heap   total 235520K, used 79055K [0x00000000c0000000, 0x0000000100000000)
  region size 1024K, 1 young (1024K), 0 survivors (0K)
 Metaspace       used 9756K, committed 9984K, reserved 1114112K
  class space    used 1481K, committed 1600K, reserved 1048576K
}
Event: 133.027 GC heap after
{Heap after GC invocations=44 (full 18):
 garbage-first heap   total 235520K, used 79055K [0x00000000c0000000, 0x0000000100000000)
  region size 1024K, 0 young (0K), 0 survivors (0K)
 Metaspace       used 9756K, committed 9984K, reserved 1114112K
  class space    used 1481K, committed 1600K, reserved 1048576K
}
Event: 133.069 GC heap before
{Heap before GC invocations=44 (full 18):
 garbage-first heap   total 235520K, used 79055K [0x00000000c0000000, 0x0000000100000000)
  region size 1024K, 1 young (1024K), 0 survivors (0K)
 Metaspace       used 9756K, committed 9984K, reserved 1114112K
  class space    used 1481K, committed 1600K, reserved 1048576K
}
Event: 133.098 GC heap after
{Heap after GC invocations=45 (full 19):
 garbage-first heap   total 235520K, used 79055K [0x00000000c0000000, 0x0000000100000000)
  region size 1024K, 0 young (0K), 0 survivors (0K)
 Metaspace       used 9756K, committed 9984K, reserved 1114112K
  class space    used 1481K, committed 1600K, reserved 1048576K
}
Event: 133.225 GC heap before
{Heap before GC invocations=45 (full 19):
 garbage-first heap   total 235520K, used 79055K [0x00000000c0000000, 0x0000000100000000)
  region size 1024K, 1 young (1024K), 0 survivors (0K)
 Metaspace       used 9756K, committed 9984K, reserved 1114112K
  class space    used 1481K, committed 1600K, reserved 1048576K
}
Event: 133.255 GC heap after
{Heap after GC invocations=46 (full 20):
 garbage-first heap   total 235520K, used 79055K [0x00000000c0000000, 0x0000000100000000)
  region size 1024K, 0 young (0K), 0 survivors (0K)
 Metaspace       used 9756K, committed 9984K, reserved 1114112K
  class space    used 1481K, committed 1600K, reserved 1048576K
}
Event: 133.258 GC heap before
{Heap before GC invocations=46 (full 20):
 garbage-first heap   total 235520K, used 79055K [0x00000000c0000000, 0x0000000100000000)
  region size 1024K, 1 young (1024K), 0 survivors (0K)
 Metaspace       used 9756K, committed 9984K, reserved 1114112K
  class space    used 1481K, committed 1600K, reserved 1048576K
}
Event: 133.286 GC heap after
{Heap after GC invocations=47 (full 21):
 garbage-first heap   total 235520K, used 79055K [0x00000000c0000000, 0x0000000100000000)
  region size 1024K, 0 young (0K), 0 survivors (0K)
 Metaspace       used 9756K, committed 9984K, reserved 1114112K
  class space    used 1481K, committed 1600K, reserved 1048576K
}
Event: 133.516 GC heap before
{Heap before GC invocations=47 (full 21):
 garbage-first heap   total 235520K, used 79055K [0x00000000c0000000, 0x0000000100000000)
  region size 1024K, 1 young (1024K), 0 survivors (0K)
 Metaspace       used 9756K, committed 9984K, reserved 1114112K
  class space    used 1481K, committed 1600K, reserved 1048576K
}
Event: 133.545 GC heap after
{Heap after GC invocations=48 (full 22):
 garbage-first heap   total 235520K, used 79055K [0x00000000c0000000, 0x0000000100000000)
  region size 1024K, 0 young (0K), 0 survivors (0K)
 Metaspace       used 9756K, committed 9984K, reserved 1114112K
  class space    used 1481K, committed 1600K, reserved 1048576K
}
Event: 133.547 GC heap before
{Heap before GC invocations=48 (full 22):
 garbage-first heap   total 235520K, used 79055K [0x00000000c0000000, 0x0000000100000000)
  region size 1024K, 1 young (1024K), 0 survivors (0K)
 Metaspace       used 9756K, committed 9984K, reserved 1114112K
  class space    used 1481K, committed 1600K, reserved 1048576K
}
Event: 133.575 GC heap after
{Heap after GC invocations=49 (full 23):
 garbage-first heap   total 235520K, used 79055K [0x00000000c0000000, 0x0000000100000000)
  region size 1024K, 0 young (0K), 0 survivors (0K)
 Metaspace       used 9756K, committed 9984K, reserved 1114112K
  class space    used 1481K, committed 1600K, reserved 1048576K
}
Event: 133.622 GC heap before
{Heap before GC invocations=49 (full 23):
 garbage-first heap   total 235520K, used 79055K [0x00000000c0000000, 0x0000000100000000)
  region size 1024K, 1 young (1024K), 0 survivors (0K)
 Metaspace       used 9756K, committed 9984K, reserved 1114112K
  class space    used 1481K, committed 1600K, reserved 1048576K
}
Event: 133.655 GC heap after
{Heap after GC invocations=50 (full 24):
 garbage-first heap   total 235520K, used 79055K [0x00000000c0000000, 0x0000000100000000)
  region size 1024K, 0 young (0K), 0 survivors (0K)
 Metaspace       used 9756K, committed 9984K, reserved 1114112K
  class space    used 1481K, committed 1600K, reserved 1048576K
}

Dll operation events (8 events):
Event: 0.006 Loaded shared library C:\Program Files\JetBrains\jdk-17.0.11+9\bin\java.dll
Event: 0.027 Loaded shared library C:\Program Files\JetBrains\jdk-17.0.11+9\bin\jsvml.dll
Event: 0.064 Loaded shared library C:\Program Files\JetBrains\jdk-17.0.11+9\bin\net.dll
Event: 0.066 Loaded shared library C:\Program Files\JetBrains\jdk-17.0.11+9\bin\nio.dll
Event: 0.068 Loaded shared library C:\Program Files\JetBrains\jdk-17.0.11+9\bin\zip.dll
Event: 0.092 Loaded shared library C:\Users\SSAFY\Desktop\S11P21E205\GT\Pillsoo\venv\Lib\site-packages\_jpype.cp39-win_amd64.pyd
Event: 0.204 Loaded shared library C:\Program Files\JetBrains\jdk-17.0.11+9\bin\jimage.dll
Event: 122.684 Loaded shared library C:\Program Files\JetBrains\jdk-17.0.11+9\bin\verify.dll

Deoptimization events (20 events):
Event: 132.723 Thread 0x000002bc54d1e560 Uncommon trap: trap_request=0xffffffc6 fr.pc=0x000002bc64426ca8 relative=0x0000000000000bc8
Event: 132.723 Thread 0x000002bc54d1e560 Uncommon trap: reason=bimorphic_or_optimized_type_check action=maybe_recompile pc=0x000002bc64426ca8 method=scala.runtime.Statics.anyHash(Ljava/lang/Object;)I @ 61 c2
Event: 132.723 Thread 0x000002bc54d1e560 DEOPT PACKING pc=0x000002bc64426ca8 sp=0x000000f5c67dc7f0
Event: 132.723 Thread 0x000002bc54d1e560 DEOPT UNPACKING pc=0x000002bc63c469a3 sp=0x000000f5c67dc5f0 mode 2
Event: 132.723 Thread 0x000002bc54d1e560 Uncommon trap: trap_request=0xffffffc6 fr.pc=0x000002bc6441c1c8 relative=0x0000000000000a88
Event: 132.723 Thread 0x000002bc54d1e560 Uncommon trap: reason=bimorphic_or_optimized_type_check action=maybe_recompile pc=0x000002bc6441c1c8 method=scala.runtime.Statics.anyHash(Ljava/lang/Object;)I @ 61 c2
Event: 132.723 Thread 0x000002bc54d1e560 DEOPT PACKING pc=0x000002bc6441c1c8 sp=0x000000f5c67dc760
Event: 132.723 Thread 0x000002bc54d1e560 DEOPT UNPACKING pc=0x000002bc63c469a3 sp=0x000000f5c67dc5d8 mode 2
Event: 132.723 Thread 0x000002bc54d1e560 Uncommon trap: trap_request=0xffffff45 fr.pc=0x000002bc6449bdf4 relative=0x00000000000001d4
Event: 132.723 Thread 0x000002bc54d1e560 Uncommon trap: reason=unstable_if action=reinterpret pc=0x000002bc6449bdf4 method=java.lang.StringUTF16.indexOfLatin1Unsafe([BI[BII)I @ 110 c2
Event: 132.723 Thread 0x000002bc54d1e560 DEOPT PACKING pc=0x000002bc6449bdf4 sp=0x000000f5c67dcb10
Event: 132.723 Thread 0x000002bc54d1e560 DEOPT UNPACKING pc=0x000002bc63c469a3 sp=0x000000f5c67dca98 mode 2
Event: 132.723 Thread 0x000002bc54d1e560 Uncommon trap: trap_request=0xffffff45 fr.pc=0x000002bc644fcadc relative=0x00000000000008fc
Event: 132.723 Thread 0x000002bc54d1e560 Uncommon trap: reason=unstable_if action=reinterpret pc=0x000002bc644fcadc method=scala.collection.immutable.Set$Set4.contains(Ljava/lang/Object;)Z @ 30 c2
Event: 132.723 Thread 0x000002bc54d1e560 DEOPT PACKING pc=0x000002bc644fcadc sp=0x000000f5c67dc2d0
Event: 132.723 Thread 0x000002bc54d1e560 DEOPT UNPACKING pc=0x000002bc63c469a3 sp=0x000000f5c67dc290 mode 2
Event: 132.723 Thread 0x000002bc54d1e560 Uncommon trap: trap_request=0xffffff45 fr.pc=0x000002bc644db744 relative=0x00000000000006a4
Event: 132.723 Thread 0x000002bc54d1e560 Uncommon trap: reason=unstable_if action=reinterpret pc=0x000002bc644db744 method=scala.collection.immutable.Set$Set3.contains(Ljava/lang/Object;)Z @ 8 c2
Event: 132.723 Thread 0x000002bc54d1e560 DEOPT PACKING pc=0x000002bc644db744 sp=0x000000f5c67dc2c0
Event: 132.723 Thread 0x000002bc54d1e560 DEOPT UNPACKING pc=0x000002bc63c469a3 sp=0x000000f5c67dc280 mode 2

Classes unloaded (0 events):
No events

Classes redefined (0 events):
No events

Internal exceptions (20 events):
Event: 122.665 Thread 0x000002bc54d1e560 Exception <a 'java/lang/NoSuchMethodError'{0x00000000c175e6b8}: 'java.lang.Object java.lang.invoke.DirectMethodHandle$Holder.invokeStaticInit(java.lang.Object, java.lang.Object, java.lang.Object)'> (0x00000000c175e6b8) 
thrown [s\src\hotspot\share\interpreter\linkResolver.cpp, line 759]
Event: 122.698 Thread 0x000002bc54d1e560 Exception <a 'java/lang/NoSuchMethodError'{0x00000000c1410c98}: 'int java.lang.invoke.DirectMethodHandle$Holder.invokeStatic(java.lang.Object, java.lang.Object, int)'> (0x00000000c1410c98) 
thrown [s\src\hotspot\share\interpreter\linkResolver.cpp, line 759]
Event: 122.706 Thread 0x000002bc54d1e560 Exception <a 'java/lang/NoSuchMethodError'{0x00000000c14e7b58}: 'java.lang.Object java.lang.invoke.DirectMethodHandle$Holder.newInvokeSpecial(java.lang.Object, java.lang.Object, java.lang.Object, java.lang.Object, java.lang.Object)'> (0x00000000c14e7b58) 
thrown [s\src\hotspot\share\interpreter\linkResolver.cpp, line 759]
Event: 122.710 Thread 0x000002bc54d1e560 Exception <a 'java/lang/NoSuchMethodError'{0x00000000c132baf8}: 'java.lang.Object java.lang.invoke.DirectMethodHandle$Holder.invokeStatic(java.lang.Object, java.lang.Object, int, java.lang.Object, java.lang.Object)'> (0x00000000c132baf8) 
thrown [s\src\hotspot\share\interpreter\linkResolver.cpp, line 759]
Event: 122.711 Thread 0x000002bc54d1e560 Exception <a 'java/lang/NoSuchMethodError'{0x00000000c1335bb0}: 'java.lang.Object java.lang.invoke.DirectMethodHandle$Holder.newInvokeSpecial(java.lang.Object, java.lang.Object, int, java.lang.Object)'> (0x00000000c1335bb0) 
thrown [s\src\hotspot\share\interpreter\linkResolver.cpp, line 759]
Event: 122.711 Thread 0x000002bc54d1e560 Exception <a 'java/lang/NoSuchMethodError'{0x00000000c1339a28}: 'java.lang.Object java.lang.invoke.DirectMethodHandle$Holder.invokeSpecial(java.lang.Object, java.lang.Object, java.lang.Object, int, java.lang.Object)'> (0x00000000c1339a28) 
thrown [s\src\hotspot\share\interpreter\linkResolver.cpp, line 759]
Event: 122.721 Thread 0x000002bc54d1e560 Exception <a 'java/lang/NoSuchMethodError'{0x00000000c13f9a48}: 'java.lang.Object java.lang.invoke.DirectMethodHandle$Holder.invokeStaticInit(java.lang.Object, java.lang.Object, java.lang.Object, java.lang.Object)'> (0x00000000c13f9a48) 
thrown [s\src\hotspot\share\interpreter\linkResolver.cpp, line 759]
Event: 122.727 Thread 0x000002bc54d1e560 Exception <a 'java/lang/NoSuchMethodError'{0x00000000c126f228}: 'void java.lang.invoke.DirectMethodHandle$Holder.invokeStatic(java.lang.Object, java.lang.Object)'> (0x00000000c126f228) 
thrown [s\src\hotspot\share\interpreter\linkResolver.cpp, line 759]
Event: 122.873 Thread 0x000002bc54d1e560 Exception <a 'java/lang/NoSuchMethodError'{0x00000000c3ee9fe0}: 'java.lang.Object java.lang.invoke.DirectMethodHandle$Holder.invokeStatic(java.lang.Object, java.lang.Object, int, java.lang.Object)'> (0x00000000c3ee9fe0) 
thrown [s\src\hotspot\share\interpreter\linkResolver.cpp, line 759]
Event: 122.874 Thread 0x000002bc54d1e560 Exception <a 'java/lang/NoSuchMethodError'{0x00000000c3ef3068}: 'java.lang.Object java.lang.invoke.DirectMethodHandle$Holder.newInvokeSpecial(java.lang.Object, java.lang.Object, int)'> (0x00000000c3ef3068) 
thrown [s\src\hotspot\share\interpreter\linkResolver.cpp, line 759]
Event: 122.880 Thread 0x000002bc54d1e560 Exception <a 'java/lang/NoSuchMethodError'{0x00000000c3d2e668}: 'java.lang.Object java.lang.invoke.DirectMethodHandle$Holder.invokeStatic(java.lang.Object, int, java.lang.Object)'> (0x00000000c3d2e668) 
thrown [s\src\hotspot\share\interpreter\linkResolver.cpp, line 759]
Event: 123.449 Thread 0x000002bc54d1e560 Exception <a 'java/lang/NoSuchMethodError'{0x00000000c8632cc8}: 'java.lang.Object java.lang.invoke.DirectMethodHandle$Holder.newInvokeSpecial(java.lang.Object, java.lang.Object, java.lang.Object, java.lang.Object, java.lang.Object, int)'> (0x00000000c8632cc8) 
thrown [s\src\hotspot\share\interpreter\linkResolver.cpp, line 759]
Event: 123.449 Thread 0x000002bc54d1e560 Exception <a 'java/lang/NoSuchMethodError'{0x00000000c8637330}: 'java.lang.Object java.lang.invoke.DirectMethodHandle$Holder.invokeSpecial(java.lang.Object, java.lang.Object, java.lang.Object, java.lang.Object, java.lang.Object, java.lang.Object, int)'> (0x00000000c8637330) 
thrown [s\src\hotspot\share\interpreter\linkResolver.cpp, line 759]
Event: 123.465 Thread 0x000002bc54d1e560 Exception <a 'java/lang/NoSuchMethodError'{0x00000000c86efc68}: 'java.lang.Object java.lang.invoke.DirectMethodHandle$Holder.newInvokeSpecial(java.lang.Object, java.lang.Object, java.lang.Object, java.lang.Object, int, java.lang.Object)'> (0x00000000c86efc68) 
thrown [s\src\hotspot\share\interpreter\linkResolver.cpp, line 759]
Event: 123.465 Thread 0x000002bc54d1e560 Exception <a 'java/lang/NoSuchMethodError'{0x00000000c86f3f40}: 'java.lang.Object java.lang.invoke.DirectMethodHandle$Holder.invokeSpecial(java.lang.Object, java.lang.Object, java.lang.Object, java.lang.Object, java.lang.Object, int, java.lang.Object)'> (0x00000000c86f3f40) 
thrown [s\src\hotspot\share\interpreter\linkResolver.cpp, line 759]
Event: 123.586 Thread 0x000002bc54d1e560 Exception <a 'java/lang/NoSuchMethodError'{0x00000000c805ed28}: 'java.lang.Object java.lang.invoke.DirectMethodHandle$Holder.invokeStaticInit(java.lang.Object, java.lang.Object, java.lang.Object, java.lang.Object, java.lang.Object)'> (0x00000000c805ed28) 
thrown [s\src\hotspot\share\interpreter\linkResolver.cpp, line 759]
Event: 123.587 Thread 0x000002bc54d1e560 Exception <a 'java/lang/NoSuchMethodError'{0x00000000c8065f40}: 'java.lang.Object java.lang.invoke.Invokers$Holder.invoke_MT(java.lang.Object, java.lang.Object, java.lang.Object, java.lang.Object, java.lang.Object, java.lang.Object)'> (0x00000000c8065f40) 
thrown [s\src\hotspot\share\interpreter\linkResolver.cpp, line 759]
Event: 123.588 Thread 0x000002bc54d1e560 Exception <a 'java/lang/NoSuchMethodError'{0x00000000c806edd8}: 'java.lang.Object java.lang.invoke.Invokers$Holder.invoker(java.lang.Object, java.lang.Object, java.lang.Object)'> (0x00000000c806edd8) 
thrown [s\src\hotspot\share\interpreter\linkResolver.cpp, line 759]
Event: 123.589 Thread 0x000002bc54d1e560 Exception <a 'java/lang/NoSuchMethodError'{0x00000000c8077c68}: 'java.lang.Object java.lang.invoke.Invokers$Holder.invokeExact_MT(java.lang.Object, java.lang.Object, java.lang.Object, java.lang.Object)'> (0x00000000c8077c68) 
thrown [s\src\hotspot\share\interpreter\linkResolver.cpp, line 759]
Event: 237.086 Thread 0x000002bc54d1feb0 Exception <a 'java/lang/InterruptedException'{0x00000000ce500048}> (0x00000000ce500048) 
thrown [s\src\hotspot\share\runtime\objectMonitor.cpp, line 1658]

VM Operations (20 events):
Event: 132.994 Executing VM operation: G1CollectFull done
Event: 132.996 Executing VM operation: G1CollectFull
Event: 133.027 Executing VM operation: G1CollectFull done
Event: 133.069 Executing VM operation: G1CollectFull
Event: 133.098 Executing VM operation: G1CollectFull done
Event: 133.225 Executing VM operation: G1CollectFull
Event: 133.255 Executing VM operation: G1CollectFull done
Event: 133.257 Executing VM operation: G1CollectFull
Event: 133.286 Executing VM operation: G1CollectFull done
Event: 133.516 Executing VM operation: G1CollectFull
Event: 133.545 Executing VM operation: G1CollectFull done
Event: 133.547 Executing VM operation: G1CollectFull
Event: 133.576 Executing VM operation: G1CollectFull done
Event: 133.622 Executing VM operation: G1CollectFull
Event: 133.655 Executing VM operation: G1CollectFull done
Event: 180.288 Executing VM operation: HandshakeAllThreads
Event: 180.288 Executing VM operation: HandshakeAllThreads done
Event: 237.085 Executing VM operation: ThreadDump
Event: 237.085 Executing VM operation: ThreadDump done
Event: 237.086 Executing VM operation: Exit

Events (20 events):
Event: 124.460 loading class java/util/AbstractList$RandomAccessSubList done
Event: 124.460 loading class java/util/ArrayList$ListItr
Event: 124.460 loading class java/util/ArrayList$ListItr done
Event: 129.465 Thread 0x000002bc51ed2570 Thread exited: 0x000002bc51ed2570
Event: 129.465 Thread 0x000002bc51ecdb10 Thread exited: 0x000002bc51ecdb10
Event: 129.465 Thread 0x000002bc51ed2ac0 Thread exited: 0x000002bc51ed2ac0
Event: 132.723 Thread 0x000002bc51ed1580 Thread exited: 0x000002bc51ed1580
Event: 132.725 Thread 0x000002bc778951f0 Thread added: 0x000002bc778951f0
Event: 132.725 Thread 0x000002bc77897c70 Thread added: 0x000002bc77897c70
Event: 137.730 Thread 0x000002bc77897c70 Thread exited: 0x000002bc77897c70
Event: 137.730 Thread 0x000002bc51ed2020 Thread exited: 0x000002bc51ed2020
Event: 137.731 Thread 0x000002bc778951f0 Thread exited: 0x000002bc778951f0
Event: 137.731 Thread 0x000002bc51ed0040 Thread exited: 0x000002bc51ed0040
Event: 142.732 Thread 0x000002bc51ed0ae0 Thread exited: 0x000002bc51ed0ae0
Event: 237.072 loading class jdk/internal/misc/Signal$1
Event: 237.072 loading class jdk/internal/misc/Signal$1 done
Event: 237.072 Thread 0x000002bc79700200 Thread added: 0x000002bc79700200
Event: 237.073 Thread 0x000002bc79706c50 Thread added: 0x000002bc79706c50
Event: 237.086 Thread 0x000002bc54d1feb0 Thread exited: 0x000002bc54d1feb0
Event: 237.086 Thread 0x000002bc79706c50 Thread exited: 0x000002bc79706c50


Dynamic libraries:
0x00007ff6f1ec0000 - 0x00007ff6f1edc000 	C:\Users\SSAFY\AppData\Local\Programs\Python\Python39\python.exe
0x00007fff252f0000 - 0x00007fff254e8000 	C:\WINDOWS\SYSTEM32\ntdll.dll
0x00007fff23fd0000 - 0x00007fff24091000 	C:\WINDOWS\System32\KERNEL32.DLL
0x00007fff23020000 - 0x00007fff2331d000 	C:\WINDOWS\System32\KERNELBASE.dll
0x00007fff22a80000 - 0x00007fff22b80000 	C:\WINDOWS\System32\ucrtbase.dll
0x00007ffeb5d40000 - 0x00007ffeb61bc000 	C:\Users\SSAFY\AppData\Local\Programs\Python\Python39\python39.dll
0x00007fff1a090000 - 0x00007fff1a0ab000 	C:\Users\SSAFY\AppData\Local\Programs\Python\Python39\VCRUNTIME140.dll
0x00007fff240a0000 - 0x00007fff2410b000 	C:\WINDOWS\System32\WS2_32.dll
0x00007fff23d00000 - 0x00007fff23e23000 	C:\WINDOWS\System32\RPCRT4.dll
0x00007fff24110000 - 0x00007fff241c0000 	C:\WINDOWS\System32\ADVAPI32.dll
0x00007fff237f0000 - 0x00007fff2388e000 	C:\WINDOWS\System32\msvcrt.dll
0x00007fff18690000 - 0x00007fff1869a000 	C:\WINDOWS\SYSTEM32\VERSION.dll
0x00007fff23430000 - 0x00007fff234d0000 	C:\WINDOWS\System32\sechost.dll
0x00007fff22a50000 - 0x00007fff22a77000 	C:\WINDOWS\System32\bcrypt.dll
0x00007fff22310000 - 0x00007fff22328000 	C:\WINDOWS\SYSTEM32\CRYPTSP.dll
0x00007fff219d0000 - 0x00007fff21a04000 	C:\WINDOWS\system32\rsaenh.dll
0x00007fff22330000 - 0x00007fff2233c000 	C:\WINDOWS\SYSTEM32\CRYPTBASE.dll
0x00007fff22ea0000 - 0x00007fff22f22000 	C:\WINDOWS\System32\bcryptPrimitives.dll
0x00007fff19fc0000 - 0x00007fff19fcf000 	C:\Users\SSAFY\AppData\Local\Programs\Python\Python39\python3.DLL
0x00007fff19fa0000 - 0x00007fff19fb6000 	C:\Users\SSAFY\AppData\Local\Programs\Python\Python39\DLLs\_socket.pyd
0x00007fff21db0000 - 0x00007fff21deb000 	C:\WINDOWS\SYSTEM32\IPHLPAPI.DLL
0x00007fff19f80000 - 0x00007fff19f8a000 	C:\Users\SSAFY\AppData\Local\Programs\Python\Python39\DLLs\select.pyd
0x00007fff14290000 - 0x00007fff142b7000 	C:\Users\SSAFY\AppData\Local\Programs\Python\Python39\DLLs\_ssl.pyd
0x00007fff22b80000 - 0x00007fff22cde000 	C:\WINDOWS\System32\CRYPT32.dll
0x00007ffefe0d0000 - 0x00007ffefe17d000 	C:\Users\SSAFY\AppData\Local\Programs\Python\Python39\DLLs\libssl-1_1.dll
0x00007ffee0d70000 - 0x00007ffee10c0000 	C:\Users\SSAFY\AppData\Local\Programs\Python\Python39\DLLs\libcrypto-1_1.dll
0x00007fff23970000 - 0x00007fff23b0d000 	C:\WINDOWS\System32\USER32.dll
0x00007fff22e00000 - 0x00007fff22e22000 	C:\WINDOWS\System32\win32u.dll
0x00007fff234e0000 - 0x00007fff2350b000 	C:\WINDOWS\System32\GDI32.dll
0x00007fff22ce0000 - 0x00007fff22df7000 	C:\WINDOWS\System32\gdi32full.dll
0x00007fff22f80000 - 0x00007fff2301d000 	C:\WINDOWS\System32\msvcp_win.dll
0x00007fff23890000 - 0x00007fff238bf000 	C:\WINDOWS\System32\IMM32.DLL
0x00007fff198f0000 - 0x00007fff19902000 	C:\Users\SSAFY\AppData\Local\Programs\Python\Python39\DLLs\_asyncio.pyd
0x00007fff19f70000 - 0x00007fff19f7e000 	C:\Users\SSAFY\AppData\Local\Programs\Python\Python39\DLLs\_overlapped.pyd
0x00007fff22120000 - 0x00007fff2218a000 	C:\WINDOWS\system32\mswsock.dll
0x00007fff09150000 - 0x00007fff09167000 	C:\Users\SSAFY\AppData\Local\Programs\Python\Python39\DLLs\_bz2.pyd
0x00007ffefe9d0000 - 0x00007ffefe9fa000 	C:\Users\SSAFY\AppData\Local\Programs\Python\Python39\DLLs\_lzma.pyd
0x00007fff199d0000 - 0x00007fff199d9000 	C:\Users\SSAFY\AppData\Local\Programs\Python\Python39\DLLs\_queue.pyd
0x00007ffefe0a0000 - 0x00007ffefe0c1000 	C:\Users\SSAFY\AppData\Local\Programs\Python\Python39\DLLs\_ctypes.pyd
0x00007fff236c0000 - 0x00007fff237eb000 	C:\WINDOWS\System32\ole32.dll
0x00007fff241c0000 - 0x00007fff24513000 	C:\WINDOWS\System32\combase.dll
0x00007fff23c20000 - 0x00007fff23ced000 	C:\WINDOWS\System32\OLEAUT32.dll
0x00007fff185b0000 - 0x00007fff185bb000 	C:\Users\SSAFY\AppData\Local\Programs\Python\Python39\DLLs\libffi-7.dll
0x00007fff24520000 - 0x00007fff24c8f000 	C:\WINDOWS\System32\shell32.DLL
0x00007fff172a0000 - 0x00007fff172aa000 	C:\Users\SSAFY\AppData\Local\Programs\Python\Python39\DLLs\_multiprocessing.pyd
0x00007ffefea50000 - 0x00007ffefea62000 	C:\Users\SSAFY\AppData\Local\Programs\Python\Python39\DLLs\_hashlib.pyd
0x00007ffeb5860000 - 0x00007ffeb5d33000 	C:\Users\SSAFY\Desktop\S11P21E205\GT\Pillsoo\venv\lib\site-packages\pydantic_core\_pydantic_core.cp39-win_amd64.pyd
0x00007ffefdf30000 - 0x00007ffefdf73000 	C:\Users\SSAFY\AppData\Local\Programs\Python\Python39\DLLs\_decimal.pyd
0x00007fff17250000 - 0x00007fff1725e000 	C:\Users\SSAFY\AppData\Local\Programs\Python\Python39\DLLs\_zoneinfo.pyd
0x00007fff14aa0000 - 0x00007fff14aa9000 	C:\Users\SSAFY\AppData\Local\Programs\Python\Python39\DLLs\_uuid.pyd
0x00007ffefdea0000 - 0x00007ffefded0000 	C:\Users\SSAFY\Desktop\S11P21E205\GT\Pillsoo\venv\lib\site-packages\sqlalchemy\cyextension\collections.cp39-win_amd64.pyd
0x00007ffefe4e0000 - 0x00007ffefe4f8000 	C:\Users\SSAFY\Desktop\S11P21E205\GT\Pillsoo\venv\lib\site-packages\sqlalchemy\cyextension\immutabledict.cp39-win_amd64.pyd
0x00007ffefdf10000 - 0x00007ffefdf24000 	C:\Users\SSAFY\Desktop\S11P21E205\GT\Pillsoo\venv\lib\site-packages\sqlalchemy\cyextension\processors.cp39-win_amd64.pyd
0x00007ffefde20000 - 0x00007ffefde34000 	C:\Users\SSAFY\Desktop\S11P21E205\GT\Pillsoo\venv\lib\site-packages\sqlalchemy\cyextension\resultproxy.cp39-win_amd64.pyd
0x00007ffefdb70000 - 0x00007ffefdb87000 	C:\Users\SSAFY\Desktop\S11P21E205\GT\Pillsoo\venv\lib\site-packages\sqlalchemy\cyextension\util.cp39-win_amd64.pyd
0x00007ffefd9c0000 - 0x00007ffefd9fa000 	C:\Users\SSAFY\Desktop\S11P21E205\GT\Pillsoo\venv\lib\site-packages\greenlet\_greenlet.cp39-win_amd64.pyd
0x00007ffeb50d0000 - 0x00007ffeb585e000 	C:\Users\SSAFY\Desktop\S11P21E205\GT\Pillsoo\venv\lib\site-packages\cryptography\hazmat\bindings\_rust.pyd
0x00007ffefd980000 - 0x00007ffefd9b2000 	C:\Users\SSAFY\Desktop\S11P21E205\GT\Pillsoo\venv\lib\site-packages\_cffi_backend.cp39-win_amd64.pyd
0x00007fff14740000 - 0x00007fff1474b000 	C:\Users\SSAFY\Desktop\S11P21E205\GT\Pillsoo\venv\lib\site-packages\sklearn\__check_build\_check_build.cp39-win_amd64.pyd
0x00007ffefdb40000 - 0x00007ffefdb70000 	C:\Users\SSAFY\Desktop\S11P21E205\GT\Pillsoo\venv\lib\site-packages\sklearn\.libs\vcomp140.dll
0x00007ffefd7d0000 - 0x00007ffefd85d000 	C:\Users\SSAFY\Desktop\S11P21E205\GT\Pillsoo\venv\lib\site-packages\sklearn\.libs\msvcp140.dll
0x00007fff14280000 - 0x00007fff1428c000 	C:\Users\SSAFY\AppData\Local\Programs\Python\Python39\VCRUNTIME140_1.dll
0x00007ffedda40000 - 0x00007ffeddd18000 	C:\Users\SSAFY\Desktop\S11P21E205\GT\Pillsoo\venv\lib\site-packages\numpy\core\_multiarray_umath.cp39-win_amd64.pyd
0x00007ffe65270000 - 0x00007ffe67326000 	C:\Users\SSAFY\Desktop\S11P21E205\GT\Pillsoo\venv\lib\site-packages\numpy.libs\libopenblas64__v0.3.23-293-gc2f4bdbb-gcc_10_3_0-2bde3a66a51006b2b53eb373ff767a3f.dll
0x00007ffefd7b0000 - 0x00007ffefd7c4000 	C:\Users\SSAFY\Desktop\S11P21E205\GT\Pillsoo\venv\lib\site-packages\numpy\core\_multiarray_tests.cp39-win_amd64.pyd
0x00007ffefd790000 - 0x00007ffefd7ad000 	C:\Users\SSAFY\Desktop\S11P21E205\GT\Pillsoo\venv\lib\site-packages\numpy\linalg\_umath_linalg.cp39-win_amd64.pyd
0x00007ffefd770000 - 0x00007ffefd78e000 	C:\Users\SSAFY\Desktop\S11P21E205\GT\Pillsoo\venv\lib\site-packages\numpy\fft\_pocketfft_internal.cp39-win_amd64.pyd
0x00007ffefd6d0000 - 0x00007ffefd767000 	C:\Users\SSAFY\Desktop\S11P21E205\GT\Pillsoo\venv\lib\site-packages\numpy\random\mtrand.cp39-win_amd64.pyd
0x00007ffefd6a0000 - 0x00007ffefd6cc000 	C:\Users\SSAFY\Desktop\S11P21E205\GT\Pillsoo\venv\lib\site-packages\numpy\random\bit_generator.cp39-win_amd64.pyd
0x00007ffefd670000 - 0x00007ffefd69f000 	C:\Users\SSAFY\Desktop\S11P21E205\GT\Pillsoo\venv\lib\site-packages\numpy\random\_common.cp39-win_amd64.pyd
0x00007ffefa6b0000 - 0x00007ffefa6f4000 	C:\Users\SSAFY\Desktop\S11P21E205\GT\Pillsoo\venv\lib\site-packages\numpy\random\_bounded_integers.cp39-win_amd64.pyd
0x00007ffefd650000 - 0x00007ffefd667000 	C:\Users\SSAFY\Desktop\S11P21E205\GT\Pillsoo\venv\lib\site-packages\numpy\random\_mt19937.cp39-win_amd64.pyd
0x00007ffefd400000 - 0x00007ffefd415000 	C:\Users\SSAFY\Desktop\S11P21E205\GT\Pillsoo\venv\lib\site-packages\numpy\random\_philox.cp39-win_amd64.pyd
0x00007ffefa690000 - 0x00007ffefa6aa000 	C:\Users\SSAFY\Desktop\S11P21E205\GT\Pillsoo\venv\lib\site-packages\numpy\random\_pcg64.cp39-win_amd64.pyd
0x00007fff11ca0000 - 0x00007fff11cb0000 	C:\Users\SSAFY\Desktop\S11P21E205\GT\Pillsoo\venv\lib\site-packages\numpy\random\_sfc64.cp39-win_amd64.pyd
0x00007ffef4520000 - 0x00007ffef45cf000 	C:\Users\SSAFY\Desktop\S11P21E205\GT\Pillsoo\venv\lib\site-packages\numpy\random\_generator.cp39-win_amd64.pyd
0x00007ffefa670000 - 0x00007ffefa684000 	C:\Users\SSAFY\Desktop\S11P21E205\GT\Pillsoo\venv\lib\site-packages\psutil\_psutil_windows.pyd
0x00007fff23cf0000 - 0x00007fff23cf8000 	C:\WINDOWS\System32\PSAPI.DLL
0x00007fff21e40000 - 0x00007fff21e8b000 	C:\WINDOWS\SYSTEM32\POWRPROF.dll
0x00007ffef2c10000 - 0x00007ffef2c63000 	C:\WINDOWS\SYSTEM32\pdh.dll
0x00007fff21d90000 - 0x00007fff21da2000 	C:\WINDOWS\SYSTEM32\UMPDC.dll
0x00007fff18d30000 - 0x00007fff18d44000 	C:\WINDOWS\SYSTEM32\wtsapi32.dll
0x00007ffefa600000 - 0x00007ffefa61d000 	C:\Users\SSAFY\Desktop\S11P21E205\GT\Pillsoo\venv\lib\site-packages\scipy\_lib\_ccallback_c.cp39-win_amd64.pyd
0x00007ffeba410000 - 0x00007ffeba816000 	C:\Users\SSAFY\Desktop\S11P21E205\GT\Pillsoo\venv\lib\site-packages\scipy\sparse\_sparsetools.cp39-win_amd64.pyd
0x00007ffee6e20000 - 0x00007ffee6ee4000 	C:\Users\SSAFY\Desktop\S11P21E205\GT\Pillsoo\venv\lib\site-packages\scipy\sparse\_csparsetools.cp39-win_amd64.pyd
0x00007ffee9c40000 - 0x00007ffee9cd8000 	C:\Users\SSAFY\Desktop\S11P21E205\GT\Pillsoo\venv\lib\site-packages\scipy\linalg\_fblas.cp39-win_amd64.pyd
0x00007ffe926f0000 - 0x00007ffe9479b000 	C:\Users\SSAFY\Desktop\S11P21E205\GT\Pillsoo\venv\lib\site-packages\scipy.libs\libopenblas_v0.3.27--3aa239bc726cfb0bd8e5330d8d4c15c6.dll
0x00007ffeda900000 - 0x00007ffedaad4000 	C:\Users\SSAFY\Desktop\S11P21E205\GT\Pillsoo\venv\lib\site-packages\scipy\linalg\_flapack.cp39-win_amd64.pyd
0x00007ffee5da0000 - 0x00007ffee5e37000 	C:\Users\SSAFY\Desktop\S11P21E205\GT\Pillsoo\venv\lib\site-packages\scipy\linalg\_cythonized_array_utils.cp39-win_amd64.pyd
0x00007ffefa360000 - 0x00007ffefa3e7000 	C:\Users\SSAFY\Desktop\S11P21E205\GT\Pillsoo\venv\lib\site-packages\scipy\linalg\cython_lapack.cp39-win_amd64.pyd
0x00007ffefa5b0000 - 0x00007ffefa5fc000 	C:\Users\SSAFY\Desktop\S11P21E205\GT\Pillsoo\venv\lib\site-packages\scipy\linalg\_solve_toeplitz.cp39-win_amd64.pyd
0x00007ffef44d0000 - 0x00007ffef4515000 	C:\Users\SSAFY\Desktop\S11P21E205\GT\Pillsoo\venv\lib\site-packages\scipy\linalg\_decomp_lu_cython.cp39-win_amd64.pyd
0x00007ffeeb420000 - 0x00007ffeeb466000 	C:\Users\SSAFY\Desktop\S11P21E205\GT\Pillsoo\venv\lib\site-packages\scipy\linalg\_matfuncs_sqrtm_triu.cp39-win_amd64.pyd
0x00007ffeea060000 - 0x00007ffeea0de000 	C:\Users\SSAFY\Desktop\S11P21E205\GT\Pillsoo\venv\lib\site-packages\scipy\linalg\_matfuncs_expm.cp39-win_amd64.pyd
0x00007ffee6420000 - 0x00007ffee646e000 	C:\Users\SSAFY\Desktop\S11P21E205\GT\Pillsoo\venv\lib\site-packages\scipy\linalg\cython_blas.cp39-win_amd64.pyd
0x00007ffee5910000 - 0x00007ffee596a000 	C:\Users\SSAFY\Desktop\S11P21E205\GT\Pillsoo\venv\lib\site-packages\scipy\linalg\_decomp_update.cp39-win_amd64.pyd
0x00007ffee58a0000 - 0x00007ffee590c000 	C:\Users\SSAFY\Desktop\S11P21E205\GT\Pillsoo\venv\lib\site-packages\scipy\sparse\linalg\_dsolve\_superlu.cp39-win_amd64.pyd
0x00007ffee2e40000 - 0x00007ffee2f0b000 	C:\Users\SSAFY\Desktop\S11P21E205\GT\Pillsoo\venv\lib\site-packages\scipy\sparse\linalg\_eigen\arpack\_arpack.cp39-win_amd64.pyd
0x00007ffee5820000 - 0x00007ffee5896000 	C:\Users\SSAFY\Desktop\S11P21E205\GT\Pillsoo\venv\lib\site-packages\scipy\sparse\linalg\_propack\_spropack.cp39-win_amd64.pyd
0x00007ffee2dc0000 - 0x00007ffee2e35000 	C:\Users\SSAFY\Desktop\S11P21E205\GT\Pillsoo\venv\lib\site-packages\scipy\sparse\linalg\_propack\_dpropack.cp39-win_amd64.pyd
0x00007ffee1e00000 - 0x00007ffee1e97000 	C:\Users\SSAFY\Desktop\S11P21E205\GT\Pillsoo\venv\lib\site-packages\scipy\sparse\linalg\_propack\_cpropack.cp39-win_amd64.pyd
0x00007ffee1bf0000 - 0x00007ffee1ca1000 	C:\Users\SSAFY\Desktop\S11P21E205\GT\Pillsoo\venv\lib\site-packages\scipy\sparse\linalg\_propack\_zpropack.cp39-win_amd64.pyd
0x00007ffee20d0000 - 0x00007ffee2146000 	C:\Users\SSAFY\Desktop\S11P21E205\GT\Pillsoo\venv\lib\site-packages\scipy\sparse\csgraph\_shortest_path.cp39-win_amd64.pyd
0x00007ffefa300000 - 0x00007ffefa333000 	C:\Users\SSAFY\Desktop\S11P21E205\GT\Pillsoo\venv\lib\site-packages\scipy\sparse\csgraph\_tools.cp39-win_amd64.pyd
0x00007ffee15f0000 - 0x00007ffee1691000 	C:\Users\SSAFY\Desktop\S11P21E205\GT\Pillsoo\venv\lib\site-packages\scipy\sparse\csgraph\_traversal.cp39-win_amd64.pyd
0x00007ffee4e70000 - 0x00007ffee4eb3000 	C:\Users\SSAFY\Desktop\S11P21E205\GT\Pillsoo\venv\lib\site-packages\scipy\sparse\csgraph\_min_spanning_tree.cp39-win_amd64.pyd
0x00007ffee1740000 - 0x00007ffee1794000 	C:\Users\SSAFY\Desktop\S11P21E205\GT\Pillsoo\venv\lib\site-packages\scipy\sparse\csgraph\_flow.cp39-win_amd64.pyd
0x00007ffee1590000 - 0x00007ffee15e6000 	C:\Users\SSAFY\Desktop\S11P21E205\GT\Pillsoo\venv\lib\site-packages\scipy\sparse\csgraph\_matching.cp39-win_amd64.pyd
0x00007ffee1530000 - 0x00007ffee1583000 	C:\Users\SSAFY\Desktop\S11P21E205\GT\Pillsoo\venv\lib\site-packages\scipy\sparse\csgraph\_reordering.cp39-win_amd64.pyd
0x00007ffedd850000 - 0x00007ffedd9ac000 	C:\Users\SSAFY\Desktop\S11P21E205\GT\Pillsoo\venv\lib\site-packages\scipy\special\_ufuncs.cp39-win_amd64.pyd
0x00007ffeda560000 - 0x00007ffeda6cd000 	C:\Users\SSAFY\Desktop\S11P21E205\GT\Pillsoo\venv\lib\site-packages\scipy\special\_ufuncs_cxx.cp39-win_amd64.pyd
0x00007ffefa2b0000 - 0x00007ffefa2e1000 	C:\Users\SSAFY\Desktop\S11P21E205\GT\Pillsoo\venv\lib\site-packages\scipy\special\_cdflib.cp39-win_amd64.pyd
0x00007ffee0d20000 - 0x00007ffee0d68000 	C:\Users\SSAFY\Desktop\S11P21E205\GT\Pillsoo\venv\lib\site-packages\scipy\special\_specfun.cp39-win_amd64.pyd
0x00007ffefa590000 - 0x00007ffefa5a5000 	C:\Users\SSAFY\Desktop\S11P21E205\GT\Pillsoo\venv\lib\site-packages\scipy\special\_comb.cp39-win_amd64.pyd
0x00007ffef73a0000 - 0x00007ffef73c3000 	C:\Users\SSAFY\Desktop\S11P21E205\GT\Pillsoo\venv\lib\site-packages\scipy\special\_ellip_harm_2.cp39-win_amd64.pyd
0x00007ffeda3b0000 - 0x00007ffeda55a000 	C:\Users\SSAFY\Desktop\S11P21E205\GT\Pillsoo\venv\lib\site-packages\scipy\spatial\_ckdtree.cp39-win_amd64.pyd
0x00007ffeda130000 - 0x00007ffeda240000 	C:\Users\SSAFY\Desktop\S11P21E205\GT\Pillsoo\venv\lib\site-packages\scipy\spatial\_qhull.cp39-win_amd64.pyd
0x00007ffef9bf0000 - 0x00007ffef9c08000 	C:\Users\SSAFY\Desktop\S11P21E205\GT\Pillsoo\venv\lib\site-packages\scipy\_lib\messagestream.cp39-win_amd64.pyd
0x00007ffef4490000 - 0x00007ffef44ce000 	C:\Users\SSAFY\Desktop\S11P21E205\GT\Pillsoo\venv\lib\site-packages\scipy\spatial\_voronoi.cp39-win_amd64.pyd
0x00007ffeeb3f0000 - 0x00007ffeeb413000 	C:\Users\SSAFY\Desktop\S11P21E205\GT\Pillsoo\venv\lib\site-packages\scipy\spatial\_distance_wrap.cp39-win_amd64.pyd
0x00007ffee57e0000 - 0x00007ffee5820000 	C:\Users\SSAFY\Desktop\S11P21E205\GT\Pillsoo\venv\lib\site-packages\scipy\spatial\_hausdorff.cp39-win_amd64.pyd
0x00007ffed9fd0000 - 0x00007ffeda127000 	C:\Users\SSAFY\Desktop\S11P21E205\GT\Pillsoo\venv\lib\site-packages\scipy\spatial\_distance_pybind.cp39-win_amd64.pyd
0x00007ffeda6f0000 - 0x00007ffeda7da000 	C:\Users\SSAFY\Desktop\S11P21E205\GT\Pillsoo\venv\lib\site-packages\scipy\spatial\transform\_rotation.cp39-win_amd64.pyd
0x00007ffee1dc0000 - 0x00007ffee1df2000 	C:\Users\SSAFY\Desktop\S11P21E205\GT\Pillsoo\venv\lib\site-packages\scipy\ndimage\_nd_image.cp39-win_amd64.pyd
0x00007ffee0cb0000 - 0x00007ffee0d19000 	C:\Users\SSAFY\Desktop\S11P21E205\GT\Pillsoo\venv\lib\site-packages\scipy\ndimage\_ni_label.cp39-win_amd64.pyd
0x00007ffef4a30000 - 0x00007ffef4a4b000 	C:\Users\SSAFY\Desktop\S11P21E205\GT\Pillsoo\venv\lib\site-packages\scipy\optimize\_minpack2.cp39-win_amd64.pyd
0x00007ffed9ec0000 - 0x00007ffed9fc2000 	C:\Users\SSAFY\Desktop\S11P21E205\GT\Pillsoo\venv\lib\site-packages\scipy\optimize\_group_columns.cp39-win_amd64.pyd
0x00007ffede850000 - 0x00007ffede8ab000 	C:\Users\SSAFY\Desktop\S11P21E205\GT\Pillsoo\venv\lib\site-packages\scipy\optimize\_trlib\_trlib.cp39-win_amd64.pyd

dbghelp: loaded successfully - version: 4.0.5 - missing functions: none
symbol engine: initialized successfully - sym options: 0x614 - pdb path: .;C:\Users\SSAFY\AppData\Local\Programs\Python\Python39;C:\WINDOWS\SYSTEM32;C:\Users\SSAFY\AppData\Local\Programs\Python\Python39\DLLs;C:\Users\SSAFY\Desktop\S11P21E205\GT\Pillsoo\venv\lib\site-packages\pydantic_core;C:\Users\SSAFY\Desktop\S11P21E205\GT\Pillsoo\venv\lib\site-packages\sqlalchemy\cyextension;C:\Users\SSAFY\Desktop\S11P21E205\GT\Pillsoo\venv\lib\site-packages\greenlet;C:\Users\SSAFY\Desktop\S11P21E205\GT\Pillsoo\venv\lib\site-packages\cryptography\hazmat\bindings;C:\Users\SSAFY\Desktop\S11P21E205\GT\Pillsoo\venv\lib\site-packages;C:\Users\SSAFY\Desktop\S11P21E205\GT\Pillsoo\venv\lib\site-packages\sklearn\__check_build;C:\Users\SSAFY\Desktop\S11P21E205\GT\Pillsoo\venv\lib\site-packages\sklearn\.libs;C:\Users\SSAFY\Desktop\S11P21E205\GT\Pillsoo\venv\lib\site-packages\numpy\core;C:\Users\SSAFY\Desktop\S11P21E205\GT\Pillsoo\venv\lib\site-packages\numpy.libs;C:\Users\SSAFY\Desktop\S11P21E205\GT\Pillsoo\venv\lib\site-packages\numpy\linalg;C:\Users\SSAFY\Desktop\S11P21E205\GT\Pillsoo\venv\lib\site-packages\numpy\fft;C:\Users\SSAFY\Desktop\S11P21E205\GT\Pillsoo\venv\lib\site-packages\numpy\random;C:\Users\SSAFY\Desktop\S11P21E205\GT\Pillsoo\venv\lib\site-packages\psutil;C:\Users\SSAFY\Desktop\S11P21E205\GT\Pillsoo\venv\lib\site-packages\scipy\_lib;C:\Users\SSAFY\Desktop\S11P21E205\GT\Pillsoo\venv\lib\site-packages\scipy\sparse;C:\Users\SSAFY\Desktop\S11P21E205\GT\Pillsoo\venv\lib\site-packages\scipy\linalg;C:\Users\SSAFY\Desktop\S11P21E205\GT\Pillsoo\venv\lib\site-packages\scipy.libs;C:\Users\SSAFY\Desktop\S11P21E205\GT\Pillsoo\venv\lib\site-packages\scipy\sparse\linalg\_dsolve;C:\Users\SSAFY\Desktop\S11P21E205\GT\Pillsoo\venv\lib\site-packages\scipy\sparse\linalg\_eigen\arpack;C:\Users\SSAFY\Desktop\S11P21E205\GT\Pillsoo\venv\lib\site-packages\scipy\sparse\linalg\_propack;C:\Users\SSAFY\Desktop\S11P21E205\GT\Pillsoo\venv\lib\site-packages\scipy\sparse\csgraph;C:\Users\SSAFY\Desktop\S11P21E205\GT\Pillsoo\venv\lib\site-packages\scipy\special;C:\Users\SSAFY\Desktop\S11P21E205\GT\Pillsoo\venv\lib\site-packages\scipy\spatial;C:\Users\SSAFY\Desktop\S11P21E205\GT\Pillsoo\venv\lib\site-packages\scipy\spatial\transform;C:\Users\SSAFY\Desktop\S11P21E205\GT\Pillsoo\venv\lib\site-packages\scipy\ndimage;C:\Users\SSAFY\Desktop\S11P21E205\GT\Pillsoo\venv\lib\site-packages\scipy\optimize;C:\Users\SSAFY\Desktop\S11P21E205\GT\Pillsoo\venv\lib\site-packages\scipy\optimize\_trlib;C:\Users\SSAFY\Desktop\S11P21E205\GT\Pillsoo\venv\lib\site-packages\scipy\optimize\_lsq;C:\Users\SSAFY\Desktop\S11P21E205\GT\Pillsoo\venv\lib\site-packages\scipy\optimize\_highs;C:\Users\SSAFY\Desktop\S11P21E205\GT\Pillsoo\venv\lib\site-packages\scipy\integrate;C:\Users\SSAFY\Desktop\S11P21E205\GT\Pillsoo\venv\lib\site-packages\scipy\stats;C:\Users\SSAFY\Desktop\S11P21E205\GT\Pillsoo\venv\lib\site-packages\scipy\stats\_boost;C:\Users\SSAFY\Desktop\S11P21E205\GT\Pillsoo\venv\lib\site-packages\scipy\interpolate;C:\Users\SSAFY\Desktop\S11P21E205\GT\Pillsoo\venv\lib\site-packages\scipy\stats\_levy_stable;C:\Users\SSAFY\Desktop\S11P21E205\GT\Pillsoo\venv\lib\site-packages\scipy\_lib\_uarray;C:\Users\SSAFY\Desktop\S11P21E205\GT\Pillsoo\venv\lib\site-packages\scipy\fft\_pocketfft;C:\Users\SSAFY\Desktop\S11P21E205\GT\Pillsoo\venv\lib\site-packages\scipy\stats\_rcont;C:\Users\SSAFY\Desktop\S11P21E205\GT\Pillsoo\venv\lib\site-packages\scipy\stats\_unuran;C:\Users\SSAFY\Desktop\S11P21E205\GT\Pillsoo\venv\lib\site-packages\sklearn\utils;C:\Users\SSAFY\Desktop\S11P21E205\GT\Pillsoo\venv\lib\site-packages\sklearn\preprocessing;C:\Users\SSAFY\Desktop\S11P21E205\GT\Pillsoo\venv\lib\site-packages\sklearn\feature_extraction;C:\Users\SSAFY\Desktop\S11P21E205\GT\Pillsoo\venv\lib\site-packages\sklearn\metrics\cluster;C:\Users\SSAFY\Desktop\S11P21E205\GT\Pillsoo\venv\lib\site-packages\sklearn\metrics;C:\Users\SSAFY\Desktop\S11P21E205\GT\Pillsoo\venv\lib\site-packages\sklearn\metrics\_pairwise_distances_reduction;C:\Users\SSAFY\Desktop\S11P21E205\GT\Pillsoo\venv\lib\site-packages\ray;C:\Users\SSAFY\Desktop\S11P21E205\GT\Pillsoo\venv\lib\site-packages\msgpack;C:\Users\SSAFY\Desktop\S11P21E205\GT\Pillsoo\venv\lib\site-packages\google\_upb;C:\Users\SSAFY\Desktop\S11P21E205\GT\Pillsoo\venv\lib\site-packages\ray\thirdparty_files;C:\Users\SSAFY\Desktop\S11P21E205\GT\Pillsoo\venv\lib\site-packages\yaml;C:\Users\SSAFY\Desktop\S11P21E205\GT\Pillsoo\venv\lib\site-packages\charset_normalizer;C:\Users\SSAFY\Desktop\S11P21E205\GT\Pillsoo\venv\lib\site-packages\rpds;C:\WINDOWS\system32\DriverStore\FileRepository\nvsm.inf_amd64_b23d4d460a61bfb1;C:\Program Files\JetBrains\jdk-17.0.11+9\bin\server;C:\Program Files\JetBrains\jdk-17.0.11+9\bin

VM Arguments:
jvm_args: -Dfile.encoding=UTF8 -ea -Xmx1024m 
java_command: <unknown>
java_class_path (initial): C:\Users\SSAFY\Desktop\S11P21E205\GT\Pillsoo\venv\Lib\site-packages\konlpy\java;C:\Users\SSAFY\Desktop\S11P21E205\GT\Pillsoo\venv\Lib\site-packages\konlpy\java\bin;C:\Users\SSAFY\Desktop\S11P21E205\GT\Pillsoo\venv\Lib\site-packages\konlpy\java\aho-corasick.jar;C:\Users\SSAFY\Desktop\S11P21E205\GT\Pillsoo\venv\Lib\site-packages\konlpy\java\jhannanum-0.8.4.jar;C:\Users\SSAFY\Desktop\S11P21E205\GT\Pillsoo\venv\Lib\site-packages\konlpy\java\kkma-2.0.jar;C:\Users\SSAFY\Desktop\S11P21E205\GT\Pillsoo\venv\Lib\site-packages\konlpy\java\komoran-3.0.jar;C:\Users\SSAFY\Desktop\S11P21E205\GT\Pillsoo\venv\Lib\site-packages\konlpy\java\open-korean-text-2.1.0.jar;C:\Users\SSAFY\Desktop\S11P21E205\GT\Pillsoo\venv\Lib\site-packages\konlpy\java\scala-library-2.12.3.jar;C:\Users\SSAFY\Desktop\S11P21E205\GT\Pillsoo\venv\Lib\site-packages\konlpy\java\shineware-common-1.0.jar;C:\Users\SSAFY\Desktop\S11P21E205\GT\Pillsoo\venv\Lib\site-packages\konlpy\java\shineware-ds-1.0.jar;C:\Users\SSAFY\Desktop\S11P21E205\GT\Pillsoo\venv\Lib\site-packages\konlpy\java\snakeyaml-1.12.jar;C:\Users\SSAFY\Desktop\S11P21E205\GT\Pillsoo\venv\Lib\site-packages\konlpy\java\twitter-text-1.14.7.jar;C:\Users\SSAFY\Desktop\S11P21E205\GT\Pillsoo\venv\Lib\site-packages\konlpy\java\jhannanum-0.8.4.jar;C:\Users\SSAFY\Desktop\S11P21E205\GT\Pillsoo\venv\Lib\site-packages\konlpy\java\kkma-2.0.jar;C:\Users\SSAFY\Desktop\S11P21E205\GT\Pillsoo\venv\Lib\site-packages\konlpy\java\aho-corasick.jar;C:\Users\SSAFY\Desktop\S11P21E205\GT\Pillsoo\venv\Lib\site-packages\konlpy\java\shineware-common-1.0.jar;C:\Users\SSAFY\Desktop\S11P21E205\GT\Pillsoo\venv\Lib\site-packages\konlpy\java\shineware-ds-1.0.jar;C:\Users\SSAFY\Desktop\S11P21E205\GT\Pillsoo\venv\Lib\site-packages\konlpy\java\komoran-3.0.jar;C:\Users\SSAFY\Desktop\S11P21E205\GT\Pillsoo\venv\Lib\site-packages\konlpy\java\snakeyaml-1.12.jar;C:\Users\SSAFY\Desktop\S11P21E205\GT\Pillsoo\venv\Lib\site-packages\konlpy\java\scala-library-2.12.3.jar;C:\U
Launcher Type: generic

[Global flags]
     intx CICompilerCount                          = 12                                        {product} {ergonomic}
     uint ConcGCThreads                            = 4                                         {product} {ergonomic}
     uint G1ConcRefinementThreads                  = 15                                        {product} {ergonomic}
   size_t G1HeapRegionSize                         = 1048576                                   {product} {ergonomic}
    uintx GCDrainStackTargetSize                   = 64                                        {product} {ergonomic}
   size_t InitialHeapSize                          = 530579456                                 {product} {ergonomic}
   size_t MarkStackSize                            = 4194304                                   {product} {ergonomic}
   size_t MaxHeapSize                              = 1073741824                                {product} {command line}
   size_t MaxNewSize                               = 643825664                                 {product} {ergonomic}
   size_t MinHeapDeltaBytes                        = 1048576                                   {product} {ergonomic}
   size_t MinHeapSize                              = 8388608                                   {product} {ergonomic}
    uintx NonNMethodCodeHeapSize                   = 7602480                                {pd product} {ergonomic}
    uintx NonProfiledCodeHeapSize                  = 122027880                              {pd product} {ergonomic}
    uintx ProfiledCodeHeapSize                     = 122027880                              {pd product} {ergonomic}
    uintx ReservedCodeCacheSize                    = 251658240                              {pd product} {ergonomic}
     bool SegmentedCodeCache                       = true                                      {product} {ergonomic}
   size_t SoftMaxHeapSize                          = 1073741824                             {manageable} {ergonomic}
     bool UseCompressedClassPointers               = true                           {product lp64_product} {ergonomic}
     bool UseCompressedOops                        = true                           {product lp64_product} {ergonomic}
     bool UseG1GC                                  = true                                      {product} {ergonomic}
     bool UseLargePagesIndividualAllocation        = false                                  {pd product} {ergonomic}

Logging:
Log output configuration:
 #0: stdout all=off uptime,level,tags
 #1: stderr all=off uptime,level,tags

Environment Variables:
JAVA_HOME=C:\Program Files\JetBrains\jdk-17.0.11+9
PATH=C;C:\Users\SSAFY\Desktop\S11P21E205\GT\Pillsoo\venv\Scripts;C:\Users\SSAFY\bin;C:\Program Files\Git\mingw64\bin;C:\Program Files\Git\usr\local\bin;C:\Program Files\Git\usr\bin;C:\Program Files\Git\usr\bin;C:\Program Files\Git\mingw64\bin;C:\Program Files\Git\usr\bin;C:\Users\SSAFY\bin;C:\Windows\system32;C:\Windows;C:\Windows\System32\Wbem;C:\Windows\System32\WindowsPowerShell\v1.0;C:\Windows\System32\OpenSSH;C:\Program Files (x86)\NVIDIA Corporation\PhysX\Common;C:\Program Files\NVIDIA Corporation\NVIDIA NvDLISR;C:\Program Files\Git\cmd;C:\Program Files\JetBrains\jdk-17.0.11+9\bin;C:\Program Files\MySQL\MySQL Server 8.0\bin;C:\Program Files\nodejs;C:\sqlite;C:\WINDOWS\system32;C:\WINDOWS;C:\WINDOWS\System32\Wbem;C:\WINDOWS\System32\WindowsPowerShell\v1.0;C:\WINDOWS\System32\OpenSSH;C:\Program Files\Redis;C:\Program Files (x86)\Microsoft Visual Studio\2022\BuildTools\VC\Tools\MSVC\14.41.34120\bin\Hostx64\x64;C:\Program Files\MySQL\MySQL Shell 8.0\bin;C:\Users\SSAFY\AppData\Local\Programs\Python\Python39\Scripts;C:\Users\SSAFY\AppData\Local\Programs\Python\Python39;C:\Users\SSAFY\AppData\Local\Microsoft\WindowsApps;C:\Program Files\JetBrains\IntelliJ IDEA Community Edition 2024.1.4\bin;C:\Users\SSAFY\AppData\Local\Programs\Microsoft VS Code\bin;C:\Users\SSAFY\AppData\Roaming\npm;C:\Program Files\JetBrains\IntelliJ IDEA 2024.1.4\bin;C:\Program Files\Git\usr\bin\vendor_perl;C:\Program Files\Git\usr\bin\core_perl
USERNAME=SSAFY
SHELL=C:\Program Files\Git\usr\bin\bash.exe
DISPLAY=needs-to-be-defined
LANG=ko_KR.UTF-8
TERM=xterm-256color
TMPDIR=C:\Users\SSAFY\AppData\Local\Temp
OS=Windows_NT
PROCESSOR_IDENTIFIER=Intel64 Family 6 Model 186 Stepping 2, GenuineIntel
TMP=C:\Users\SSAFY\AppData\Local\Temp
TEMP=C:\Users\SSAFY\AppData\Local\Temp



Periodic native trim disabled


---------------  S Y S T E M  ---------------

OS:
 Windows 10 , 64 bit Build 19041 (10.0.19041.4717)
OS uptime: 0 days 7:03 hours

CPU: total 20 (initial active 20) (10 cores per cpu, 2 threads per core) family 6 model 186 stepping 2 microcode 0x410e, cx8, cmov, fxsr, ht, mmx, 3dnowpref, sse, sse2, sse3, ssse3, sse4.1, sse4.2, popcnt, lzcnt, tsc, tscinvbit, avx, avx2, aes, erms, clmul, bmi1, bmi2, adx, sha, fma, vzeroupper, clflush, clflushopt, clwb
Processor Information for processor 0
  Max Mhz: 2400, Current Mhz: 2400, Mhz Limit: 2400
Processor Information for processor 1
  Max Mhz: 2400, Current Mhz: 2400, Mhz Limit: 2400
Processor Information for processor 2
  Max Mhz: 2400, Current Mhz: 2400, Mhz Limit: 2400
Processor Information for processor 3
  Max Mhz: 2400, Current Mhz: 2400, Mhz Limit: 2400
Processor Information for processor 4
  Max Mhz: 2400, Current Mhz: 2400, Mhz Limit: 2400
Processor Information for processor 5
  Max Mhz: 2400, Current Mhz: 2400, Mhz Limit: 2400
Processor Information for processor 6
  Max Mhz: 2400, Current Mhz: 2400, Mhz Limit: 2400
Processor Information for processor 7
  Max Mhz: 2400, Current Mhz: 2400, Mhz Limit: 2400
Processor Information for processor 8
  Max Mhz: 2400, Current Mhz: 2400, Mhz Limit: 2400
Processor Information for processor 9
  Max Mhz: 2400, Current Mhz: 2400, Mhz Limit: 2400
Processor Information for processor 10
  Max Mhz: 2400, Current Mhz: 2400, Mhz Limit: 2400
Processor Information for processor 11
  Max Mhz: 2400, Current Mhz: 2400, Mhz Limit: 2400
Processor Information for processor 12
  Max Mhz: 2400, Current Mhz: 1800, Mhz Limit: 1800
Processor Information for processor 13
  Max Mhz: 2400, Current Mhz: 1800, Mhz Limit: 1800
Processor Information for processor 14
  Max Mhz: 2400, Current Mhz: 1800, Mhz Limit: 1800
Processor Information for processor 15
  Max Mhz: 2400, Current Mhz: 1800, Mhz Limit: 1800
Processor Information for processor 16
  Max Mhz: 2400, Current Mhz: 1800, Mhz Limit: 1800
Processor Information for processor 17
  Max Mhz: 2400, Current Mhz: 1800, Mhz Limit: 1800
Processor Information for processor 18
  Max Mhz: 2400, Current Mhz: 1800, Mhz Limit: 1800
Processor Information for processor 19
  Max Mhz: 2400, Current Mhz: 1800, Mhz Limit: 1800

Memory: 4k page, system-wide physical 32315M (17551M free)
TotalPageFile size 37179M (AvailPageFile size 11522M)
current process WorkingSet (physical memory assigned to process): 632M, peak: 666M
current process commit charge ("private bytes"): 1826M, peak: 2024M

vm_info: OpenJDK 64-Bit Server VM (17.0.11+9) for windows-amd64 JRE (17.0.11+9), built on Apr 17 2024 06:07:48 by "admin" with MS VC++ 16.10 / 16.11 (VS2019)

END.
